Loading bert model.
Loading bert model.
Input Shape: torch.Size([1, 1]) - Time: 0.2543136986000036
Total Runtime: 3.9282066822052
Input Shape: torch.Size([1, 2]) - Time: 0.4633729163999988
Total Runtime: 6.6591408252716064
Input Shape: torch.Size([1, 4]) - Time: 0.8844978448999996
Total Runtime: 12.594908237457275
Input Shape: torch.Size([1, 8]) - Time: 1.7068833891999986
Total Runtime: 24.029545068740845
Input Shape: torch.Size([1, 16]) - Time: 3.3345542153
Total Runtime: 46.788994789123535
Input Shape: torch.Size([1, 32]) - Time: 6.5882916722000004
Total Runtime: 92.29087996482849
Input Shape: torch.Size([1, 64]) - Time: 13.353170525399998
Total Runtime: 186.87841773033142
Loading bert model.
Loading roberta model.
Loading deberta model.
Loading distilbert model.
Loading funnel_transformer model.
Loading albert model.
Loading longformer model.
Loading bert model.
Loading longformer model.
Loading bert model.
Loading longformer model.
Loading mobile_bert model.
Loading squeeze_bert model.
Loading bert model.
Loading bert model.
Loading bert model.
Loading roberta model.
Loading bert model.
