Loading bert model from bert-base-uncased
Loading bert model from bert-base-uncased
Total Runtime: 0.13960981369018555
Total Runtime: 0.13960981369018555
Total Runtime: 0.14198946952819824
Total Runtime: 0.14198946952819824
Total Runtime: 0.1711406707763672
Total Runtime: 0.1711406707763672
Total Runtime: 0.2462778091430664
Total Runtime: 0.2462778091430664
Total Runtime: 0.4265758991241455
Total Runtime: 0.4265758991241455
Total Runtime: 0.4483518600463867
Total Runtime: 0.4483518600463867
Total Runtime: 0.6433446407318115
Total Runtime: 0.6433446407318115
Loading roberta model from roberta-base
Loading roberta model from roberta-base
Loading roberta model from roberta-base
Loading roberta model from roberta-base
Total Runtime: 0.1965944766998291
Total Runtime: 0.1965944766998291
Total Runtime: 0.1965944766998291
Total Runtime: 0.1965944766998291
Total Runtime: 0.1950206756591797
Total Runtime: 0.1950206756591797
Total Runtime: 0.1950206756591797
Total Runtime: 0.1950206756591797
Total Runtime: 0.20526790618896484
Total Runtime: 0.20526790618896484
Total Runtime: 0.20526790618896484
Total Runtime: 0.20526790618896484
Total Runtime: 0.28649449348449707
Total Runtime: 0.28649449348449707
Total Runtime: 0.28649449348449707
Total Runtime: 0.28649449348449707
Total Runtime: 0.3978133201599121
Total Runtime: 0.3978133201599121
Total Runtime: 0.3978133201599121
Total Runtime: 0.3978133201599121
Total Runtime: 0.3161201477050781
Total Runtime: 0.3161201477050781
Total Runtime: 0.3161201477050781
Total Runtime: 0.3161201477050781
Total Runtime: 0.6885356903076172
Total Runtime: 0.6885356903076172
Total Runtime: 0.6885356903076172
Total Runtime: 0.6885356903076172
Loading deberta model from microsoft/deberta-base
Loading deberta model from microsoft/deberta-base
Loading deberta model from microsoft/deberta-base
Loading deberta model from microsoft/deberta-base
Loading deberta model from microsoft/deberta-base
Loading deberta model from microsoft/deberta-base
Total Runtime: 0.23199248313903809
Total Runtime: 0.23199248313903809
Total Runtime: 0.23199248313903809
Total Runtime: 0.23199248313903809
Total Runtime: 0.23199248313903809
Total Runtime: 0.23199248313903809
Total Runtime: 0.25415778160095215
Total Runtime: 0.25415778160095215
Total Runtime: 0.25415778160095215
Total Runtime: 0.25415778160095215
Total Runtime: 0.25415778160095215
Total Runtime: 0.25415778160095215
Total Runtime: 0.287550687789917
Total Runtime: 0.287550687789917
Total Runtime: 0.287550687789917
Total Runtime: 0.287550687789917
Total Runtime: 0.287550687789917
Total Runtime: 0.287550687789917
Total Runtime: 0.4092402458190918
Total Runtime: 0.4092402458190918
Total Runtime: 0.4092402458190918
Total Runtime: 0.4092402458190918
Total Runtime: 0.4092402458190918
Total Runtime: 0.4092402458190918
Total Runtime: 0.36401915550231934
Total Runtime: 0.36401915550231934
Total Runtime: 0.36401915550231934
Total Runtime: 0.36401915550231934
Total Runtime: 0.36401915550231934
Total Runtime: 0.36401915550231934
Total Runtime: 0.5064258575439453
Total Runtime: 0.5064258575439453
Total Runtime: 0.5064258575439453
Total Runtime: 0.5064258575439453
Total Runtime: 0.5064258575439453
Total Runtime: 0.5064258575439453
Total Runtime: 1.3208999633789062
Total Runtime: 1.3208999633789062
Total Runtime: 1.3208999633789062
Total Runtime: 1.3208999633789062
Total Runtime: 1.3208999633789062
Total Runtime: 1.3208999633789062
Loading distilbert model from distilbert-base-uncased
Loading distilbert model from distilbert-base-uncased
Loading distilbert model from distilbert-base-uncased
Loading distilbert model from distilbert-base-uncased
Loading distilbert model from distilbert-base-uncased
Loading distilbert model from distilbert-base-uncased
Loading distilbert model from distilbert-base-uncased
Loading distilbert model from distilbert-base-uncased
Total Runtime: 0.2128739356994629
Total Runtime: 0.2128739356994629
Total Runtime: 0.2128739356994629
Total Runtime: 0.2128739356994629
Total Runtime: 0.2128739356994629
Total Runtime: 0.2128739356994629
Total Runtime: 0.2128739356994629
Total Runtime: 0.2128739356994629
Total Runtime: 0.20765423774719238
Total Runtime: 0.20765423774719238
Total Runtime: 0.20765423774719238
Total Runtime: 0.20765423774719238
Total Runtime: 0.20765423774719238
Total Runtime: 0.20765423774719238
Total Runtime: 0.20765423774719238
Total Runtime: 0.20765423774719238
Total Runtime: 0.17268586158752441
Total Runtime: 0.17268586158752441
Total Runtime: 0.17268586158752441
Total Runtime: 0.17268586158752441
Total Runtime: 0.17268586158752441
Total Runtime: 0.17268586158752441
Total Runtime: 0.17268586158752441
Total Runtime: 0.17268586158752441
Total Runtime: 0.2045879364013672
Total Runtime: 0.2045879364013672
Total Runtime: 0.2045879364013672
Total Runtime: 0.2045879364013672
Total Runtime: 0.2045879364013672
Total Runtime: 0.2045879364013672
Total Runtime: 0.2045879364013672
Total Runtime: 0.2045879364013672
Total Runtime: 0.29539036750793457
Total Runtime: 0.29539036750793457
Total Runtime: 0.29539036750793457
Total Runtime: 0.29539036750793457
Total Runtime: 0.29539036750793457
Total Runtime: 0.29539036750793457
Total Runtime: 0.29539036750793457
Total Runtime: 0.29539036750793457
Total Runtime: 0.4819326400756836
Total Runtime: 0.4819326400756836
Total Runtime: 0.4819326400756836
Total Runtime: 0.4819326400756836
Total Runtime: 0.4819326400756836
Total Runtime: 0.4819326400756836
Total Runtime: 0.4819326400756836
Total Runtime: 0.4819326400756836
Total Runtime: 0.3550083637237549
Total Runtime: 0.3550083637237549
Total Runtime: 0.3550083637237549
Total Runtime: 0.3550083637237549
Total Runtime: 0.3550083637237549
Total Runtime: 0.3550083637237549
Total Runtime: 0.3550083637237549
Total Runtime: 0.3550083637237549
Loading ibert model from kssteven/ibert-roberta-base
Loading ibert model from kssteven/ibert-roberta-base
Loading ibert model from kssteven/ibert-roberta-base
Loading ibert model from kssteven/ibert-roberta-base
Loading ibert model from kssteven/ibert-roberta-base
Loading ibert model from kssteven/ibert-roberta-base
Loading ibert model from kssteven/ibert-roberta-base
Loading ibert model from kssteven/ibert-roberta-base
Loading ibert model from kssteven/ibert-roberta-base
Loading ibert model from kssteven/ibert-roberta-base
Total Runtime: 0.24601030349731445
Total Runtime: 0.24601030349731445
Total Runtime: 0.24601030349731445
Total Runtime: 0.24601030349731445
Total Runtime: 0.24601030349731445
Total Runtime: 0.24601030349731445
Total Runtime: 0.24601030349731445
Total Runtime: 0.24601030349731445
Total Runtime: 0.24601030349731445
Total Runtime: 0.24601030349731445
Total Runtime: 0.23895597457885742
Total Runtime: 0.23895597457885742
Total Runtime: 0.23895597457885742
Total Runtime: 0.23895597457885742
Total Runtime: 0.23895597457885742
Total Runtime: 0.23895597457885742
Total Runtime: 0.23895597457885742
Total Runtime: 0.23895597457885742
Total Runtime: 0.23895597457885742
Total Runtime: 0.23895597457885742
Total Runtime: 0.28740406036376953
Total Runtime: 0.28740406036376953
Total Runtime: 0.28740406036376953
Total Runtime: 0.28740406036376953
Total Runtime: 0.28740406036376953
Total Runtime: 0.28740406036376953
Total Runtime: 0.28740406036376953
Total Runtime: 0.28740406036376953
Total Runtime: 0.28740406036376953
Total Runtime: 0.28740406036376953
Total Runtime: 0.3277559280395508
Total Runtime: 0.3277559280395508
Total Runtime: 0.3277559280395508
Total Runtime: 0.3277559280395508
Total Runtime: 0.3277559280395508
Total Runtime: 0.3277559280395508
Total Runtime: 0.3277559280395508
Total Runtime: 0.3277559280395508
Total Runtime: 0.3277559280395508
Total Runtime: 0.3277559280395508
Total Runtime: 0.4623997211456299
Total Runtime: 0.4623997211456299
Total Runtime: 0.4623997211456299
Total Runtime: 0.4623997211456299
Total Runtime: 0.4623997211456299
Total Runtime: 0.4623997211456299
Total Runtime: 0.4623997211456299
Total Runtime: 0.4623997211456299
Total Runtime: 0.4623997211456299
Total Runtime: 0.4623997211456299
Total Runtime: 0.3677806854248047
Total Runtime: 0.3677806854248047
Total Runtime: 0.3677806854248047
Total Runtime: 0.3677806854248047
Total Runtime: 0.3677806854248047
Total Runtime: 0.3677806854248047
Total Runtime: 0.3677806854248047
Total Runtime: 0.3677806854248047
Total Runtime: 0.3677806854248047
Total Runtime: 0.3677806854248047
Total Runtime: 0.7216677665710449
Total Runtime: 0.7216677665710449
Total Runtime: 0.7216677665710449
Total Runtime: 0.7216677665710449
Total Runtime: 0.7216677665710449
Total Runtime: 0.7216677665710449
Total Runtime: 0.7216677665710449
Total Runtime: 0.7216677665710449
Total Runtime: 0.7216677665710449
Total Runtime: 0.7216677665710449
Loading albert model from albert-base-v2
Loading albert model from albert-base-v2
Loading albert model from albert-base-v2
Loading albert model from albert-base-v2
Loading albert model from albert-base-v2
Loading albert model from albert-base-v2
Loading albert model from albert-base-v2
Loading albert model from albert-base-v2
Loading albert model from albert-base-v2
Loading albert model from albert-base-v2
Loading albert model from albert-base-v2
Loading albert model from albert-base-v2
Total Runtime: 0.1826019287109375
Total Runtime: 0.1826019287109375
Total Runtime: 0.1826019287109375
Total Runtime: 0.1826019287109375
Total Runtime: 0.1826019287109375
Total Runtime: 0.1826019287109375
Total Runtime: 0.1826019287109375
Total Runtime: 0.1826019287109375
Total Runtime: 0.1826019287109375
Total Runtime: 0.1826019287109375
Total Runtime: 0.1826019287109375
Total Runtime: 0.1826019287109375
Total Runtime: 0.1793079376220703
Total Runtime: 0.1793079376220703
Total Runtime: 0.1793079376220703
Total Runtime: 0.1793079376220703
Total Runtime: 0.1793079376220703
Total Runtime: 0.1793079376220703
Total Runtime: 0.1793079376220703
Total Runtime: 0.1793079376220703
Total Runtime: 0.1793079376220703
Total Runtime: 0.1793079376220703
Total Runtime: 0.1793079376220703
Total Runtime: 0.1793079376220703
Total Runtime: 0.25199365615844727
Total Runtime: 0.25199365615844727
Total Runtime: 0.25199365615844727
Total Runtime: 0.25199365615844727
Total Runtime: 0.25199365615844727
Total Runtime: 0.25199365615844727
Total Runtime: 0.25199365615844727
Total Runtime: 0.25199365615844727
Total Runtime: 0.25199365615844727
Total Runtime: 0.25199365615844727
Total Runtime: 0.25199365615844727
Total Runtime: 0.25199365615844727
Total Runtime: 0.31630444526672363
Total Runtime: 0.31630444526672363
Total Runtime: 0.31630444526672363
Total Runtime: 0.31630444526672363
Total Runtime: 0.31630444526672363
Total Runtime: 0.31630444526672363
Total Runtime: 0.31630444526672363
Total Runtime: 0.31630444526672363
Total Runtime: 0.31630444526672363
Total Runtime: 0.31630444526672363
Total Runtime: 0.31630444526672363
Total Runtime: 0.31630444526672363
Total Runtime: 0.2461843490600586
Total Runtime: 0.2461843490600586
Total Runtime: 0.2461843490600586
Total Runtime: 0.2461843490600586
Total Runtime: 0.2461843490600586
Total Runtime: 0.2461843490600586
Total Runtime: 0.2461843490600586
Total Runtime: 0.2461843490600586
Total Runtime: 0.2461843490600586
Total Runtime: 0.2461843490600586
Total Runtime: 0.2461843490600586
Total Runtime: 0.2461843490600586
Total Runtime: 0.4403693675994873
Total Runtime: 0.4403693675994873
Total Runtime: 0.4403693675994873
Total Runtime: 0.4403693675994873
Total Runtime: 0.4403693675994873
Total Runtime: 0.4403693675994873
Total Runtime: 0.4403693675994873
Total Runtime: 0.4403693675994873
Total Runtime: 0.4403693675994873
Total Runtime: 0.4403693675994873
Total Runtime: 0.4403693675994873
Total Runtime: 0.4403693675994873
Total Runtime: 0.7920241355895996
Total Runtime: 0.7920241355895996
Total Runtime: 0.7920241355895996
Total Runtime: 0.7920241355895996
Total Runtime: 0.7920241355895996
Total Runtime: 0.7920241355895996
Total Runtime: 0.7920241355895996
Total Runtime: 0.7920241355895996
Total Runtime: 0.7920241355895996
Total Runtime: 0.7920241355895996
Total Runtime: 0.7920241355895996
Total Runtime: 0.7920241355895996
Loading longformer model from allenai/longformer-base-4096
Loading longformer model from allenai/longformer-base-4096
Loading longformer model from allenai/longformer-base-4096
Loading longformer model from allenai/longformer-base-4096
Loading longformer model from allenai/longformer-base-4096
Loading longformer model from allenai/longformer-base-4096
Loading longformer model from allenai/longformer-base-4096
Loading longformer model from allenai/longformer-base-4096
Loading longformer model from allenai/longformer-base-4096
Loading longformer model from allenai/longformer-base-4096
Loading longformer model from allenai/longformer-base-4096
Loading longformer model from allenai/longformer-base-4096
Loading longformer model from allenai/longformer-base-4096
Loading longformer model from allenai/longformer-base-4096
Total Runtime: 0.8355481624603271
Total Runtime: 0.8355481624603271
Total Runtime: 0.8355481624603271
Total Runtime: 0.8355481624603271
Total Runtime: 0.8355481624603271
Total Runtime: 0.8355481624603271
Total Runtime: 0.8355481624603271
Total Runtime: 0.8355481624603271
Total Runtime: 0.8355481624603271
Total Runtime: 0.8355481624603271
Total Runtime: 0.8355481624603271
Total Runtime: 0.8355481624603271
Total Runtime: 0.8355481624603271
Total Runtime: 0.8355481624603271
Total Runtime: 1.0448582172393799
Total Runtime: 1.0448582172393799
Total Runtime: 1.0448582172393799
Total Runtime: 1.0448582172393799
Total Runtime: 1.0448582172393799
Total Runtime: 1.0448582172393799
Total Runtime: 1.0448582172393799
Total Runtime: 1.0448582172393799
Total Runtime: 1.0448582172393799
Total Runtime: 1.0448582172393799
Total Runtime: 1.0448582172393799
Total Runtime: 1.0448582172393799
Total Runtime: 1.0448582172393799
Total Runtime: 1.0448582172393799
Total Runtime: 0.9877350330352783
Total Runtime: 0.9877350330352783
Total Runtime: 0.9877350330352783
Total Runtime: 0.9877350330352783
Total Runtime: 0.9877350330352783
Total Runtime: 0.9877350330352783
Total Runtime: 0.9877350330352783
Total Runtime: 0.9877350330352783
Total Runtime: 0.9877350330352783
Total Runtime: 0.9877350330352783
Total Runtime: 0.9877350330352783
Total Runtime: 0.9877350330352783
Total Runtime: 0.9877350330352783
Total Runtime: 0.9877350330352783
Total Runtime: 0.9349539279937744
Total Runtime: 0.9349539279937744
Total Runtime: 0.9349539279937744
Total Runtime: 0.9349539279937744
Total Runtime: 0.9349539279937744
Total Runtime: 0.9349539279937744
Total Runtime: 0.9349539279937744
Total Runtime: 0.9349539279937744
Total Runtime: 0.9349539279937744
Total Runtime: 0.9349539279937744
Total Runtime: 0.9349539279937744
Total Runtime: 0.9349539279937744
Total Runtime: 0.9349539279937744
Total Runtime: 0.9349539279937744
Total Runtime: 0.9302332401275635
Total Runtime: 0.9302332401275635
Total Runtime: 0.9302332401275635
Total Runtime: 0.9302332401275635
Total Runtime: 0.9302332401275635
Total Runtime: 0.9302332401275635
Total Runtime: 0.9302332401275635
Total Runtime: 0.9302332401275635
Total Runtime: 0.9302332401275635
Total Runtime: 0.9302332401275635
Total Runtime: 0.9302332401275635
Total Runtime: 0.9302332401275635
Total Runtime: 0.9302332401275635
Total Runtime: 0.9302332401275635
Total Runtime: 0.9877743721008301
Total Runtime: 0.9877743721008301
Total Runtime: 0.9877743721008301
Total Runtime: 0.9877743721008301
Total Runtime: 0.9877743721008301
Total Runtime: 0.9877743721008301
Total Runtime: 0.9877743721008301
Total Runtime: 0.9877743721008301
Total Runtime: 0.9877743721008301
Total Runtime: 0.9877743721008301
Total Runtime: 0.9877743721008301
Total Runtime: 0.9877743721008301
Total Runtime: 0.9877743721008301
Total Runtime: 0.9877743721008301
Total Runtime: 0.9369738101959229
Total Runtime: 0.9369738101959229
Total Runtime: 0.9369738101959229
Total Runtime: 0.9369738101959229
Total Runtime: 0.9369738101959229
Total Runtime: 0.9369738101959229
Total Runtime: 0.9369738101959229
Total Runtime: 0.9369738101959229
Total Runtime: 0.9369738101959229
Total Runtime: 0.9369738101959229
Total Runtime: 0.9369738101959229
Total Runtime: 0.9369738101959229
Total Runtime: 0.9369738101959229
Total Runtime: 0.9369738101959229
Loading mobile_bert model from google/mobilebert-uncased
Loading mobile_bert model from google/mobilebert-uncased
Loading mobile_bert model from google/mobilebert-uncased
Loading mobile_bert model from google/mobilebert-uncased
Loading mobile_bert model from google/mobilebert-uncased
Loading mobile_bert model from google/mobilebert-uncased
Loading mobile_bert model from google/mobilebert-uncased
Loading mobile_bert model from google/mobilebert-uncased
Loading mobile_bert model from google/mobilebert-uncased
Loading mobile_bert model from google/mobilebert-uncased
Loading mobile_bert model from google/mobilebert-uncased
Loading mobile_bert model from google/mobilebert-uncased
Loading mobile_bert model from google/mobilebert-uncased
Loading mobile_bert model from google/mobilebert-uncased
Loading mobile_bert model from google/mobilebert-uncased
Loading mobile_bert model from google/mobilebert-uncased
Total Runtime: 0.18056869506835938
Total Runtime: 0.18056869506835938
Total Runtime: 0.18056869506835938
Total Runtime: 0.18056869506835938
Total Runtime: 0.18056869506835938
Total Runtime: 0.18056869506835938
Total Runtime: 0.18056869506835938
Total Runtime: 0.18056869506835938
Total Runtime: 0.18056869506835938
Total Runtime: 0.18056869506835938
Total Runtime: 0.18056869506835938
Total Runtime: 0.18056869506835938
Total Runtime: 0.18056869506835938
Total Runtime: 0.18056869506835938
Total Runtime: 0.18056869506835938
Total Runtime: 0.18056869506835938
Total Runtime: 0.18195891380310059
Total Runtime: 0.18195891380310059
Total Runtime: 0.18195891380310059
Total Runtime: 0.18195891380310059
Total Runtime: 0.18195891380310059
Total Runtime: 0.18195891380310059
Total Runtime: 0.18195891380310059
Total Runtime: 0.18195891380310059
Total Runtime: 0.18195891380310059
Total Runtime: 0.18195891380310059
Total Runtime: 0.18195891380310059
Total Runtime: 0.18195891380310059
Total Runtime: 0.18195891380310059
Total Runtime: 0.18195891380310059
Total Runtime: 0.18195891380310059
Total Runtime: 0.18195891380310059
Total Runtime: 0.19692277908325195
Total Runtime: 0.19692277908325195
Total Runtime: 0.19692277908325195
Total Runtime: 0.19692277908325195
Total Runtime: 0.19692277908325195
Total Runtime: 0.19692277908325195
Total Runtime: 0.19692277908325195
Total Runtime: 0.19692277908325195
Total Runtime: 0.19692277908325195
Total Runtime: 0.19692277908325195
Total Runtime: 0.19692277908325195
Total Runtime: 0.19692277908325195
Total Runtime: 0.19692277908325195
Total Runtime: 0.19692277908325195
Total Runtime: 0.19692277908325195
Total Runtime: 0.19692277908325195
Total Runtime: 0.22150492668151855
Total Runtime: 0.22150492668151855
Total Runtime: 0.22150492668151855
Total Runtime: 0.22150492668151855
Total Runtime: 0.22150492668151855
Total Runtime: 0.22150492668151855
Total Runtime: 0.22150492668151855
Total Runtime: 0.22150492668151855
Total Runtime: 0.22150492668151855
Total Runtime: 0.22150492668151855
Total Runtime: 0.22150492668151855
Total Runtime: 0.22150492668151855
Total Runtime: 0.22150492668151855
Total Runtime: 0.22150492668151855
Total Runtime: 0.22150492668151855
Total Runtime: 0.22150492668151855
Total Runtime: 0.2993044853210449
Total Runtime: 0.2993044853210449
Total Runtime: 0.2993044853210449
Total Runtime: 0.2993044853210449
Total Runtime: 0.2993044853210449
Total Runtime: 0.2993044853210449
Total Runtime: 0.2993044853210449
Total Runtime: 0.2993044853210449
Total Runtime: 0.2993044853210449
Total Runtime: 0.2993044853210449
Total Runtime: 0.2993044853210449
Total Runtime: 0.2993044853210449
Total Runtime: 0.2993044853210449
Total Runtime: 0.2993044853210449
Total Runtime: 0.2993044853210449
Total Runtime: 0.2993044853210449
Total Runtime: 0.4515562057495117
Total Runtime: 0.4515562057495117
Total Runtime: 0.4515562057495117
Total Runtime: 0.4515562057495117
Total Runtime: 0.4515562057495117
Total Runtime: 0.4515562057495117
Total Runtime: 0.4515562057495117
Total Runtime: 0.4515562057495117
Total Runtime: 0.4515562057495117
Total Runtime: 0.4515562057495117
Total Runtime: 0.4515562057495117
Total Runtime: 0.4515562057495117
Total Runtime: 0.4515562057495117
Total Runtime: 0.4515562057495117
Total Runtime: 0.4515562057495117
Total Runtime: 0.4515562057495117
Total Runtime: 0.324310302734375
Total Runtime: 0.324310302734375
Total Runtime: 0.324310302734375
Total Runtime: 0.324310302734375
Total Runtime: 0.324310302734375
Total Runtime: 0.324310302734375
Total Runtime: 0.324310302734375
Total Runtime: 0.324310302734375
Total Runtime: 0.324310302734375
Total Runtime: 0.324310302734375
Total Runtime: 0.324310302734375
Total Runtime: 0.324310302734375
Total Runtime: 0.324310302734375
Total Runtime: 0.324310302734375
Total Runtime: 0.324310302734375
Total Runtime: 0.324310302734375
Loading reformer model from google/reformer-enwik8
Loading reformer model from google/reformer-enwik8
Loading reformer model from google/reformer-enwik8
Loading reformer model from google/reformer-enwik8
Loading reformer model from google/reformer-enwik8
Loading reformer model from google/reformer-enwik8
Loading reformer model from google/reformer-enwik8
Loading reformer model from google/reformer-enwik8
Loading reformer model from google/reformer-enwik8
Loading reformer model from google/reformer-enwik8
Loading reformer model from google/reformer-enwik8
Loading reformer model from google/reformer-enwik8
Loading reformer model from google/reformer-enwik8
Loading reformer model from google/reformer-enwik8
Loading reformer model from google/reformer-enwik8
Loading reformer model from google/reformer-enwik8
Loading reformer model from google/reformer-enwik8
Loading reformer model from google/reformer-enwik8
Total Runtime: 0.2901153564453125
Total Runtime: 0.2901153564453125
Total Runtime: 0.2901153564453125
Total Runtime: 0.2901153564453125
Total Runtime: 0.2901153564453125
Total Runtime: 0.2901153564453125
Total Runtime: 0.2901153564453125
Total Runtime: 0.2901153564453125
Total Runtime: 0.2901153564453125
Total Runtime: 0.2901153564453125
Total Runtime: 0.2901153564453125
Total Runtime: 0.2901153564453125
Total Runtime: 0.2901153564453125
Total Runtime: 0.2901153564453125
Total Runtime: 0.2901153564453125
Total Runtime: 0.2901153564453125
Total Runtime: 0.2901153564453125
Total Runtime: 0.2901153564453125
Total Runtime: 0.2856297492980957
Total Runtime: 0.2856297492980957
Total Runtime: 0.2856297492980957
Total Runtime: 0.2856297492980957
Total Runtime: 0.2856297492980957
Total Runtime: 0.2856297492980957
Total Runtime: 0.2856297492980957
Total Runtime: 0.2856297492980957
Total Runtime: 0.2856297492980957
Total Runtime: 0.2856297492980957
Total Runtime: 0.2856297492980957
Total Runtime: 0.2856297492980957
Total Runtime: 0.2856297492980957
Total Runtime: 0.2856297492980957
Total Runtime: 0.2856297492980957
Total Runtime: 0.2856297492980957
Total Runtime: 0.2856297492980957
Total Runtime: 0.2856297492980957
Total Runtime: 0.33229565620422363
Total Runtime: 0.33229565620422363
Total Runtime: 0.33229565620422363
Total Runtime: 0.33229565620422363
Total Runtime: 0.33229565620422363
Total Runtime: 0.33229565620422363
Total Runtime: 0.33229565620422363
Total Runtime: 0.33229565620422363
Total Runtime: 0.33229565620422363
Total Runtime: 0.33229565620422363
Total Runtime: 0.33229565620422363
Total Runtime: 0.33229565620422363
Total Runtime: 0.33229565620422363
Total Runtime: 0.33229565620422363
Total Runtime: 0.33229565620422363
Total Runtime: 0.33229565620422363
Total Runtime: 0.33229565620422363
Total Runtime: 0.33229565620422363
Total Runtime: 0.33513712882995605
Total Runtime: 0.33513712882995605
Total Runtime: 0.33513712882995605
Total Runtime: 0.33513712882995605
Total Runtime: 0.33513712882995605
Total Runtime: 0.33513712882995605
Total Runtime: 0.33513712882995605
Total Runtime: 0.33513712882995605
Total Runtime: 0.33513712882995605
Total Runtime: 0.33513712882995605
Total Runtime: 0.33513712882995605
Total Runtime: 0.33513712882995605
Total Runtime: 0.33513712882995605
Total Runtime: 0.33513712882995605
Total Runtime: 0.33513712882995605
Total Runtime: 0.33513712882995605
Total Runtime: 0.33513712882995605
Total Runtime: 0.33513712882995605
Total Runtime: 0.38839197158813477
Total Runtime: 0.38839197158813477
Total Runtime: 0.38839197158813477
Total Runtime: 0.38839197158813477
Total Runtime: 0.38839197158813477
Total Runtime: 0.38839197158813477
Total Runtime: 0.38839197158813477
Total Runtime: 0.38839197158813477
Total Runtime: 0.38839197158813477
Total Runtime: 0.38839197158813477
Total Runtime: 0.38839197158813477
Total Runtime: 0.38839197158813477
Total Runtime: 0.38839197158813477
Total Runtime: 0.38839197158813477
Total Runtime: 0.38839197158813477
Total Runtime: 0.38839197158813477
Total Runtime: 0.38839197158813477
Total Runtime: 0.38839197158813477
Total Runtime: 0.6508831977844238
Total Runtime: 0.6508831977844238
Total Runtime: 0.6508831977844238
Total Runtime: 0.6508831977844238
Total Runtime: 0.6508831977844238
Total Runtime: 0.6508831977844238
Total Runtime: 0.6508831977844238
Total Runtime: 0.6508831977844238
Total Runtime: 0.6508831977844238
Total Runtime: 0.6508831977844238
Total Runtime: 0.6508831977844238
Total Runtime: 0.6508831977844238
Total Runtime: 0.6508831977844238
Total Runtime: 0.6508831977844238
Total Runtime: 0.6508831977844238
Total Runtime: 0.6508831977844238
Total Runtime: 0.6508831977844238
Total Runtime: 0.6508831977844238
Total Runtime: 1.9188265800476074
Total Runtime: 1.9188265800476074
Total Runtime: 1.9188265800476074
Total Runtime: 1.9188265800476074
Total Runtime: 1.9188265800476074
Total Runtime: 1.9188265800476074
Total Runtime: 1.9188265800476074
Total Runtime: 1.9188265800476074
Total Runtime: 1.9188265800476074
Total Runtime: 1.9188265800476074
Total Runtime: 1.9188265800476074
Total Runtime: 1.9188265800476074
Total Runtime: 1.9188265800476074
Total Runtime: 1.9188265800476074
Total Runtime: 1.9188265800476074
Total Runtime: 1.9188265800476074
Total Runtime: 1.9188265800476074
Total Runtime: 1.9188265800476074
Loading squeeze_bert model from squeezebert/squeezebert-uncased
Loading squeeze_bert model from squeezebert/squeezebert-uncased
Loading squeeze_bert model from squeezebert/squeezebert-uncased
Loading squeeze_bert model from squeezebert/squeezebert-uncased
Loading squeeze_bert model from squeezebert/squeezebert-uncased
Loading squeeze_bert model from squeezebert/squeezebert-uncased
Loading squeeze_bert model from squeezebert/squeezebert-uncased
Loading squeeze_bert model from squeezebert/squeezebert-uncased
Loading squeeze_bert model from squeezebert/squeezebert-uncased
Loading squeeze_bert model from squeezebert/squeezebert-uncased
Loading squeeze_bert model from squeezebert/squeezebert-uncased
Loading squeeze_bert model from squeezebert/squeezebert-uncased
Loading squeeze_bert model from squeezebert/squeezebert-uncased
Loading squeeze_bert model from squeezebert/squeezebert-uncased
Loading squeeze_bert model from squeezebert/squeezebert-uncased
Loading squeeze_bert model from squeezebert/squeezebert-uncased
Loading squeeze_bert model from squeezebert/squeezebert-uncased
Loading squeeze_bert model from squeezebert/squeezebert-uncased
Loading squeeze_bert model from squeezebert/squeezebert-uncased
Loading squeeze_bert model from squeezebert/squeezebert-uncased
Total Runtime: 0.21704316139221191
Total Runtime: 0.21704316139221191
Total Runtime: 0.21704316139221191
Total Runtime: 0.21704316139221191
Total Runtime: 0.21704316139221191
Total Runtime: 0.21704316139221191
Total Runtime: 0.21704316139221191
Total Runtime: 0.21704316139221191
Total Runtime: 0.21704316139221191
Total Runtime: 0.21704316139221191
Total Runtime: 0.21704316139221191
Total Runtime: 0.21704316139221191
Total Runtime: 0.21704316139221191
Total Runtime: 0.21704316139221191
Total Runtime: 0.21704316139221191
Total Runtime: 0.21704316139221191
Total Runtime: 0.21704316139221191
Total Runtime: 0.21704316139221191
Total Runtime: 0.21704316139221191
Total Runtime: 0.21704316139221191
Total Runtime: 0.19704151153564453
Total Runtime: 0.19704151153564453
Total Runtime: 0.19704151153564453
Total Runtime: 0.19704151153564453
Total Runtime: 0.19704151153564453
Total Runtime: 0.19704151153564453
Total Runtime: 0.19704151153564453
Total Runtime: 0.19704151153564453
Total Runtime: 0.19704151153564453
Total Runtime: 0.19704151153564453
Total Runtime: 0.19704151153564453
Total Runtime: 0.19704151153564453
Total Runtime: 0.19704151153564453
Total Runtime: 0.19704151153564453
Total Runtime: 0.19704151153564453
Total Runtime: 0.19704151153564453
Total Runtime: 0.19704151153564453
Total Runtime: 0.19704151153564453
Total Runtime: 0.19704151153564453
Total Runtime: 0.19704151153564453
Total Runtime: 0.2120354175567627
Total Runtime: 0.2120354175567627
Total Runtime: 0.2120354175567627
Total Runtime: 0.2120354175567627
Total Runtime: 0.2120354175567627
Total Runtime: 0.2120354175567627
Total Runtime: 0.2120354175567627
Total Runtime: 0.2120354175567627
Total Runtime: 0.2120354175567627
Total Runtime: 0.2120354175567627
Total Runtime: 0.2120354175567627
Total Runtime: 0.2120354175567627
Total Runtime: 0.2120354175567627
Total Runtime: 0.2120354175567627
Total Runtime: 0.2120354175567627
Total Runtime: 0.2120354175567627
Total Runtime: 0.2120354175567627
Total Runtime: 0.2120354175567627
Total Runtime: 0.2120354175567627
Total Runtime: 0.2120354175567627
Total Runtime: 0.24541831016540527
Total Runtime: 0.24541831016540527
Total Runtime: 0.24541831016540527
Total Runtime: 0.24541831016540527
Total Runtime: 0.24541831016540527
Total Runtime: 0.24541831016540527
Total Runtime: 0.24541831016540527
Total Runtime: 0.24541831016540527
Total Runtime: 0.24541831016540527
Total Runtime: 0.24541831016540527
Total Runtime: 0.24541831016540527
Total Runtime: 0.24541831016540527
Total Runtime: 0.24541831016540527
Total Runtime: 0.24541831016540527
Total Runtime: 0.24541831016540527
Total Runtime: 0.24541831016540527
Total Runtime: 0.24541831016540527
Total Runtime: 0.24541831016540527
Total Runtime: 0.24541831016540527
Total Runtime: 0.24541831016540527
Total Runtime: 0.33425402641296387
Total Runtime: 0.33425402641296387
Total Runtime: 0.33425402641296387
Total Runtime: 0.33425402641296387
Total Runtime: 0.33425402641296387
Total Runtime: 0.33425402641296387
Total Runtime: 0.33425402641296387
Total Runtime: 0.33425402641296387
Total Runtime: 0.33425402641296387
Total Runtime: 0.33425402641296387
Total Runtime: 0.33425402641296387
Total Runtime: 0.33425402641296387
Total Runtime: 0.33425402641296387
Total Runtime: 0.33425402641296387
Total Runtime: 0.33425402641296387
Total Runtime: 0.33425402641296387
Total Runtime: 0.33425402641296387
Total Runtime: 0.33425402641296387
Total Runtime: 0.33425402641296387
Total Runtime: 0.33425402641296387
Total Runtime: 0.5913739204406738
Total Runtime: 0.5913739204406738
Total Runtime: 0.5913739204406738
Total Runtime: 0.5913739204406738
Total Runtime: 0.5913739204406738
Total Runtime: 0.5913739204406738
Total Runtime: 0.5913739204406738
Total Runtime: 0.5913739204406738
Total Runtime: 0.5913739204406738
Total Runtime: 0.5913739204406738
Total Runtime: 0.5913739204406738
Total Runtime: 0.5913739204406738
Total Runtime: 0.5913739204406738
Total Runtime: 0.5913739204406738
Total Runtime: 0.5913739204406738
Total Runtime: 0.5913739204406738
Total Runtime: 0.5913739204406738
Total Runtime: 0.5913739204406738
Total Runtime: 0.5913739204406738
Total Runtime: 0.5913739204406738
Total Runtime: 0.635141134262085
Total Runtime: 0.635141134262085
Total Runtime: 0.635141134262085
Total Runtime: 0.635141134262085
Total Runtime: 0.635141134262085
Total Runtime: 0.635141134262085
Total Runtime: 0.635141134262085
Total Runtime: 0.635141134262085
Total Runtime: 0.635141134262085
Total Runtime: 0.635141134262085
Total Runtime: 0.635141134262085
Total Runtime: 0.635141134262085
Total Runtime: 0.635141134262085
Total Runtime: 0.635141134262085
Total Runtime: 0.635141134262085
Total Runtime: 0.635141134262085
Total Runtime: 0.635141134262085
Total Runtime: 0.635141134262085
Total Runtime: 0.635141134262085
Total Runtime: 0.635141134262085
