Loading vit32 model
Input Shape: torch.Size([1, 3, 224, 224]) - Time: 0.3013343256501685
Total Runtime: 6.739531993865967
Input Shape: torch.Size([1, 3, 384, 384]) - Time: 0.7880203090500799
Total Runtime: 17.158020496368408
Input Shape: torch.Size([1, 3, 448, 448]) - Time: 1.0159149880000768
Total Runtime: 22.046982049942017
Input Shape: torch.Size([1, 3, 512, 512]) - Time: 1.3184704910998335
Total Runtime: 28.627010107040405
Loading convit model
Loading efficientnet model
Input Shape: torch.Size([1, 3, 224, 224]) - Time: 0.565722038399872
Total Runtime: 12.603572368621826
Input Shape: torch.Size([1, 3, 384, 384]) - Time: 1.204216479600109
Total Runtime: 26.15798258781433
Input Shape: torch.Size([1, 3, 448, 448]) - Time: 1.4380490023500898
Total Runtime: 31.406792879104614
Input Shape: torch.Size([1, 3, 512, 512]) - Time: 1.868117152599916
Total Runtime: 40.78552293777466
Loading efficientnet_lite model
Input Shape: torch.Size([1, 3, 224, 224]) - Time: 0.04588945004998095
Total Runtime: 1.240455150604248
Input Shape: torch.Size([1, 3, 384, 384]) - Time: 0.1066352405499856
Total Runtime: 2.743201732635498
Input Shape: torch.Size([1, 3, 448, 448]) - Time: 0.14221320024989836
Total Runtime: 3.557748556137085
Input Shape: torch.Size([1, 3, 512, 512]) - Time: 0.16598810294999566
Total Runtime: 3.988553524017334
Loading gernet model
Input Shape: torch.Size([1, 3, 224, 224]) - Time: 0.11302187750006851
Total Runtime: 2.7010457515716553
Input Shape: torch.Size([1, 3, 384, 384]) - Time: 0.30983263074995193
Total Runtime: 6.938177824020386
Input Shape: torch.Size([1, 3, 448, 448]) - Time: 0.4101119303000814
Total Runtime: 9.099970579147339
Input Shape: torch.Size([1, 3, 512, 512]) - Time: 0.5562085965499136
Total Runtime: 12.29322338104248
Loading resnet18 model
Input Shape: torch.Size([1, 3, 224, 224]) - Time: 0.12400365419998707
Total Runtime: 2.9819703102111816
Input Shape: torch.Size([1, 3, 384, 384]) - Time: 0.30898591889999805
Total Runtime: 7.1369407176971436
Input Shape: torch.Size([1, 3, 448, 448]) - Time: 0.34336718169997765
Total Runtime: 7.864670753479004
Input Shape: torch.Size([1, 3, 512, 512]) - Time: 0.3892097270500017
Total Runtime: 8.691216468811035
Loading alexnet model
Input Shape: torch.Size([1, 3, 224, 224]) - Time: 0.04810419655004807
Total Runtime: 1.3049728870391846
Input Shape: torch.Size([1, 3, 384, 384]) - Time: 0.11208532800010289
Total Runtime: 2.6386146545410156
Input Shape: torch.Size([1, 3, 448, 448]) - Time: 0.12377794604999508
Total Runtime: 2.9377989768981934
Input Shape: torch.Size([1, 3, 512, 512]) - Time: 0.15416638639999292
Total Runtime: 3.6401500701904297
Loading squeezenet model
Input Shape: torch.Size([1, 3, 224, 224]) - Time: 0.05921307540011185
Total Runtime: 1.4664676189422607
Input Shape: torch.Size([1, 3, 384, 384]) - Time: 0.1791434434499024
Total Runtime: 4.133293628692627
Input Shape: torch.Size([1, 3, 448, 448]) - Time: 0.24405592300008722
Total Runtime: 5.5893166065216064
Input Shape: torch.Size([1, 3, 512, 512]) - Time: 0.31365154280010754
Total Runtime: 7.192889213562012
Loading vgg16 model
Input Shape: torch.Size([1, 3, 224, 224]) - Time: 0.5353837709999425
Total Runtime: 11.891122341156006
Input Shape: torch.Size([1, 3, 384, 384]) - Time: 1.6173824609499206
Total Runtime: 35.14200520515442
Input Shape: torch.Size([1, 3, 448, 448]) - Time: 2.139392163049888
Total Runtime: 46.51316213607788
Input Shape: torch.Size([1, 3, 512, 512]) - Time: 2.883079917649957
Total Runtime: 62.59572148323059
Loading densenet model
Input Shape: torch.Size([1, 3, 224, 224]) - Time: 0.3269633315499959
Total Runtime: 7.422744989395142
Input Shape: torch.Size([1, 3, 384, 384]) - Time: 0.9817005592500209
Total Runtime: 21.737398624420166
Input Shape: torch.Size([1, 3, 448, 448]) - Time: 1.2666362171999936
Total Runtime: 28.141785860061646
Input Shape: torch.Size([1, 3, 512, 512]) - Time: 1.7149955333001343
Total Runtime: 38.06179451942444
Loading inception model
Input Shape: torch.Size([1, 3, 224, 224]) - Time: 0.14599649845004023
Total Runtime: 3.537207841873169
Input Shape: torch.Size([1, 3, 384, 384]) - Time: 0.4575326756999857
Total Runtime: 10.207347631454468
Input Shape: torch.Size([1, 3, 448, 448]) - Time: 0.6201485064499138
Total Runtime: 13.630505084991455
Input Shape: torch.Size([1, 3, 512, 512]) - Time: 0.7837735097500627
Total Runtime: 17.29571223258972
Loading googlenet model
Input Shape: torch.Size([1, 3, 224, 224]) - Time: 0.11025572884991561
Total Runtime: 2.66135311126709
Input Shape: torch.Size([1, 3, 384, 384]) - Time: 0.3206567850000283
Total Runtime: 7.232337236404419
Input Shape: torch.Size([1, 3, 448, 448]) - Time: 0.4335048066001036
Total Runtime: 9.577656507492065
Input Shape: torch.Size([1, 3, 512, 512]) - Time: 0.5552563634499166
Total Runtime: 12.297277450561523
Loading shufflenet model
Input Shape: torch.Size([1, 3, 224, 224]) - Time: 0.021255258850032988
Total Runtime: 0.6477925777435303
Input Shape: torch.Size([1, 3, 384, 384]) - Time: 0.04933423844995559
Total Runtime: 1.3582420349121094
Input Shape: torch.Size([1, 3, 448, 448]) - Time: 0.05664678479988652
Total Runtime: 1.485058307647705
Input Shape: torch.Size([1, 3, 512, 512]) - Time: 0.08186029964999761
Total Runtime: 2.034907102584839
Loading mobilenet_v2 model
Input Shape: torch.Size([1, 3, 224, 224]) - Time: 0.024976745000094523
Total Runtime: 0.7675731182098389
Input Shape: torch.Size([1, 3, 384, 384]) - Time: 0.07857092154990823
Total Runtime: 2.096773624420166
Input Shape: torch.Size([1, 3, 448, 448]) - Time: 0.08570495855001355
Total Runtime: 2.2751452922821045
Input Shape: torch.Size([1, 3, 512, 512]) - Time: 0.14041566435007552
Total Runtime: 3.5462307929992676
Loading resnext50_32x4d model
Input Shape: torch.Size([1, 3, 224, 224]) - Time: 0.18815127755005961
Total Runtime: 4.467065095901489
Input Shape: torch.Size([1, 3, 384, 384]) - Time: 0.5262372913501168
Total Runtime: 11.891499996185303
Input Shape: torch.Size([1, 3, 448, 448]) - Time: 0.7346160582499579
Total Runtime: 16.288410902023315
Input Shape: torch.Size([1, 3, 512, 512]) - Time: 1.0036635324999224
Total Runtime: 22.186679124832153
Loading wide_resnet50_2 model
Input Shape: torch.Size([1, 3, 224, 224]) - Time: 0.48935312124995106
Total Runtime: 10.816359758377075
Input Shape: torch.Size([1, 3, 384, 384]) - Time: 1.1876468735999879
Total Runtime: 26.063925743103027
Input Shape: torch.Size([1, 3, 448, 448]) - Time: 1.5925035084999764
Total Runtime: 34.9392728805542
Input Shape: torch.Size([1, 3, 512, 512]) - Time: 2.04821535254996
Total Runtime: 45.6936731338501
Loading mnasnet model
Input Shape: torch.Size([1, 3, 224, 224]) - Time: 0.025044179799988343
Total Runtime: 0.7297666072845459
Input Shape: torch.Size([1, 3, 384, 384]) - Time: 0.06608403059999546
Total Runtime: 1.7784416675567627
Input Shape: torch.Size([1, 3, 448, 448]) - Time: 0.09245470804999059
Total Runtime: 2.334782123565674
Input Shape: torch.Size([1, 3, 512, 512]) - Time: 0.12646505374996195
Total Runtime: 3.1105265617370605
