Loading vit32 model
Loading efficientnet model
Loading efficientnet_lite model
Loading gernet model
Loading resnet18 model
Loading alexnet model
Loading squeezenet model
Loading vgg16 model
Loading densenet model
Loading inception model
Loading googlenet model
Loading shufflenet model
Loading mobilenet_v2 model
Loading resnext50_32x4d model
Loading wide_resnet50_2 model
Loading mnasnet model
Loading bert model
Loading distilbert model
Loading funnel_transformer model
Loading albert model
Loading longformer model
Loading mobile_bert model
Loading squeeze_bert model
Loading bert model
Loading bert model
Loading distilbert model
Loading funnel_transformer model
Loading albert model
Loading longformer model
Loading mobile_bert model
Loading squeeze_bert model
