Loading vit32 model
Input Shape: torch.Size([1, 3, 224, 224]) - Time: 0.004580892500234768
Total Runtime: 0.4284830093383789
Input Shape: torch.Size([1, 3, 384, 384]) - Time: 0.005954837350873277
Total Runtime: 0.1650245189666748
Input Shape: torch.Size([1, 3, 448, 448]) - Time: 0.005730219098040834
Total Runtime: 0.14199185371398926
Input Shape: torch.Size([1, 3, 512, 512]) - Time: 0.007069746352499351
Total Runtime: 0.17010498046875
Loading efficientnet model
Input Shape: torch.Size([1, 3, 224, 224]) - Time: 0.02364461075048894
Total Runtime: 0.9480934143066406
Input Shape: torch.Size([1, 3, 384, 384]) - Time: 0.024279866000870242
Total Runtime: 0.600924015045166
Input Shape: torch.Size([1, 3, 448, 448]) - Time: 0.02435790015151724
Total Runtime: 0.6020462512969971
Input Shape: torch.Size([1, 3, 512, 512]) - Time: 0.025051327649271114
Total Runtime: 0.6188268661499023
Loading efficientnet_lite model
Input Shape: torch.Size([1, 3, 224, 224]) - Time: 0.006892297952435911
Total Runtime: 0.5551800727844238
Input Shape: torch.Size([1, 3, 384, 384]) - Time: 0.005821978749008849
Total Runtime: 0.15200066566467285
Input Shape: torch.Size([1, 3, 448, 448]) - Time: 0.005699553247541189
Total Runtime: 0.1490802764892578
Input Shape: torch.Size([1, 3, 512, 512]) - Time: 0.005611387448152527
Total Runtime: 0.14738178253173828
Loading gernet model
Input Shape: torch.Size([1, 3, 224, 224]) - Time: 0.005874038499314338
Total Runtime: 0.5214927196502686
Input Shape: torch.Size([1, 3, 384, 384]) - Time: 0.005278686748351902
Total Runtime: 0.13719868659973145
Input Shape: torch.Size([1, 3, 448, 448]) - Time: 0.0059215152985416354
Total Runtime: 0.15229177474975586
Input Shape: torch.Size([1, 3, 512, 512]) - Time: 0.006436064949957654
Total Runtime: 0.16446757316589355
Loading resnet18 model
Input Shape: torch.Size([1, 3, 224, 224]) - Time: 0.002119007101282477
Total Runtime: 0.4222540855407715
Input Shape: torch.Size([1, 3, 384, 384]) - Time: 0.0026586112508084625
Total Runtime: 0.07110977172851562
Input Shape: torch.Size([1, 3, 448, 448]) - Time: 0.0031943013542331754
Total Runtime: 0.08325457572937012
Input Shape: torch.Size([1, 3, 512, 512]) - Time: 0.0023534743988420813
Total Runtime: 0.06413626670837402
Loading alexnet model
Input Shape: torch.Size([1, 3, 224, 224]) - Time: 0.0009134058549534529
Total Runtime: 0.38929271697998047
Input Shape: torch.Size([1, 3, 384, 384]) - Time: 0.0010459819983225315
Total Runtime: 0.02891063690185547
Input Shape: torch.Size([1, 3, 448, 448]) - Time: 0.0027441678976174444
Total Runtime: 0.06561446189880371
Input Shape: torch.Size([1, 3, 512, 512]) - Time: 0.010725143947638571
Total Runtime: 0.2509284019470215
Loading squeezenet model
Input Shape: torch.Size([1, 3, 224, 224]) - Time: 0.002637602697359398
Total Runtime: 0.42411041259765625
Input Shape: torch.Size([1, 3, 384, 384]) - Time: 0.0019477001507766545
Total Runtime: 0.05467844009399414
Input Shape: torch.Size([1, 3, 448, 448]) - Time: 0.002197628846624866
Total Runtime: 0.05897927284240723
Input Shape: torch.Size([1, 3, 512, 512]) - Time: 0.0023982898972462864
Total Runtime: 0.06365394592285156
Loading vgg16 model
Input Shape: torch.Size([1, 3, 224, 224]) - Time: 0.004128307499922812
Total Runtime: 0.43995189666748047
Input Shape: torch.Size([1, 3, 384, 384]) - Time: 0.007239640300394967
Total Runtime: 0.17056918144226074
Input Shape: torch.Size([1, 3, 448, 448]) - Time: 0.009918506746180356
Total Runtime: 0.2291417121887207
Input Shape: torch.Size([1, 3, 512, 512]) - Time: 0.013232089346274734
Total Runtime: 0.31427979469299316
Loading densenet model
Input Shape: torch.Size([1, 3, 224, 224]) - Time: 0.018884984502801672
Total Runtime: 0.8246972560882568
Input Shape: torch.Size([1, 3, 384, 384]) - Time: 0.020762973855016752
Total Runtime: 0.5270648002624512
Input Shape: torch.Size([1, 3, 448, 448]) - Time: 0.02392640374600887
Total Runtime: 0.592576265335083
Input Shape: torch.Size([1, 3, 512, 512]) - Time: 0.02345674335374497
Total Runtime: 0.5743136405944824
Loading inception model
Input Shape: torch.Size([1, 3, 224, 224]) - Time: 0.012267898395657539
Total Runtime: 0.6606223583221436
Input Shape: torch.Size([1, 3, 384, 384]) - Time: 0.013199332897784188
Total Runtime: 0.33347630500793457
Input Shape: torch.Size([1, 3, 448, 448]) - Time: 0.01373442385229282
Total Runtime: 0.3460080623626709
Input Shape: torch.Size([1, 3, 512, 512]) - Time: 0.0282897827506531
Total Runtime: 0.6638951301574707
Loading googlenet model
Input Shape: torch.Size([1, 3, 224, 224]) - Time: 0.0067906423006206754
Total Runtime: 0.5339007377624512
Input Shape: torch.Size([1, 3, 384, 384]) - Time: 0.006631565454881638
Total Runtime: 0.17458844184875488
Input Shape: torch.Size([1, 3, 448, 448]) - Time: 0.006933252647286281
Total Runtime: 0.1811232566833496
Input Shape: torch.Size([1, 3, 512, 512]) - Time: 0.006889595597749576
Total Runtime: 0.18459010124206543
Loading shufflenet model
Input Shape: torch.Size([1, 3, 224, 224]) - Time: 0.005263564246706665
Total Runtime: 0.48555922508239746
Input Shape: torch.Size([1, 3, 384, 384]) - Time: 0.0052450481511186805
Total Runtime: 0.13595843315124512
Input Shape: torch.Size([1, 3, 448, 448]) - Time: 0.005218865250935778
Total Runtime: 0.13468480110168457
Input Shape: torch.Size([1, 3, 512, 512]) - Time: 0.005427343101473525
Total Runtime: 0.14099979400634766
Loading mobilenet_v2 model
Input Shape: torch.Size([1, 3, 224, 224]) - Time: 0.004318194696679711
Total Runtime: 0.47080373764038086
Input Shape: torch.Size([1, 3, 384, 384]) - Time: 0.004541349603096023
Total Runtime: 0.12107563018798828
Input Shape: torch.Size([1, 3, 448, 448]) - Time: 0.004266798647586256
Total Runtime: 0.11389446258544922
Input Shape: torch.Size([1, 3, 512, 512]) - Time: 0.0038953642011620103
Total Runtime: 0.10507893562316895
Loading resnext50_32x4d model
Input Shape: torch.Size([1, 3, 224, 224]) - Time: 0.005021272000158205
Total Runtime: 0.483471155166626
Input Shape: torch.Size([1, 3, 384, 384]) - Time: 0.009252154553541914
Total Runtime: 0.22763347625732422
Input Shape: torch.Size([1, 3, 448, 448]) - Time: 0.008136853849282488
Total Runtime: 0.20453190803527832
Input Shape: torch.Size([1, 3, 512, 512]) - Time: 0.012513216398656369
Total Runtime: 0.2955131530761719
Loading wide_resnet50_2 model
Input Shape: torch.Size([1, 3, 224, 224]) - Time: 0.006705906899878755
Total Runtime: 0.5377416610717773
Input Shape: torch.Size([1, 3, 384, 384]) - Time: 0.008810985303716734
Total Runtime: 0.21684861183166504
Input Shape: torch.Size([1, 3, 448, 448]) - Time: 0.010995425499277189
Total Runtime: 0.26320862770080566
Input Shape: torch.Size([1, 3, 512, 512]) - Time: 0.011960563994944096
Total Runtime: 0.2828178405761719
Loading mnasnet model
Input Shape: torch.Size([1, 3, 224, 224]) - Time: 0.004442995699355379
Total Runtime: 0.48628973960876465
Input Shape: torch.Size([1, 3, 384, 384]) - Time: 0.004265127750113606
Total Runtime: 0.1136925220489502
Input Shape: torch.Size([1, 3, 448, 448]) - Time: 0.004246243851957843
Total Runtime: 0.1124567985534668
Input Shape: torch.Size([1, 3, 512, 512]) - Time: 0.004066769999917596
Total Runtime: 0.10855984687805176
