Loading bert model from bert-base-uncased
Loading bert model from bert-base-uncased
Total Runtime: 0.016091108322143555
Total Runtime: 0.016091108322143555
Total Runtime: 0.0068547725677490234
Total Runtime: 0.0068547725677490234
Total Runtime: 0.0067937374114990234
Total Runtime: 0.0067937374114990234
Total Runtime: 0.0070056915283203125
Total Runtime: 0.0070056915283203125
Total Runtime: 0.006884336471557617
Total Runtime: 0.006884336471557617
Total Runtime: 0.007072925567626953
Total Runtime: 0.007072925567626953
Total Runtime: 0.006719827651977539
Total Runtime: 0.006719827651977539
Loading roberta model from roberta-base
Loading roberta model from roberta-base
Loading roberta model from roberta-base
Loading roberta model from roberta-base
Total Runtime: 0.009995698928833008
Total Runtime: 0.009995698928833008
Total Runtime: 0.009995698928833008
Total Runtime: 0.009995698928833008
Total Runtime: 0.009836435317993164
Total Runtime: 0.009836435317993164
Total Runtime: 0.009836435317993164
Total Runtime: 0.009836435317993164
Total Runtime: 0.010481119155883789
Total Runtime: 0.010481119155883789
Total Runtime: 0.010481119155883789
Total Runtime: 0.010481119155883789
Total Runtime: 0.010548591613769531
Total Runtime: 0.010548591613769531
Total Runtime: 0.010548591613769531
Total Runtime: 0.010548591613769531
Total Runtime: 0.010523796081542969
Total Runtime: 0.010523796081542969
Total Runtime: 0.010523796081542969
Total Runtime: 0.010523796081542969
Total Runtime: 0.0072553157806396484
Total Runtime: 0.0072553157806396484
Total Runtime: 0.0072553157806396484
Total Runtime: 0.0072553157806396484
Total Runtime: 0.006892681121826172
Total Runtime: 0.006892681121826172
Total Runtime: 0.006892681121826172
Total Runtime: 0.006892681121826172
Loading deberta model from microsoft/deberta-base
Loading deberta model from microsoft/deberta-base
Loading deberta model from microsoft/deberta-base
Loading deberta model from microsoft/deberta-base
Loading deberta model from microsoft/deberta-base
Loading deberta model from microsoft/deberta-base
Total Runtime: 0.017313241958618164
Total Runtime: 0.017313241958618164
Total Runtime: 0.017313241958618164
Total Runtime: 0.017313241958618164
Total Runtime: 0.017313241958618164
Total Runtime: 0.017313241958618164
Total Runtime: 0.01746964454650879
Total Runtime: 0.01746964454650879
Total Runtime: 0.01746964454650879
Total Runtime: 0.01746964454650879
Total Runtime: 0.01746964454650879
Total Runtime: 0.01746964454650879
Total Runtime: 0.01282644271850586
Total Runtime: 0.01282644271850586
Total Runtime: 0.01282644271850586
Total Runtime: 0.01282644271850586
Total Runtime: 0.01282644271850586
Total Runtime: 0.01282644271850586
Total Runtime: 0.012422323226928711
Total Runtime: 0.012422323226928711
Total Runtime: 0.012422323226928711
Total Runtime: 0.012422323226928711
Total Runtime: 0.012422323226928711
Total Runtime: 0.012422323226928711
Total Runtime: 0.012294530868530273
Total Runtime: 0.012294530868530273
Total Runtime: 0.012294530868530273
Total Runtime: 0.012294530868530273
Total Runtime: 0.012294530868530273
Total Runtime: 0.012294530868530273
Total Runtime: 0.012253046035766602
Total Runtime: 0.012253046035766602
Total Runtime: 0.012253046035766602
Total Runtime: 0.012253046035766602
Total Runtime: 0.012253046035766602
Total Runtime: 0.012253046035766602
Total Runtime: 0.012138128280639648
Total Runtime: 0.012138128280639648
Total Runtime: 0.012138128280639648
Total Runtime: 0.012138128280639648
Total Runtime: 0.012138128280639648
Total Runtime: 0.012138128280639648
Loading distilbert model from distilbert-base-uncased
Loading distilbert model from distilbert-base-uncased
Loading distilbert model from distilbert-base-uncased
Loading distilbert model from distilbert-base-uncased
Loading distilbert model from distilbert-base-uncased
Loading distilbert model from distilbert-base-uncased
Loading distilbert model from distilbert-base-uncased
Loading distilbert model from distilbert-base-uncased
Total Runtime: 0.005089759826660156
Total Runtime: 0.005089759826660156
Total Runtime: 0.005089759826660156
Total Runtime: 0.005089759826660156
Total Runtime: 0.005089759826660156
Total Runtime: 0.005089759826660156
Total Runtime: 0.005089759826660156
Total Runtime: 0.005089759826660156
Total Runtime: 0.005030393600463867
Total Runtime: 0.005030393600463867
Total Runtime: 0.005030393600463867
Total Runtime: 0.005030393600463867
Total Runtime: 0.005030393600463867
Total Runtime: 0.005030393600463867
Total Runtime: 0.005030393600463867
Total Runtime: 0.005030393600463867
Total Runtime: 0.00531005859375
Total Runtime: 0.00531005859375
Total Runtime: 0.00531005859375
Total Runtime: 0.00531005859375
Total Runtime: 0.00531005859375
Total Runtime: 0.00531005859375
Total Runtime: 0.00531005859375
Total Runtime: 0.00531005859375
Total Runtime: 0.005343914031982422
Total Runtime: 0.005343914031982422
Total Runtime: 0.005343914031982422
Total Runtime: 0.005343914031982422
Total Runtime: 0.005343914031982422
Total Runtime: 0.005343914031982422
Total Runtime: 0.005343914031982422
Total Runtime: 0.005343914031982422
Total Runtime: 0.005330801010131836
Total Runtime: 0.005330801010131836
Total Runtime: 0.005330801010131836
Total Runtime: 0.005330801010131836
Total Runtime: 0.005330801010131836
Total Runtime: 0.005330801010131836
Total Runtime: 0.005330801010131836
Total Runtime: 0.005330801010131836
Total Runtime: 0.005385875701904297
Total Runtime: 0.005385875701904297
Total Runtime: 0.005385875701904297
Total Runtime: 0.005385875701904297
Total Runtime: 0.005385875701904297
Total Runtime: 0.005385875701904297
Total Runtime: 0.005385875701904297
Total Runtime: 0.005385875701904297
Total Runtime: 0.005270719528198242
Total Runtime: 0.005270719528198242
Total Runtime: 0.005270719528198242
Total Runtime: 0.005270719528198242
Total Runtime: 0.005270719528198242
Total Runtime: 0.005270719528198242
Total Runtime: 0.005270719528198242
Total Runtime: 0.005270719528198242
Loading ibert model from kssteven/ibert-roberta-base
Loading ibert model from kssteven/ibert-roberta-base
Loading ibert model from kssteven/ibert-roberta-base
Loading ibert model from kssteven/ibert-roberta-base
Loading ibert model from kssteven/ibert-roberta-base
Loading ibert model from kssteven/ibert-roberta-base
Loading ibert model from kssteven/ibert-roberta-base
Loading ibert model from kssteven/ibert-roberta-base
Loading ibert model from kssteven/ibert-roberta-base
Loading ibert model from kssteven/ibert-roberta-base
Total Runtime: 0.008457660675048828
Total Runtime: 0.008457660675048828
Total Runtime: 0.008457660675048828
Total Runtime: 0.008457660675048828
Total Runtime: 0.008457660675048828
Total Runtime: 0.008457660675048828
Total Runtime: 0.008457660675048828
Total Runtime: 0.008457660675048828
Total Runtime: 0.008457660675048828
Total Runtime: 0.008457660675048828
Total Runtime: 0.008314847946166992
Total Runtime: 0.008314847946166992
Total Runtime: 0.008314847946166992
Total Runtime: 0.008314847946166992
Total Runtime: 0.008314847946166992
Total Runtime: 0.008314847946166992
Total Runtime: 0.008314847946166992
Total Runtime: 0.008314847946166992
Total Runtime: 0.008314847946166992
Total Runtime: 0.008314847946166992
Total Runtime: 0.008751392364501953
Total Runtime: 0.008751392364501953
Total Runtime: 0.008751392364501953
Total Runtime: 0.008751392364501953
Total Runtime: 0.008751392364501953
Total Runtime: 0.008751392364501953
Total Runtime: 0.008751392364501953
Total Runtime: 0.008751392364501953
Total Runtime: 0.008751392364501953
Total Runtime: 0.008751392364501953
Total Runtime: 0.008802175521850586
Total Runtime: 0.008802175521850586
Total Runtime: 0.008802175521850586
Total Runtime: 0.008802175521850586
Total Runtime: 0.008802175521850586
Total Runtime: 0.008802175521850586
Total Runtime: 0.008802175521850586
Total Runtime: 0.008802175521850586
Total Runtime: 0.008802175521850586
Total Runtime: 0.008802175521850586
Total Runtime: 0.009010553359985352
Total Runtime: 0.009010553359985352
Total Runtime: 0.009010553359985352
Total Runtime: 0.009010553359985352
Total Runtime: 0.009010553359985352
Total Runtime: 0.009010553359985352
Total Runtime: 0.009010553359985352
Total Runtime: 0.009010553359985352
Total Runtime: 0.009010553359985352
Total Runtime: 0.009010553359985352
Total Runtime: 0.008996248245239258
Total Runtime: 0.008996248245239258
Total Runtime: 0.008996248245239258
Total Runtime: 0.008996248245239258
Total Runtime: 0.008996248245239258
Total Runtime: 0.008996248245239258
Total Runtime: 0.008996248245239258
Total Runtime: 0.008996248245239258
Total Runtime: 0.008996248245239258
Total Runtime: 0.008996248245239258
Total Runtime: 0.008616924285888672
Total Runtime: 0.008616924285888672
Total Runtime: 0.008616924285888672
Total Runtime: 0.008616924285888672
Total Runtime: 0.008616924285888672
Total Runtime: 0.008616924285888672
Total Runtime: 0.008616924285888672
Total Runtime: 0.008616924285888672
Total Runtime: 0.008616924285888672
Total Runtime: 0.008616924285888672
Loading albert model from albert-base-v2
Loading albert model from albert-base-v2
Loading albert model from albert-base-v2
Loading albert model from albert-base-v2
Loading albert model from albert-base-v2
Loading albert model from albert-base-v2
Loading albert model from albert-base-v2
Loading albert model from albert-base-v2
Loading albert model from albert-base-v2
Loading albert model from albert-base-v2
Loading albert model from albert-base-v2
Loading albert model from albert-base-v2
Total Runtime: 0.010870218276977539
Total Runtime: 0.010870218276977539
Total Runtime: 0.010870218276977539
Total Runtime: 0.010870218276977539
Total Runtime: 0.010870218276977539
Total Runtime: 0.010870218276977539
Total Runtime: 0.010870218276977539
Total Runtime: 0.010870218276977539
Total Runtime: 0.010870218276977539
Total Runtime: 0.010870218276977539
Total Runtime: 0.010870218276977539
Total Runtime: 0.010870218276977539
Total Runtime: 0.010689496994018555
Total Runtime: 0.010689496994018555
Total Runtime: 0.010689496994018555
Total Runtime: 0.010689496994018555
Total Runtime: 0.010689496994018555
Total Runtime: 0.010689496994018555
Total Runtime: 0.010689496994018555
Total Runtime: 0.010689496994018555
Total Runtime: 0.010689496994018555
Total Runtime: 0.010689496994018555
Total Runtime: 0.010689496994018555
Total Runtime: 0.010689496994018555
Total Runtime: 0.011348962783813477
Total Runtime: 0.011348962783813477
Total Runtime: 0.011348962783813477
Total Runtime: 0.011348962783813477
Total Runtime: 0.011348962783813477
Total Runtime: 0.011348962783813477
Total Runtime: 0.011348962783813477
Total Runtime: 0.011348962783813477
Total Runtime: 0.011348962783813477
Total Runtime: 0.011348962783813477
Total Runtime: 0.011348962783813477
Total Runtime: 0.011348962783813477
Total Runtime: 0.011792898178100586
Total Runtime: 0.011792898178100586
Total Runtime: 0.011792898178100586
Total Runtime: 0.011792898178100586
Total Runtime: 0.011792898178100586
Total Runtime: 0.011792898178100586
Total Runtime: 0.011792898178100586
Total Runtime: 0.011792898178100586
Total Runtime: 0.011792898178100586
Total Runtime: 0.011792898178100586
Total Runtime: 0.011792898178100586
Total Runtime: 0.011792898178100586
Total Runtime: 0.011388063430786133
Total Runtime: 0.011388063430786133
Total Runtime: 0.011388063430786133
Total Runtime: 0.011388063430786133
Total Runtime: 0.011388063430786133
Total Runtime: 0.011388063430786133
Total Runtime: 0.011388063430786133
Total Runtime: 0.011388063430786133
Total Runtime: 0.011388063430786133
Total Runtime: 0.011388063430786133
Total Runtime: 0.011388063430786133
Total Runtime: 0.011388063430786133
Total Runtime: 0.011750459671020508
Total Runtime: 0.011750459671020508
Total Runtime: 0.011750459671020508
Total Runtime: 0.011750459671020508
Total Runtime: 0.011750459671020508
Total Runtime: 0.011750459671020508
Total Runtime: 0.011750459671020508
Total Runtime: 0.011750459671020508
Total Runtime: 0.011750459671020508
Total Runtime: 0.011750459671020508
Total Runtime: 0.011750459671020508
Total Runtime: 0.011750459671020508
Total Runtime: 0.011218070983886719
Total Runtime: 0.011218070983886719
Total Runtime: 0.011218070983886719
Total Runtime: 0.011218070983886719
Total Runtime: 0.011218070983886719
Total Runtime: 0.011218070983886719
Total Runtime: 0.011218070983886719
Total Runtime: 0.011218070983886719
Total Runtime: 0.011218070983886719
Total Runtime: 0.011218070983886719
Total Runtime: 0.011218070983886719
Total Runtime: 0.011218070983886719
Loading longformer model from allenai/longformer-base-4096
Loading longformer model from allenai/longformer-base-4096
Loading longformer model from allenai/longformer-base-4096
Loading longformer model from allenai/longformer-base-4096
Loading longformer model from allenai/longformer-base-4096
Loading longformer model from allenai/longformer-base-4096
Loading longformer model from allenai/longformer-base-4096
Loading longformer model from allenai/longformer-base-4096
Loading longformer model from allenai/longformer-base-4096
Loading longformer model from allenai/longformer-base-4096
Loading longformer model from allenai/longformer-base-4096
Loading longformer model from allenai/longformer-base-4096
Loading longformer model from allenai/longformer-base-4096
Loading longformer model from allenai/longformer-base-4096
Total Runtime: 0.027017593383789062
Total Runtime: 0.027017593383789062
Total Runtime: 0.027017593383789062
Total Runtime: 0.027017593383789062
Total Runtime: 0.027017593383789062
Total Runtime: 0.027017593383789062
Total Runtime: 0.027017593383789062
Total Runtime: 0.027017593383789062
Total Runtime: 0.027017593383789062
Total Runtime: 0.027017593383789062
Total Runtime: 0.027017593383789062
Total Runtime: 0.027017593383789062
Total Runtime: 0.027017593383789062
Total Runtime: 0.027017593383789062
Total Runtime: 0.025098562240600586
Total Runtime: 0.025098562240600586
Total Runtime: 0.025098562240600586
Total Runtime: 0.025098562240600586
Total Runtime: 0.025098562240600586
Total Runtime: 0.025098562240600586
Total Runtime: 0.025098562240600586
Total Runtime: 0.025098562240600586
Total Runtime: 0.025098562240600586
Total Runtime: 0.025098562240600586
Total Runtime: 0.025098562240600586
Total Runtime: 0.025098562240600586
Total Runtime: 0.025098562240600586
Total Runtime: 0.025098562240600586
Total Runtime: 0.024679183959960938
Total Runtime: 0.024679183959960938
Total Runtime: 0.024679183959960938
Total Runtime: 0.024679183959960938
Total Runtime: 0.024679183959960938
Total Runtime: 0.024679183959960938
Total Runtime: 0.024679183959960938
Total Runtime: 0.024679183959960938
Total Runtime: 0.024679183959960938
Total Runtime: 0.024679183959960938
Total Runtime: 0.024679183959960938
Total Runtime: 0.024679183959960938
Total Runtime: 0.024679183959960938
Total Runtime: 0.024679183959960938
Total Runtime: 0.02233266830444336
Total Runtime: 0.02233266830444336
Total Runtime: 0.02233266830444336
Total Runtime: 0.02233266830444336
Total Runtime: 0.02233266830444336
Total Runtime: 0.02233266830444336
Total Runtime: 0.02233266830444336
Total Runtime: 0.02233266830444336
Total Runtime: 0.02233266830444336
Total Runtime: 0.02233266830444336
Total Runtime: 0.02233266830444336
Total Runtime: 0.02233266830444336
Total Runtime: 0.02233266830444336
Total Runtime: 0.02233266830444336
Total Runtime: 0.021678686141967773
Total Runtime: 0.021678686141967773
Total Runtime: 0.021678686141967773
Total Runtime: 0.021678686141967773
Total Runtime: 0.021678686141967773
Total Runtime: 0.021678686141967773
Total Runtime: 0.021678686141967773
Total Runtime: 0.021678686141967773
Total Runtime: 0.021678686141967773
Total Runtime: 0.021678686141967773
Total Runtime: 0.021678686141967773
Total Runtime: 0.021678686141967773
Total Runtime: 0.021678686141967773
Total Runtime: 0.021678686141967773
Total Runtime: 0.021546363830566406
Total Runtime: 0.021546363830566406
Total Runtime: 0.021546363830566406
Total Runtime: 0.021546363830566406
Total Runtime: 0.021546363830566406
Total Runtime: 0.021546363830566406
Total Runtime: 0.021546363830566406
Total Runtime: 0.021546363830566406
Total Runtime: 0.021546363830566406
Total Runtime: 0.021546363830566406
Total Runtime: 0.021546363830566406
Total Runtime: 0.021546363830566406
Total Runtime: 0.021546363830566406
Total Runtime: 0.021546363830566406
Total Runtime: 0.021618366241455078
Total Runtime: 0.021618366241455078
Total Runtime: 0.021618366241455078
Total Runtime: 0.021618366241455078
Total Runtime: 0.021618366241455078
Total Runtime: 0.021618366241455078
Total Runtime: 0.021618366241455078
Total Runtime: 0.021618366241455078
Total Runtime: 0.021618366241455078
Total Runtime: 0.021618366241455078
Total Runtime: 0.021618366241455078
Total Runtime: 0.021618366241455078
Total Runtime: 0.021618366241455078
Total Runtime: 0.021618366241455078
Loading mobile_bert model from google/mobilebert-uncased
Loading mobile_bert model from google/mobilebert-uncased
Loading mobile_bert model from google/mobilebert-uncased
Loading mobile_bert model from google/mobilebert-uncased
Loading mobile_bert model from google/mobilebert-uncased
Loading mobile_bert model from google/mobilebert-uncased
Loading mobile_bert model from google/mobilebert-uncased
Loading mobile_bert model from google/mobilebert-uncased
Loading mobile_bert model from google/mobilebert-uncased
Loading mobile_bert model from google/mobilebert-uncased
Loading mobile_bert model from google/mobilebert-uncased
Loading mobile_bert model from google/mobilebert-uncased
Loading mobile_bert model from google/mobilebert-uncased
Loading mobile_bert model from google/mobilebert-uncased
Loading mobile_bert model from google/mobilebert-uncased
Loading mobile_bert model from google/mobilebert-uncased
Total Runtime: 0.023988723754882812
Total Runtime: 0.023988723754882812
Total Runtime: 0.023988723754882812
Total Runtime: 0.023988723754882812
Total Runtime: 0.023988723754882812
Total Runtime: 0.023988723754882812
Total Runtime: 0.023988723754882812
Total Runtime: 0.023988723754882812
Total Runtime: 0.023988723754882812
Total Runtime: 0.023988723754882812
Total Runtime: 0.023988723754882812
Total Runtime: 0.023988723754882812
Total Runtime: 0.023988723754882812
Total Runtime: 0.023988723754882812
Total Runtime: 0.023988723754882812
Total Runtime: 0.023988723754882812
Total Runtime: 0.02360844612121582
Total Runtime: 0.02360844612121582
Total Runtime: 0.02360844612121582
Total Runtime: 0.02360844612121582
Total Runtime: 0.02360844612121582
Total Runtime: 0.02360844612121582
Total Runtime: 0.02360844612121582
Total Runtime: 0.02360844612121582
Total Runtime: 0.02360844612121582
Total Runtime: 0.02360844612121582
Total Runtime: 0.02360844612121582
Total Runtime: 0.02360844612121582
Total Runtime: 0.02360844612121582
Total Runtime: 0.02360844612121582
Total Runtime: 0.02360844612121582
Total Runtime: 0.02360844612121582
Total Runtime: 0.022757768630981445
Total Runtime: 0.022757768630981445
Total Runtime: 0.022757768630981445
Total Runtime: 0.022757768630981445
Total Runtime: 0.022757768630981445
Total Runtime: 0.022757768630981445
Total Runtime: 0.022757768630981445
Total Runtime: 0.022757768630981445
Total Runtime: 0.022757768630981445
Total Runtime: 0.022757768630981445
Total Runtime: 0.022757768630981445
Total Runtime: 0.022757768630981445
Total Runtime: 0.022757768630981445
Total Runtime: 0.022757768630981445
Total Runtime: 0.022757768630981445
Total Runtime: 0.022757768630981445
Total Runtime: 0.022736072540283203
Total Runtime: 0.022736072540283203
Total Runtime: 0.022736072540283203
Total Runtime: 0.022736072540283203
Total Runtime: 0.022736072540283203
Total Runtime: 0.022736072540283203
Total Runtime: 0.022736072540283203
Total Runtime: 0.022736072540283203
Total Runtime: 0.022736072540283203
Total Runtime: 0.022736072540283203
Total Runtime: 0.022736072540283203
Total Runtime: 0.022736072540283203
Total Runtime: 0.022736072540283203
Total Runtime: 0.022736072540283203
Total Runtime: 0.022736072540283203
Total Runtime: 0.022736072540283203
Total Runtime: 0.022902250289916992
Total Runtime: 0.022902250289916992
Total Runtime: 0.022902250289916992
Total Runtime: 0.022902250289916992
Total Runtime: 0.022902250289916992
Total Runtime: 0.022902250289916992
Total Runtime: 0.022902250289916992
Total Runtime: 0.022902250289916992
Total Runtime: 0.022902250289916992
Total Runtime: 0.022902250289916992
Total Runtime: 0.022902250289916992
Total Runtime: 0.022902250289916992
Total Runtime: 0.022902250289916992
Total Runtime: 0.022902250289916992
Total Runtime: 0.022902250289916992
Total Runtime: 0.022902250289916992
Total Runtime: 0.02286219596862793
Total Runtime: 0.02286219596862793
Total Runtime: 0.02286219596862793
Total Runtime: 0.02286219596862793
Total Runtime: 0.02286219596862793
Total Runtime: 0.02286219596862793
Total Runtime: 0.02286219596862793
Total Runtime: 0.02286219596862793
Total Runtime: 0.02286219596862793
Total Runtime: 0.02286219596862793
Total Runtime: 0.02286219596862793
Total Runtime: 0.02286219596862793
Total Runtime: 0.02286219596862793
Total Runtime: 0.02286219596862793
Total Runtime: 0.02286219596862793
Total Runtime: 0.02286219596862793
Total Runtime: 0.02324509620666504
Total Runtime: 0.02324509620666504
Total Runtime: 0.02324509620666504
Total Runtime: 0.02324509620666504
Total Runtime: 0.02324509620666504
Total Runtime: 0.02324509620666504
Total Runtime: 0.02324509620666504
Total Runtime: 0.02324509620666504
Total Runtime: 0.02324509620666504
Total Runtime: 0.02324509620666504
Total Runtime: 0.02324509620666504
Total Runtime: 0.02324509620666504
Total Runtime: 0.02324509620666504
Total Runtime: 0.02324509620666504
Total Runtime: 0.02324509620666504
Total Runtime: 0.02324509620666504
Loading reformer model from google/reformer-enwik8
Loading reformer model from google/reformer-enwik8
Loading reformer model from google/reformer-enwik8
Loading reformer model from google/reformer-enwik8
Loading reformer model from google/reformer-enwik8
Loading reformer model from google/reformer-enwik8
Loading reformer model from google/reformer-enwik8
Loading reformer model from google/reformer-enwik8
Loading reformer model from google/reformer-enwik8
Loading reformer model from google/reformer-enwik8
Loading reformer model from google/reformer-enwik8
Loading reformer model from google/reformer-enwik8
Loading reformer model from google/reformer-enwik8
Loading reformer model from google/reformer-enwik8
Loading reformer model from google/reformer-enwik8
Loading reformer model from google/reformer-enwik8
Loading reformer model from google/reformer-enwik8
Loading reformer model from google/reformer-enwik8
Total Runtime: 0.011313438415527344
Total Runtime: 0.011313438415527344
Total Runtime: 0.011313438415527344
Total Runtime: 0.011313438415527344
Total Runtime: 0.011313438415527344
Total Runtime: 0.011313438415527344
Total Runtime: 0.011313438415527344
Total Runtime: 0.011313438415527344
Total Runtime: 0.011313438415527344
Total Runtime: 0.011313438415527344
Total Runtime: 0.011313438415527344
Total Runtime: 0.011313438415527344
Total Runtime: 0.011313438415527344
Total Runtime: 0.011313438415527344
Total Runtime: 0.011313438415527344
Total Runtime: 0.011313438415527344
Total Runtime: 0.011313438415527344
Total Runtime: 0.011313438415527344
Total Runtime: 0.011106252670288086
Total Runtime: 0.011106252670288086
Total Runtime: 0.011106252670288086
Total Runtime: 0.011106252670288086
Total Runtime: 0.011106252670288086
Total Runtime: 0.011106252670288086
Total Runtime: 0.011106252670288086
Total Runtime: 0.011106252670288086
Total Runtime: 0.011106252670288086
Total Runtime: 0.011106252670288086
Total Runtime: 0.011106252670288086
Total Runtime: 0.011106252670288086
Total Runtime: 0.011106252670288086
Total Runtime: 0.011106252670288086
Total Runtime: 0.011106252670288086
Total Runtime: 0.011106252670288086
Total Runtime: 0.011106252670288086
Total Runtime: 0.011106252670288086
Total Runtime: 0.01121973991394043
Total Runtime: 0.01121973991394043
Total Runtime: 0.01121973991394043
Total Runtime: 0.01121973991394043
Total Runtime: 0.01121973991394043
Total Runtime: 0.01121973991394043
Total Runtime: 0.01121973991394043
Total Runtime: 0.01121973991394043
Total Runtime: 0.01121973991394043
Total Runtime: 0.01121973991394043
Total Runtime: 0.01121973991394043
Total Runtime: 0.01121973991394043
Total Runtime: 0.01121973991394043
Total Runtime: 0.01121973991394043
Total Runtime: 0.01121973991394043
Total Runtime: 0.01121973991394043
Total Runtime: 0.01121973991394043
Total Runtime: 0.01121973991394043
Total Runtime: 0.011178731918334961
Total Runtime: 0.011178731918334961
Total Runtime: 0.011178731918334961
Total Runtime: 0.011178731918334961
Total Runtime: 0.011178731918334961
Total Runtime: 0.011178731918334961
Total Runtime: 0.011178731918334961
Total Runtime: 0.011178731918334961
Total Runtime: 0.011178731918334961
Total Runtime: 0.011178731918334961
Total Runtime: 0.011178731918334961
Total Runtime: 0.011178731918334961
Total Runtime: 0.011178731918334961
Total Runtime: 0.011178731918334961
Total Runtime: 0.011178731918334961
Total Runtime: 0.011178731918334961
Total Runtime: 0.011178731918334961
Total Runtime: 0.011178731918334961
Total Runtime: 0.010688066482543945
Total Runtime: 0.010688066482543945
Total Runtime: 0.010688066482543945
Total Runtime: 0.010688066482543945
Total Runtime: 0.010688066482543945
Total Runtime: 0.010688066482543945
Total Runtime: 0.010688066482543945
Total Runtime: 0.010688066482543945
Total Runtime: 0.010688066482543945
Total Runtime: 0.010688066482543945
Total Runtime: 0.010688066482543945
Total Runtime: 0.010688066482543945
Total Runtime: 0.010688066482543945
Total Runtime: 0.010688066482543945
Total Runtime: 0.010688066482543945
Total Runtime: 0.010688066482543945
Total Runtime: 0.010688066482543945
Total Runtime: 0.010688066482543945
Total Runtime: 0.014722108840942383
Total Runtime: 0.014722108840942383
Total Runtime: 0.014722108840942383
Total Runtime: 0.014722108840942383
Total Runtime: 0.014722108840942383
Total Runtime: 0.014722108840942383
Total Runtime: 0.014722108840942383
Total Runtime: 0.014722108840942383
Total Runtime: 0.014722108840942383
Total Runtime: 0.014722108840942383
Total Runtime: 0.014722108840942383
Total Runtime: 0.014722108840942383
Total Runtime: 0.014722108840942383
Total Runtime: 0.014722108840942383
Total Runtime: 0.014722108840942383
Total Runtime: 0.014722108840942383
Total Runtime: 0.014722108840942383
Total Runtime: 0.014722108840942383
Total Runtime: 0.026273012161254883
Total Runtime: 0.026273012161254883
Total Runtime: 0.026273012161254883
Total Runtime: 0.026273012161254883
Total Runtime: 0.026273012161254883
Total Runtime: 0.026273012161254883
Total Runtime: 0.026273012161254883
Total Runtime: 0.026273012161254883
Total Runtime: 0.026273012161254883
Total Runtime: 0.026273012161254883
Total Runtime: 0.026273012161254883
Total Runtime: 0.026273012161254883
Total Runtime: 0.026273012161254883
Total Runtime: 0.026273012161254883
Total Runtime: 0.026273012161254883
Total Runtime: 0.026273012161254883
Total Runtime: 0.026273012161254883
Total Runtime: 0.026273012161254883
Loading squeeze_bert model from squeezebert/squeezebert-uncased
Loading squeeze_bert model from squeezebert/squeezebert-uncased
Loading squeeze_bert model from squeezebert/squeezebert-uncased
Loading squeeze_bert model from squeezebert/squeezebert-uncased
Loading squeeze_bert model from squeezebert/squeezebert-uncased
Loading squeeze_bert model from squeezebert/squeezebert-uncased
Loading squeeze_bert model from squeezebert/squeezebert-uncased
Loading squeeze_bert model from squeezebert/squeezebert-uncased
Loading squeeze_bert model from squeezebert/squeezebert-uncased
Loading squeeze_bert model from squeezebert/squeezebert-uncased
Loading squeeze_bert model from squeezebert/squeezebert-uncased
Loading squeeze_bert model from squeezebert/squeezebert-uncased
Loading squeeze_bert model from squeezebert/squeezebert-uncased
Loading squeeze_bert model from squeezebert/squeezebert-uncased
Loading squeeze_bert model from squeezebert/squeezebert-uncased
Loading squeeze_bert model from squeezebert/squeezebert-uncased
Loading squeeze_bert model from squeezebert/squeezebert-uncased
Loading squeeze_bert model from squeezebert/squeezebert-uncased
Loading squeeze_bert model from squeezebert/squeezebert-uncased
Loading squeeze_bert model from squeezebert/squeezebert-uncased
Total Runtime: 0.01146245002746582
Total Runtime: 0.01146245002746582
Total Runtime: 0.01146245002746582
Total Runtime: 0.01146245002746582
Total Runtime: 0.01146245002746582
Total Runtime: 0.01146245002746582
Total Runtime: 0.01146245002746582
Total Runtime: 0.01146245002746582
Total Runtime: 0.01146245002746582
Total Runtime: 0.01146245002746582
Total Runtime: 0.01146245002746582
Total Runtime: 0.01146245002746582
Total Runtime: 0.01146245002746582
Total Runtime: 0.01146245002746582
Total Runtime: 0.01146245002746582
Total Runtime: 0.01146245002746582
Total Runtime: 0.01146245002746582
Total Runtime: 0.01146245002746582
Total Runtime: 0.01146245002746582
Total Runtime: 0.01146245002746582
Total Runtime: 0.011255264282226562
Total Runtime: 0.011255264282226562
Total Runtime: 0.011255264282226562
Total Runtime: 0.011255264282226562
Total Runtime: 0.011255264282226562
Total Runtime: 0.011255264282226562
Total Runtime: 0.011255264282226562
Total Runtime: 0.011255264282226562
Total Runtime: 0.011255264282226562
Total Runtime: 0.011255264282226562
Total Runtime: 0.011255264282226562
Total Runtime: 0.011255264282226562
Total Runtime: 0.011255264282226562
Total Runtime: 0.011255264282226562
Total Runtime: 0.011255264282226562
Total Runtime: 0.011255264282226562
Total Runtime: 0.011255264282226562
Total Runtime: 0.011255264282226562
Total Runtime: 0.011255264282226562
Total Runtime: 0.011255264282226562
Total Runtime: 0.012748956680297852
Total Runtime: 0.012748956680297852
Total Runtime: 0.012748956680297852
Total Runtime: 0.012748956680297852
Total Runtime: 0.012748956680297852
Total Runtime: 0.012748956680297852
Total Runtime: 0.012748956680297852
Total Runtime: 0.012748956680297852
Total Runtime: 0.012748956680297852
Total Runtime: 0.012748956680297852
Total Runtime: 0.012748956680297852
Total Runtime: 0.012748956680297852
Total Runtime: 0.012748956680297852
Total Runtime: 0.012748956680297852
Total Runtime: 0.012748956680297852
Total Runtime: 0.012748956680297852
Total Runtime: 0.012748956680297852
Total Runtime: 0.012748956680297852
Total Runtime: 0.012748956680297852
Total Runtime: 0.012748956680297852
Total Runtime: 0.014176368713378906
Total Runtime: 0.014176368713378906
Total Runtime: 0.014176368713378906
Total Runtime: 0.014176368713378906
Total Runtime: 0.014176368713378906
Total Runtime: 0.014176368713378906
Total Runtime: 0.014176368713378906
Total Runtime: 0.014176368713378906
Total Runtime: 0.014176368713378906
Total Runtime: 0.014176368713378906
Total Runtime: 0.014176368713378906
Total Runtime: 0.014176368713378906
Total Runtime: 0.014176368713378906
Total Runtime: 0.014176368713378906
Total Runtime: 0.014176368713378906
Total Runtime: 0.014176368713378906
Total Runtime: 0.014176368713378906
Total Runtime: 0.014176368713378906
Total Runtime: 0.014176368713378906
Total Runtime: 0.014176368713378906
Total Runtime: 0.014008522033691406
Total Runtime: 0.014008522033691406
Total Runtime: 0.014008522033691406
Total Runtime: 0.014008522033691406
Total Runtime: 0.014008522033691406
Total Runtime: 0.014008522033691406
Total Runtime: 0.014008522033691406
Total Runtime: 0.014008522033691406
Total Runtime: 0.014008522033691406
Total Runtime: 0.014008522033691406
Total Runtime: 0.014008522033691406
Total Runtime: 0.014008522033691406
Total Runtime: 0.014008522033691406
Total Runtime: 0.014008522033691406
Total Runtime: 0.014008522033691406
Total Runtime: 0.014008522033691406
Total Runtime: 0.014008522033691406
Total Runtime: 0.014008522033691406
Total Runtime: 0.014008522033691406
Total Runtime: 0.014008522033691406
Total Runtime: 0.014123678207397461
Total Runtime: 0.014123678207397461
Total Runtime: 0.014123678207397461
Total Runtime: 0.014123678207397461
Total Runtime: 0.014123678207397461
Total Runtime: 0.014123678207397461
Total Runtime: 0.014123678207397461
Total Runtime: 0.014123678207397461
Total Runtime: 0.014123678207397461
Total Runtime: 0.014123678207397461
Total Runtime: 0.014123678207397461
Total Runtime: 0.014123678207397461
Total Runtime: 0.014123678207397461
Total Runtime: 0.014123678207397461
Total Runtime: 0.014123678207397461
Total Runtime: 0.014123678207397461
Total Runtime: 0.014123678207397461
Total Runtime: 0.014123678207397461
Total Runtime: 0.014123678207397461
Total Runtime: 0.014123678207397461
Total Runtime: 0.016671419143676758
Total Runtime: 0.016671419143676758
Total Runtime: 0.016671419143676758
Total Runtime: 0.016671419143676758
Total Runtime: 0.016671419143676758
Total Runtime: 0.016671419143676758
Total Runtime: 0.016671419143676758
Total Runtime: 0.016671419143676758
Total Runtime: 0.016671419143676758
Total Runtime: 0.016671419143676758
Total Runtime: 0.016671419143676758
Total Runtime: 0.016671419143676758
Total Runtime: 0.016671419143676758
Total Runtime: 0.016671419143676758
Total Runtime: 0.016671419143676758
Total Runtime: 0.016671419143676758
Total Runtime: 0.016671419143676758
Total Runtime: 0.016671419143676758
Total Runtime: 0.016671419143676758
Total Runtime: 0.016671419143676758
