usage: main_pretrained.py [-h] [--model_config MODEL_CONFIG]
                          [--device_config DEVICE_CONFIG] [--model MODEL]
                          [--platform PLATFORM] [--device DEVICE]
                          [--device_idx DEVICE_IDX]
                          [--num_threads NUM_THREADS] [--iters ITERS]
                          [--requires_grad] [--use_cuda] [--use_channels_last]
                          [--use_fp16] [--use_jit] [--use_tensorrt]
                          [--use_ipex] [--use_dquant]
                          [--results_dir RESULTS_DIR] [--exp_name EXP_NAME]
main_pretrained.py: error: unrecognized arguments: --use_tf32
usage: main_pretrained.py [-h] [--model_config MODEL_CONFIG]
                          [--device_config DEVICE_CONFIG] [--model MODEL]
                          [--platform PLATFORM] [--device DEVICE]
                          [--device_idx DEVICE_IDX]
                          [--num_threads NUM_THREADS] [--iters ITERS]
                          [--requires_grad] [--use_cuda] [--use_channels_last]
                          [--use_fp16] [--use_jit] [--use_tensorrt]
                          [--use_ipex] [--use_dquant]
                          [--results_dir RESULTS_DIR] [--exp_name EXP_NAME]
main_pretrained.py: error: unrecognized arguments: --use_tf32
usage: main_pretrained.py [-h] [--model_config MODEL_CONFIG]
                          [--device_config DEVICE_CONFIG] [--model MODEL]
                          [--platform PLATFORM] [--device DEVICE]
                          [--device_idx DEVICE_IDX]
                          [--num_threads NUM_THREADS] [--iters ITERS]
                          [--requires_grad] [--use_cuda] [--use_channels_last]
                          [--use_fp16] [--use_jit] [--use_tensorrt]
                          [--use_ipex] [--use_dquant]
                          [--results_dir RESULTS_DIR] [--exp_name EXP_NAME]
main_pretrained.py: error: unrecognized arguments: --use_tf32
usage: main_pretrained.py [-h] [--model_config MODEL_CONFIG]
                          [--device_config DEVICE_CONFIG] [--model MODEL]
                          [--platform PLATFORM] [--device DEVICE]
                          [--device_idx DEVICE_IDX]
                          [--num_threads NUM_THREADS] [--iters ITERS]
                          [--requires_grad] [--use_cuda] [--use_channels_last]
                          [--use_fp16] [--use_jit] [--use_tensorrt]
                          [--use_ipex] [--use_dquant]
                          [--results_dir RESULTS_DIR] [--exp_name EXP_NAME]
main_pretrained.py: error: unrecognized arguments: --use_tf32
usage: main_pretrained.py [-h] [--model_config MODEL_CONFIG]
                          [--device_config DEVICE_CONFIG] [--model MODEL]
                          [--platform PLATFORM] [--device DEVICE]
                          [--device_idx DEVICE_IDX]
                          [--num_threads NUM_THREADS] [--iters ITERS]
                          [--requires_grad] [--use_cuda] [--use_channels_last]
                          [--use_fp16] [--use_jit] [--use_tensorrt]
                          [--use_ipex] [--use_dquant]
                          [--results_dir RESULTS_DIR] [--exp_name EXP_NAME]
main_pretrained.py: error: unrecognized arguments: --use_tf32
usage: main_pretrained.py [-h] [--model_config MODEL_CONFIG]
                          [--device_config DEVICE_CONFIG] [--model MODEL]
                          [--platform PLATFORM] [--device DEVICE]
                          [--device_idx DEVICE_IDX]
                          [--num_threads NUM_THREADS] [--iters ITERS]
                          [--requires_grad] [--use_cuda] [--use_channels_last]
                          [--use_fp16] [--use_jit] [--use_tensorrt]
                          [--use_ipex] [--use_dquant]
                          [--results_dir RESULTS_DIR] [--exp_name EXP_NAME]
main_pretrained.py: error: unrecognized arguments: --use_tf32
usage: main_pretrained.py [-h] [--model_config MODEL_CONFIG]
                          [--device_config DEVICE_CONFIG] [--model MODEL]
                          [--platform PLATFORM] [--device DEVICE]
                          [--device_idx DEVICE_IDX]
                          [--num_threads NUM_THREADS] [--iters ITERS]
                          [--requires_grad] [--use_cuda] [--use_channels_last]
                          [--use_fp16] [--use_jit] [--use_tensorrt]
                          [--use_ipex] [--use_dquant]
                          [--results_dir RESULTS_DIR] [--exp_name EXP_NAME]
main_pretrained.py: error: unrecognized arguments: --use_tf32
