Loading bert model
INFO:a100:Loading bert model
Run Parameters: Namespace(act_fn='relu', batch_size=[64, 128], device='cuda', device_config='pytorch/config/devices/cuda.yaml', device_idx=0, dropout=None, exp_name='pretrained-fp16', input_size=[128], iters=10, model='bert', model_config='pytorch/config/models/transformers.yaml', num_threads=1, platform='a100', randomized_text=True, requires_grad=False, results_dir='experiments/pretrained', use_channels_last=False, use_cuda=True, use_dquant=False, use_fp16=True, use_ipex=False, use_jit=False, use_tensorrt=False)
INFO:a100:Run Parameters: Namespace(act_fn='relu', batch_size=[64, 128], device='cuda', device_config='pytorch/config/devices/cuda.yaml', device_idx=0, dropout=None, exp_name='pretrained-fp16', input_size=[128], iters=10, model='bert', model_config='pytorch/config/models/transformers.yaml', num_threads=1, platform='a100', randomized_text=True, requires_grad=False, results_dir='experiments/pretrained', use_channels_last=False, use_cuda=True, use_dquant=False, use_fp16=True, use_ipex=False, use_jit=False, use_tensorrt=False)
Benchmarking bert -- Batch: 64; Input: 128
INFO:a100:Benchmarking bert -- Batch: 64; Input: 128
Some weights of the model checkpoint at bert-base-uncased were not used when initializing BertModel: ['cls.predictions.transform.LayerNorm.bias', 'cls.predictions.transform.dense.bias', 'cls.seq_relationship.bias', 'cls.predictions.bias', 'cls.predictions.transform.dense.weight', 'cls.predictions.transform.LayerNorm.weight', 'cls.seq_relationship.weight', 'cls.predictions.decoder.weight']
- This IS expected if you are initializing BertModel from the checkpoint of a model trained on another task or with another architecture (e.g. initializing a BertForSequenceClassification model from a BertForPreTraining model).
- This IS NOT expected if you are initializing BertModel from the checkpoint of a model that you expect to be exactly identical (initializing a BertForSequenceClassification model from a BertForSequenceClassification model).
Run Parameters: Namespace(act_fn='relu', batch_size=[64, 128], device='cuda', device_config='pytorch/config/devices/cuda.yaml', device_idx=0, dropout=None, exp_name='pretrained-fp16', input_size=[128], iters=10, model='bert', model_config='pytorch/config/models/transformers.yaml', num_threads=1, platform='a100', randomized_text=True, requires_grad=False, results_dir='experiments/pretrained', use_channels_last=False, use_cuda=True, use_dquant=False, use_fp16=True, use_ipex=False, use_jit=False, use_tensorrt=False)
INFO:a100:Run Parameters: Namespace(act_fn='relu', batch_size=[64, 128], device='cuda', device_config='pytorch/config/devices/cuda.yaml', device_idx=0, dropout=None, exp_name='pretrained-fp16', input_size=[128], iters=10, model='bert', model_config='pytorch/config/models/transformers.yaml', num_threads=1, platform='a100', randomized_text=True, requires_grad=False, results_dir='experiments/pretrained', use_channels_last=False, use_cuda=True, use_dquant=False, use_fp16=True, use_ipex=False, use_jit=False, use_tensorrt=False)
Benchmarking bert -- Batch: 128; Input: 128
INFO:a100:Benchmarking bert -- Batch: 128; Input: 128
Some weights of the model checkpoint at bert-base-uncased were not used when initializing BertModel: ['cls.predictions.transform.LayerNorm.bias', 'cls.predictions.transform.dense.bias', 'cls.seq_relationship.bias', 'cls.predictions.bias', 'cls.predictions.transform.dense.weight', 'cls.predictions.transform.LayerNorm.weight', 'cls.seq_relationship.weight', 'cls.predictions.decoder.weight']
- This IS expected if you are initializing BertModel from the checkpoint of a model trained on another task or with another architecture (e.g. initializing a BertForSequenceClassification model from a BertForPreTraining model).
- This IS NOT expected if you are initializing BertModel from the checkpoint of a model that you expect to be exactly identical (initializing a BertForSequenceClassification model from a BertForSequenceClassification model).
Loading distilbert model
INFO:a100:Loading distilbert model
Run Parameters: Namespace(act_fn='relu', batch_size=[64, 128], device='cuda', device_config='pytorch/config/devices/cuda.yaml', device_idx=0, dropout=None, exp_name='pretrained-fp16', input_size=[128], iters=10, model='distilbert', model_config='pytorch/config/models/transformers.yaml', num_threads=1, platform='a100', randomized_text=True, requires_grad=False, results_dir='experiments/pretrained', use_channels_last=False, use_cuda=True, use_dquant=False, use_fp16=True, use_ipex=False, use_jit=False, use_tensorrt=False)
INFO:a100:Run Parameters: Namespace(act_fn='relu', batch_size=[64, 128], device='cuda', device_config='pytorch/config/devices/cuda.yaml', device_idx=0, dropout=None, exp_name='pretrained-fp16', input_size=[128], iters=10, model='distilbert', model_config='pytorch/config/models/transformers.yaml', num_threads=1, platform='a100', randomized_text=True, requires_grad=False, results_dir='experiments/pretrained', use_channels_last=False, use_cuda=True, use_dquant=False, use_fp16=True, use_ipex=False, use_jit=False, use_tensorrt=False)
Benchmarking distilbert -- Batch: 64; Input: 128
INFO:a100:Benchmarking distilbert -- Batch: 64; Input: 128
Some weights of the model checkpoint at distilbert-base-uncased were not used when initializing DistilBertModel: ['vocab_layer_norm.weight', 'vocab_projector.weight', 'vocab_projector.bias', 'vocab_transform.weight', 'vocab_transform.bias', 'vocab_layer_norm.bias']
- This IS expected if you are initializing DistilBertModel from the checkpoint of a model trained on another task or with another architecture (e.g. initializing a BertForSequenceClassification model from a BertForPreTraining model).
- This IS NOT expected if you are initializing DistilBertModel from the checkpoint of a model that you expect to be exactly identical (initializing a BertForSequenceClassification model from a BertForSequenceClassification model).
Run Parameters: Namespace(act_fn='relu', batch_size=[64, 128], device='cuda', device_config='pytorch/config/devices/cuda.yaml', device_idx=0, dropout=None, exp_name='pretrained-fp16', input_size=[128], iters=10, model='distilbert', model_config='pytorch/config/models/transformers.yaml', num_threads=1, platform='a100', randomized_text=True, requires_grad=False, results_dir='experiments/pretrained', use_channels_last=False, use_cuda=True, use_dquant=False, use_fp16=True, use_ipex=False, use_jit=False, use_tensorrt=False)
INFO:a100:Run Parameters: Namespace(act_fn='relu', batch_size=[64, 128], device='cuda', device_config='pytorch/config/devices/cuda.yaml', device_idx=0, dropout=None, exp_name='pretrained-fp16', input_size=[128], iters=10, model='distilbert', model_config='pytorch/config/models/transformers.yaml', num_threads=1, platform='a100', randomized_text=True, requires_grad=False, results_dir='experiments/pretrained', use_channels_last=False, use_cuda=True, use_dquant=False, use_fp16=True, use_ipex=False, use_jit=False, use_tensorrt=False)
Benchmarking distilbert -- Batch: 128; Input: 128
INFO:a100:Benchmarking distilbert -- Batch: 128; Input: 128
Some weights of the model checkpoint at distilbert-base-uncased were not used when initializing DistilBertModel: ['vocab_layer_norm.weight', 'vocab_projector.weight', 'vocab_projector.bias', 'vocab_transform.weight', 'vocab_transform.bias', 'vocab_layer_norm.bias']
- This IS expected if you are initializing DistilBertModel from the checkpoint of a model trained on another task or with another architecture (e.g. initializing a BertForSequenceClassification model from a BertForPreTraining model).
- This IS NOT expected if you are initializing DistilBertModel from the checkpoint of a model that you expect to be exactly identical (initializing a BertForSequenceClassification model from a BertForSequenceClassification model).
Loading funnel_transformer model
INFO:a100:Loading funnel_transformer model
Run Parameters: Namespace(act_fn='relu', batch_size=[64, 128], device='cuda', device_config='pytorch/config/devices/cuda.yaml', device_idx=0, dropout=None, exp_name='pretrained-fp16', input_size=[128], iters=10, model='funnel_transformer', model_config='pytorch/config/models/transformers.yaml', num_threads=1, platform='a100', randomized_text=True, requires_grad=False, results_dir='experiments/pretrained', use_channels_last=False, use_cuda=True, use_dquant=False, use_fp16=True, use_ipex=False, use_jit=False, use_tensorrt=False)
INFO:a100:Run Parameters: Namespace(act_fn='relu', batch_size=[64, 128], device='cuda', device_config='pytorch/config/devices/cuda.yaml', device_idx=0, dropout=None, exp_name='pretrained-fp16', input_size=[128], iters=10, model='funnel_transformer', model_config='pytorch/config/models/transformers.yaml', num_threads=1, platform='a100', randomized_text=True, requires_grad=False, results_dir='experiments/pretrained', use_channels_last=False, use_cuda=True, use_dquant=False, use_fp16=True, use_ipex=False, use_jit=False, use_tensorrt=False)
Benchmarking funnel_transformer -- Batch: 64; Input: 128
INFO:a100:Benchmarking funnel_transformer -- Batch: 64; Input: 128
Run Parameters: Namespace(act_fn='relu', batch_size=[64, 128], device='cuda', device_config='pytorch/config/devices/cuda.yaml', device_idx=0, dropout=None, exp_name='pretrained-fp16', input_size=[128], iters=10, model='funnel_transformer', model_config='pytorch/config/models/transformers.yaml', num_threads=1, platform='a100', randomized_text=True, requires_grad=False, results_dir='experiments/pretrained', use_channels_last=False, use_cuda=True, use_dquant=False, use_fp16=True, use_ipex=False, use_jit=False, use_tensorrt=False)
INFO:a100:Run Parameters: Namespace(act_fn='relu', batch_size=[64, 128], device='cuda', device_config='pytorch/config/devices/cuda.yaml', device_idx=0, dropout=None, exp_name='pretrained-fp16', input_size=[128], iters=10, model='funnel_transformer', model_config='pytorch/config/models/transformers.yaml', num_threads=1, platform='a100', randomized_text=True, requires_grad=False, results_dir='experiments/pretrained', use_channels_last=False, use_cuda=True, use_dquant=False, use_fp16=True, use_ipex=False, use_jit=False, use_tensorrt=False)
Benchmarking funnel_transformer -- Batch: 128; Input: 128
INFO:a100:Benchmarking funnel_transformer -- Batch: 128; Input: 128
Loading albert model
INFO:a100:Loading albert model
Run Parameters: Namespace(act_fn='relu', batch_size=[64, 128], device='cuda', device_config='pytorch/config/devices/cuda.yaml', device_idx=0, dropout=None, exp_name='pretrained-fp16', input_size=[128], iters=10, model='albert', model_config='pytorch/config/models/transformers.yaml', num_threads=1, platform='a100', randomized_text=True, requires_grad=False, results_dir='experiments/pretrained', use_channels_last=False, use_cuda=True, use_dquant=False, use_fp16=True, use_ipex=False, use_jit=False, use_tensorrt=False)
INFO:a100:Run Parameters: Namespace(act_fn='relu', batch_size=[64, 128], device='cuda', device_config='pytorch/config/devices/cuda.yaml', device_idx=0, dropout=None, exp_name='pretrained-fp16', input_size=[128], iters=10, model='albert', model_config='pytorch/config/models/transformers.yaml', num_threads=1, platform='a100', randomized_text=True, requires_grad=False, results_dir='experiments/pretrained', use_channels_last=False, use_cuda=True, use_dquant=False, use_fp16=True, use_ipex=False, use_jit=False, use_tensorrt=False)
Benchmarking albert -- Batch: 64; Input: 128
INFO:a100:Benchmarking albert -- Batch: 64; Input: 128
Some weights of the model checkpoint at albert-base-v2 were not used when initializing AlbertModel: ['predictions.dense.weight', 'predictions.bias', 'predictions.LayerNorm.bias', 'predictions.decoder.weight', 'predictions.dense.bias', 'predictions.LayerNorm.weight', 'predictions.decoder.bias']
- This IS expected if you are initializing AlbertModel from the checkpoint of a model trained on another task or with another architecture (e.g. initializing a BertForSequenceClassification model from a BertForPreTraining model).
- This IS NOT expected if you are initializing AlbertModel from the checkpoint of a model that you expect to be exactly identical (initializing a BertForSequenceClassification model from a BertForSequenceClassification model).
Run Parameters: Namespace(act_fn='relu', batch_size=[64, 128], device='cuda', device_config='pytorch/config/devices/cuda.yaml', device_idx=0, dropout=None, exp_name='pretrained-fp16', input_size=[128], iters=10, model='albert', model_config='pytorch/config/models/transformers.yaml', num_threads=1, platform='a100', randomized_text=True, requires_grad=False, results_dir='experiments/pretrained', use_channels_last=False, use_cuda=True, use_dquant=False, use_fp16=True, use_ipex=False, use_jit=False, use_tensorrt=False)
INFO:a100:Run Parameters: Namespace(act_fn='relu', batch_size=[64, 128], device='cuda', device_config='pytorch/config/devices/cuda.yaml', device_idx=0, dropout=None, exp_name='pretrained-fp16', input_size=[128], iters=10, model='albert', model_config='pytorch/config/models/transformers.yaml', num_threads=1, platform='a100', randomized_text=True, requires_grad=False, results_dir='experiments/pretrained', use_channels_last=False, use_cuda=True, use_dquant=False, use_fp16=True, use_ipex=False, use_jit=False, use_tensorrt=False)
Benchmarking albert -- Batch: 128; Input: 128
INFO:a100:Benchmarking albert -- Batch: 128; Input: 128
Some weights of the model checkpoint at albert-base-v2 were not used when initializing AlbertModel: ['predictions.dense.weight', 'predictions.bias', 'predictions.LayerNorm.bias', 'predictions.decoder.weight', 'predictions.dense.bias', 'predictions.LayerNorm.weight', 'predictions.decoder.bias']
- This IS expected if you are initializing AlbertModel from the checkpoint of a model trained on another task or with another architecture (e.g. initializing a BertForSequenceClassification model from a BertForPreTraining model).
- This IS NOT expected if you are initializing AlbertModel from the checkpoint of a model that you expect to be exactly identical (initializing a BertForSequenceClassification model from a BertForSequenceClassification model).
Loading longformer model
INFO:a100:Loading longformer model
Run Parameters: Namespace(act_fn='relu', batch_size=[64, 128], device='cuda', device_config='pytorch/config/devices/cuda.yaml', device_idx=0, dropout=None, exp_name='pretrained-fp16', input_size=[128], iters=10, model='longformer', model_config='pytorch/config/models/transformers.yaml', num_threads=1, platform='a100', randomized_text=True, requires_grad=False, results_dir='experiments/pretrained', use_channels_last=False, use_cuda=True, use_dquant=False, use_fp16=True, use_ipex=False, use_jit=False, use_tensorrt=False)
INFO:a100:Run Parameters: Namespace(act_fn='relu', batch_size=[64, 128], device='cuda', device_config='pytorch/config/devices/cuda.yaml', device_idx=0, dropout=None, exp_name='pretrained-fp16', input_size=[128], iters=10, model='longformer', model_config='pytorch/config/models/transformers.yaml', num_threads=1, platform='a100', randomized_text=True, requires_grad=False, results_dir='experiments/pretrained', use_channels_last=False, use_cuda=True, use_dquant=False, use_fp16=True, use_ipex=False, use_jit=False, use_tensorrt=False)
Benchmarking longformer -- Batch: 64; Input: 128
INFO:a100:Benchmarking longformer -- Batch: 64; Input: 128
Some weights of the model checkpoint at allenai/longformer-base-4096 were not used when initializing LongformerModel: ['lm_head.layer_norm.weight', 'lm_head.dense.weight', 'lm_head.decoder.weight', 'lm_head.bias', 'lm_head.dense.bias', 'lm_head.layer_norm.bias']
- This IS expected if you are initializing LongformerModel from the checkpoint of a model trained on another task or with another architecture (e.g. initializing a BertForSequenceClassification model from a BertForPreTraining model).
- This IS NOT expected if you are initializing LongformerModel from the checkpoint of a model that you expect to be exactly identical (initializing a BertForSequenceClassification model from a BertForSequenceClassification model).
Run Parameters: Namespace(act_fn='relu', batch_size=[64, 128], device='cuda', device_config='pytorch/config/devices/cuda.yaml', device_idx=0, dropout=None, exp_name='pretrained-fp16', input_size=[128], iters=10, model='longformer', model_config='pytorch/config/models/transformers.yaml', num_threads=1, platform='a100', randomized_text=True, requires_grad=False, results_dir='experiments/pretrained', use_channels_last=False, use_cuda=True, use_dquant=False, use_fp16=True, use_ipex=False, use_jit=False, use_tensorrt=False)
INFO:a100:Run Parameters: Namespace(act_fn='relu', batch_size=[64, 128], device='cuda', device_config='pytorch/config/devices/cuda.yaml', device_idx=0, dropout=None, exp_name='pretrained-fp16', input_size=[128], iters=10, model='longformer', model_config='pytorch/config/models/transformers.yaml', num_threads=1, platform='a100', randomized_text=True, requires_grad=False, results_dir='experiments/pretrained', use_channels_last=False, use_cuda=True, use_dquant=False, use_fp16=True, use_ipex=False, use_jit=False, use_tensorrt=False)
Benchmarking longformer -- Batch: 128; Input: 128
INFO:a100:Benchmarking longformer -- Batch: 128; Input: 128
Some weights of the model checkpoint at allenai/longformer-base-4096 were not used when initializing LongformerModel: ['lm_head.layer_norm.weight', 'lm_head.dense.weight', 'lm_head.decoder.weight', 'lm_head.bias', 'lm_head.dense.bias', 'lm_head.layer_norm.bias']
- This IS expected if you are initializing LongformerModel from the checkpoint of a model trained on another task or with another architecture (e.g. initializing a BertForSequenceClassification model from a BertForPreTraining model).
- This IS NOT expected if you are initializing LongformerModel from the checkpoint of a model that you expect to be exactly identical (initializing a BertForSequenceClassification model from a BertForSequenceClassification model).
Loading mobile_bert model
INFO:a100:Loading mobile_bert model
Run Parameters: Namespace(act_fn='relu', batch_size=[64, 128], device='cuda', device_config='pytorch/config/devices/cuda.yaml', device_idx=0, dropout=None, exp_name='pretrained-fp16', input_size=[128], iters=10, model='mobile_bert', model_config='pytorch/config/models/transformers.yaml', num_threads=1, platform='a100', randomized_text=True, requires_grad=False, results_dir='experiments/pretrained', use_channels_last=False, use_cuda=True, use_dquant=False, use_fp16=True, use_ipex=False, use_jit=False, use_tensorrt=False)
INFO:a100:Run Parameters: Namespace(act_fn='relu', batch_size=[64, 128], device='cuda', device_config='pytorch/config/devices/cuda.yaml', device_idx=0, dropout=None, exp_name='pretrained-fp16', input_size=[128], iters=10, model='mobile_bert', model_config='pytorch/config/models/transformers.yaml', num_threads=1, platform='a100', randomized_text=True, requires_grad=False, results_dir='experiments/pretrained', use_channels_last=False, use_cuda=True, use_dquant=False, use_fp16=True, use_ipex=False, use_jit=False, use_tensorrt=False)
Benchmarking mobile_bert -- Batch: 64; Input: 128
INFO:a100:Benchmarking mobile_bert -- Batch: 64; Input: 128
Some weights of the model checkpoint at google/mobilebert-uncased were not used when initializing MobileBertModel: ['cls.predictions.transform.dense.weight', 'cls.predictions.transform.LayerNorm.weight', 'cls.predictions.decoder.weight', 'cls.predictions.dense.weight', 'cls.predictions.decoder.bias', 'cls.predictions.bias', 'cls.predictions.transform.LayerNorm.bias', 'cls.predictions.transform.dense.bias', 'cls.seq_relationship.weight', 'cls.seq_relationship.bias']
- This IS expected if you are initializing MobileBertModel from the checkpoint of a model trained on another task or with another architecture (e.g. initializing a BertForSequenceClassification model from a BertForPreTraining model).
- This IS NOT expected if you are initializing MobileBertModel from the checkpoint of a model that you expect to be exactly identical (initializing a BertForSequenceClassification model from a BertForSequenceClassification model).
Run Parameters: Namespace(act_fn='relu', batch_size=[64, 128], device='cuda', device_config='pytorch/config/devices/cuda.yaml', device_idx=0, dropout=None, exp_name='pretrained-fp16', input_size=[128], iters=10, model='mobile_bert', model_config='pytorch/config/models/transformers.yaml', num_threads=1, platform='a100', randomized_text=True, requires_grad=False, results_dir='experiments/pretrained', use_channels_last=False, use_cuda=True, use_dquant=False, use_fp16=True, use_ipex=False, use_jit=False, use_tensorrt=False)
INFO:a100:Run Parameters: Namespace(act_fn='relu', batch_size=[64, 128], device='cuda', device_config='pytorch/config/devices/cuda.yaml', device_idx=0, dropout=None, exp_name='pretrained-fp16', input_size=[128], iters=10, model='mobile_bert', model_config='pytorch/config/models/transformers.yaml', num_threads=1, platform='a100', randomized_text=True, requires_grad=False, results_dir='experiments/pretrained', use_channels_last=False, use_cuda=True, use_dquant=False, use_fp16=True, use_ipex=False, use_jit=False, use_tensorrt=False)
Benchmarking mobile_bert -- Batch: 128; Input: 128
INFO:a100:Benchmarking mobile_bert -- Batch: 128; Input: 128
Some weights of the model checkpoint at google/mobilebert-uncased were not used when initializing MobileBertModel: ['cls.predictions.transform.dense.weight', 'cls.predictions.transform.LayerNorm.weight', 'cls.predictions.decoder.weight', 'cls.predictions.dense.weight', 'cls.predictions.decoder.bias', 'cls.predictions.bias', 'cls.predictions.transform.LayerNorm.bias', 'cls.predictions.transform.dense.bias', 'cls.seq_relationship.weight', 'cls.seq_relationship.bias']
- This IS expected if you are initializing MobileBertModel from the checkpoint of a model trained on another task or with another architecture (e.g. initializing a BertForSequenceClassification model from a BertForPreTraining model).
- This IS NOT expected if you are initializing MobileBertModel from the checkpoint of a model that you expect to be exactly identical (initializing a BertForSequenceClassification model from a BertForSequenceClassification model).
Loading squeeze_bert model
INFO:a100:Loading squeeze_bert model
Run Parameters: Namespace(act_fn='relu', batch_size=[64, 128], device='cuda', device_config='pytorch/config/devices/cuda.yaml', device_idx=0, dropout=None, exp_name='pretrained-fp16', input_size=[128], iters=10, model='squeeze_bert', model_config='pytorch/config/models/transformers.yaml', num_threads=1, platform='a100', randomized_text=True, requires_grad=False, results_dir='experiments/pretrained', use_channels_last=False, use_cuda=True, use_dquant=False, use_fp16=True, use_ipex=False, use_jit=False, use_tensorrt=False)
INFO:a100:Run Parameters: Namespace(act_fn='relu', batch_size=[64, 128], device='cuda', device_config='pytorch/config/devices/cuda.yaml', device_idx=0, dropout=None, exp_name='pretrained-fp16', input_size=[128], iters=10, model='squeeze_bert', model_config='pytorch/config/models/transformers.yaml', num_threads=1, platform='a100', randomized_text=True, requires_grad=False, results_dir='experiments/pretrained', use_channels_last=False, use_cuda=True, use_dquant=False, use_fp16=True, use_ipex=False, use_jit=False, use_tensorrt=False)
Benchmarking squeeze_bert -- Batch: 64; Input: 128
INFO:a100:Benchmarking squeeze_bert -- Batch: 64; Input: 128
Some weights of the model checkpoint at squeezebert/squeezebert-uncased were not used when initializing SqueezeBertModel: ['cls.seq_relationship.bias', 'cls.predictions.transform.LayerNorm.bias', 'cls.predictions.bias', 'cls.seq_relationship.weight', 'cls.predictions.transform.dense.bias', 'cls.predictions.decoder.weight', 'cls.predictions.transform.dense.weight', 'cls.predictions.transform.LayerNorm.weight']
- This IS expected if you are initializing SqueezeBertModel from the checkpoint of a model trained on another task or with another architecture (e.g. initializing a BertForSequenceClassification model from a BertForPreTraining model).
- This IS NOT expected if you are initializing SqueezeBertModel from the checkpoint of a model that you expect to be exactly identical (initializing a BertForSequenceClassification model from a BertForSequenceClassification model).
Run Parameters: Namespace(act_fn='relu', batch_size=[64, 128], device='cuda', device_config='pytorch/config/devices/cuda.yaml', device_idx=0, dropout=None, exp_name='pretrained-fp16', input_size=[128], iters=10, model='squeeze_bert', model_config='pytorch/config/models/transformers.yaml', num_threads=1, platform='a100', randomized_text=True, requires_grad=False, results_dir='experiments/pretrained', use_channels_last=False, use_cuda=True, use_dquant=False, use_fp16=True, use_ipex=False, use_jit=False, use_tensorrt=False)
INFO:a100:Run Parameters: Namespace(act_fn='relu', batch_size=[64, 128], device='cuda', device_config='pytorch/config/devices/cuda.yaml', device_idx=0, dropout=None, exp_name='pretrained-fp16', input_size=[128], iters=10, model='squeeze_bert', model_config='pytorch/config/models/transformers.yaml', num_threads=1, platform='a100', randomized_text=True, requires_grad=False, results_dir='experiments/pretrained', use_channels_last=False, use_cuda=True, use_dquant=False, use_fp16=True, use_ipex=False, use_jit=False, use_tensorrt=False)
Benchmarking squeeze_bert -- Batch: 128; Input: 128
INFO:a100:Benchmarking squeeze_bert -- Batch: 128; Input: 128
Some weights of the model checkpoint at squeezebert/squeezebert-uncased were not used when initializing SqueezeBertModel: ['cls.seq_relationship.bias', 'cls.predictions.transform.LayerNorm.bias', 'cls.predictions.bias', 'cls.seq_relationship.weight', 'cls.predictions.transform.dense.bias', 'cls.predictions.decoder.weight', 'cls.predictions.transform.dense.weight', 'cls.predictions.transform.LayerNorm.weight']
- This IS expected if you are initializing SqueezeBertModel from the checkpoint of a model trained on another task or with another architecture (e.g. initializing a BertForSequenceClassification model from a BertForPreTraining model).
- This IS NOT expected if you are initializing SqueezeBertModel from the checkpoint of a model that you expect to be exactly identical (initializing a BertForSequenceClassification model from a BertForSequenceClassification model).
