Loading resnet50 model
INFO:RTX-8000:Loading resnet50 model
Run Parameters: Namespace(act_fn='relu', batch_size=[1, 2, 4, 8, 16, 32, 64, 128], device='cuda', device_config='pytorch/config/devices/cuda.yaml', device_idx=0, dropout=None, exp_name='pretrained-fp16', input_size=[224], iters=10, model='resnet50', model_config='pytorch/config/models/vision.yaml', num_threads=1, platform='RTX-8000', randomized_text=True, requires_grad=False, results_dir='experiments/pretrained', use_channels_last=False, use_cuda=True, use_dquant=False, use_fp16=True, use_ipex=False, use_jit=False, use_tensorrt=False)
INFO:RTX-8000:Run Parameters: Namespace(act_fn='relu', batch_size=[1, 2, 4, 8, 16, 32, 64, 128], device='cuda', device_config='pytorch/config/devices/cuda.yaml', device_idx=0, dropout=None, exp_name='pretrained-fp16', input_size=[224], iters=10, model='resnet50', model_config='pytorch/config/models/vision.yaml', num_threads=1, platform='RTX-8000', randomized_text=True, requires_grad=False, results_dir='experiments/pretrained', use_channels_last=False, use_cuda=True, use_dquant=False, use_fp16=True, use_ipex=False, use_jit=False, use_tensorrt=False)
Benchmarking resnet50 -- Batch: 1; Input: 224
INFO:RTX-8000:Benchmarking resnet50 -- Batch: 1; Input: 224
/home/jaredfer/anaconda3/envs/device_benchmarking/lib/python3.8/site-packages/torchvision/models/_utils.py:208: UserWarning: The parameter 'pretrained' is deprecated since 0.13 and will be removed in 0.15, please use 'weights' instead.
  warnings.warn(
/home/jaredfer/anaconda3/envs/device_benchmarking/lib/python3.8/site-packages/torchvision/models/_utils.py:223: UserWarning: Arguments other than a weight enum or `None` for 'weights' are deprecated since 0.13 and will be removed in 0.15. The current behavior is equivalent to passing `weights=None`.
  warnings.warn(msg)
Run Parameters: Namespace(act_fn='relu', batch_size=[1, 2, 4, 8, 16, 32, 64, 128], device='cuda', device_config='pytorch/config/devices/cuda.yaml', device_idx=0, dropout=None, exp_name='pretrained-fp16', input_size=[224], iters=10, model='resnet50', model_config='pytorch/config/models/vision.yaml', num_threads=1, platform='RTX-8000', randomized_text=True, requires_grad=False, results_dir='experiments/pretrained', use_channels_last=False, use_cuda=True, use_dquant=False, use_fp16=True, use_ipex=False, use_jit=False, use_tensorrt=False)
INFO:RTX-8000:Run Parameters: Namespace(act_fn='relu', batch_size=[1, 2, 4, 8, 16, 32, 64, 128], device='cuda', device_config='pytorch/config/devices/cuda.yaml', device_idx=0, dropout=None, exp_name='pretrained-fp16', input_size=[224], iters=10, model='resnet50', model_config='pytorch/config/models/vision.yaml', num_threads=1, platform='RTX-8000', randomized_text=True, requires_grad=False, results_dir='experiments/pretrained', use_channels_last=False, use_cuda=True, use_dquant=False, use_fp16=True, use_ipex=False, use_jit=False, use_tensorrt=False)
Benchmarking resnet50 -- Batch: 2; Input: 224
INFO:RTX-8000:Benchmarking resnet50 -- Batch: 2; Input: 224
Run Parameters: Namespace(act_fn='relu', batch_size=[1, 2, 4, 8, 16, 32, 64, 128], device='cuda', device_config='pytorch/config/devices/cuda.yaml', device_idx=0, dropout=None, exp_name='pretrained-fp16', input_size=[224], iters=10, model='resnet50', model_config='pytorch/config/models/vision.yaml', num_threads=1, platform='RTX-8000', randomized_text=True, requires_grad=False, results_dir='experiments/pretrained', use_channels_last=False, use_cuda=True, use_dquant=False, use_fp16=True, use_ipex=False, use_jit=False, use_tensorrt=False)
INFO:RTX-8000:Run Parameters: Namespace(act_fn='relu', batch_size=[1, 2, 4, 8, 16, 32, 64, 128], device='cuda', device_config='pytorch/config/devices/cuda.yaml', device_idx=0, dropout=None, exp_name='pretrained-fp16', input_size=[224], iters=10, model='resnet50', model_config='pytorch/config/models/vision.yaml', num_threads=1, platform='RTX-8000', randomized_text=True, requires_grad=False, results_dir='experiments/pretrained', use_channels_last=False, use_cuda=True, use_dquant=False, use_fp16=True, use_ipex=False, use_jit=False, use_tensorrt=False)
Benchmarking resnet50 -- Batch: 4; Input: 224
INFO:RTX-8000:Benchmarking resnet50 -- Batch: 4; Input: 224
Run Parameters: Namespace(act_fn='relu', batch_size=[1, 2, 4, 8, 16, 32, 64, 128], device='cuda', device_config='pytorch/config/devices/cuda.yaml', device_idx=0, dropout=None, exp_name='pretrained-fp16', input_size=[224], iters=10, model='resnet50', model_config='pytorch/config/models/vision.yaml', num_threads=1, platform='RTX-8000', randomized_text=True, requires_grad=False, results_dir='experiments/pretrained', use_channels_last=False, use_cuda=True, use_dquant=False, use_fp16=True, use_ipex=False, use_jit=False, use_tensorrt=False)
INFO:RTX-8000:Run Parameters: Namespace(act_fn='relu', batch_size=[1, 2, 4, 8, 16, 32, 64, 128], device='cuda', device_config='pytorch/config/devices/cuda.yaml', device_idx=0, dropout=None, exp_name='pretrained-fp16', input_size=[224], iters=10, model='resnet50', model_config='pytorch/config/models/vision.yaml', num_threads=1, platform='RTX-8000', randomized_text=True, requires_grad=False, results_dir='experiments/pretrained', use_channels_last=False, use_cuda=True, use_dquant=False, use_fp16=True, use_ipex=False, use_jit=False, use_tensorrt=False)
Benchmarking resnet50 -- Batch: 8; Input: 224
INFO:RTX-8000:Benchmarking resnet50 -- Batch: 8; Input: 224
Run Parameters: Namespace(act_fn='relu', batch_size=[1, 2, 4, 8, 16, 32, 64, 128], device='cuda', device_config='pytorch/config/devices/cuda.yaml', device_idx=0, dropout=None, exp_name='pretrained-fp16', input_size=[224], iters=10, model='resnet50', model_config='pytorch/config/models/vision.yaml', num_threads=1, platform='RTX-8000', randomized_text=True, requires_grad=False, results_dir='experiments/pretrained', use_channels_last=False, use_cuda=True, use_dquant=False, use_fp16=True, use_ipex=False, use_jit=False, use_tensorrt=False)
INFO:RTX-8000:Run Parameters: Namespace(act_fn='relu', batch_size=[1, 2, 4, 8, 16, 32, 64, 128], device='cuda', device_config='pytorch/config/devices/cuda.yaml', device_idx=0, dropout=None, exp_name='pretrained-fp16', input_size=[224], iters=10, model='resnet50', model_config='pytorch/config/models/vision.yaml', num_threads=1, platform='RTX-8000', randomized_text=True, requires_grad=False, results_dir='experiments/pretrained', use_channels_last=False, use_cuda=True, use_dquant=False, use_fp16=True, use_ipex=False, use_jit=False, use_tensorrt=False)
Benchmarking resnet50 -- Batch: 16; Input: 224
INFO:RTX-8000:Benchmarking resnet50 -- Batch: 16; Input: 224
Run Parameters: Namespace(act_fn='relu', batch_size=[1, 2, 4, 8, 16, 32, 64, 128], device='cuda', device_config='pytorch/config/devices/cuda.yaml', device_idx=0, dropout=None, exp_name='pretrained-fp16', input_size=[224], iters=10, model='resnet50', model_config='pytorch/config/models/vision.yaml', num_threads=1, platform='RTX-8000', randomized_text=True, requires_grad=False, results_dir='experiments/pretrained', use_channels_last=False, use_cuda=True, use_dquant=False, use_fp16=True, use_ipex=False, use_jit=False, use_tensorrt=False)
INFO:RTX-8000:Run Parameters: Namespace(act_fn='relu', batch_size=[1, 2, 4, 8, 16, 32, 64, 128], device='cuda', device_config='pytorch/config/devices/cuda.yaml', device_idx=0, dropout=None, exp_name='pretrained-fp16', input_size=[224], iters=10, model='resnet50', model_config='pytorch/config/models/vision.yaml', num_threads=1, platform='RTX-8000', randomized_text=True, requires_grad=False, results_dir='experiments/pretrained', use_channels_last=False, use_cuda=True, use_dquant=False, use_fp16=True, use_ipex=False, use_jit=False, use_tensorrt=False)
Benchmarking resnet50 -- Batch: 32; Input: 224
INFO:RTX-8000:Benchmarking resnet50 -- Batch: 32; Input: 224
Run Parameters: Namespace(act_fn='relu', batch_size=[1, 2, 4, 8, 16, 32, 64, 128], device='cuda', device_config='pytorch/config/devices/cuda.yaml', device_idx=0, dropout=None, exp_name='pretrained-fp16', input_size=[224], iters=10, model='resnet50', model_config='pytorch/config/models/vision.yaml', num_threads=1, platform='RTX-8000', randomized_text=True, requires_grad=False, results_dir='experiments/pretrained', use_channels_last=False, use_cuda=True, use_dquant=False, use_fp16=True, use_ipex=False, use_jit=False, use_tensorrt=False)
INFO:RTX-8000:Run Parameters: Namespace(act_fn='relu', batch_size=[1, 2, 4, 8, 16, 32, 64, 128], device='cuda', device_config='pytorch/config/devices/cuda.yaml', device_idx=0, dropout=None, exp_name='pretrained-fp16', input_size=[224], iters=10, model='resnet50', model_config='pytorch/config/models/vision.yaml', num_threads=1, platform='RTX-8000', randomized_text=True, requires_grad=False, results_dir='experiments/pretrained', use_channels_last=False, use_cuda=True, use_dquant=False, use_fp16=True, use_ipex=False, use_jit=False, use_tensorrt=False)
Benchmarking resnet50 -- Batch: 64; Input: 224
INFO:RTX-8000:Benchmarking resnet50 -- Batch: 64; Input: 224
Run Parameters: Namespace(act_fn='relu', batch_size=[1, 2, 4, 8, 16, 32, 64, 128], device='cuda', device_config='pytorch/config/devices/cuda.yaml', device_idx=0, dropout=None, exp_name='pretrained-fp16', input_size=[224], iters=10, model='resnet50', model_config='pytorch/config/models/vision.yaml', num_threads=1, platform='RTX-8000', randomized_text=True, requires_grad=False, results_dir='experiments/pretrained', use_channels_last=False, use_cuda=True, use_dquant=False, use_fp16=True, use_ipex=False, use_jit=False, use_tensorrt=False)
INFO:RTX-8000:Run Parameters: Namespace(act_fn='relu', batch_size=[1, 2, 4, 8, 16, 32, 64, 128], device='cuda', device_config='pytorch/config/devices/cuda.yaml', device_idx=0, dropout=None, exp_name='pretrained-fp16', input_size=[224], iters=10, model='resnet50', model_config='pytorch/config/models/vision.yaml', num_threads=1, platform='RTX-8000', randomized_text=True, requires_grad=False, results_dir='experiments/pretrained', use_channels_last=False, use_cuda=True, use_dquant=False, use_fp16=True, use_ipex=False, use_jit=False, use_tensorrt=False)
Benchmarking resnet50 -- Batch: 128; Input: 224
INFO:RTX-8000:Benchmarking resnet50 -- Batch: 128; Input: 224
Loading resnet101 model
INFO:RTX-8000:Loading resnet101 model
Run Parameters: Namespace(act_fn='relu', batch_size=[1, 2, 4, 8, 16, 32, 64, 128], device='cuda', device_config='pytorch/config/devices/cuda.yaml', device_idx=0, dropout=None, exp_name='pretrained-fp16', input_size=[224], iters=10, model='resnet101', model_config='pytorch/config/models/vision.yaml', num_threads=1, platform='RTX-8000', randomized_text=True, requires_grad=False, results_dir='experiments/pretrained', use_channels_last=False, use_cuda=True, use_dquant=False, use_fp16=True, use_ipex=False, use_jit=False, use_tensorrt=False)
INFO:RTX-8000:Run Parameters: Namespace(act_fn='relu', batch_size=[1, 2, 4, 8, 16, 32, 64, 128], device='cuda', device_config='pytorch/config/devices/cuda.yaml', device_idx=0, dropout=None, exp_name='pretrained-fp16', input_size=[224], iters=10, model='resnet101', model_config='pytorch/config/models/vision.yaml', num_threads=1, platform='RTX-8000', randomized_text=True, requires_grad=False, results_dir='experiments/pretrained', use_channels_last=False, use_cuda=True, use_dquant=False, use_fp16=True, use_ipex=False, use_jit=False, use_tensorrt=False)
Benchmarking resnet101 -- Batch: 1; Input: 224
INFO:RTX-8000:Benchmarking resnet101 -- Batch: 1; Input: 224
/home/jaredfer/anaconda3/envs/device_benchmarking/lib/python3.8/site-packages/torchvision/models/_utils.py:208: UserWarning: The parameter 'pretrained' is deprecated since 0.13 and will be removed in 0.15, please use 'weights' instead.
  warnings.warn(
/home/jaredfer/anaconda3/envs/device_benchmarking/lib/python3.8/site-packages/torchvision/models/_utils.py:223: UserWarning: Arguments other than a weight enum or `None` for 'weights' are deprecated since 0.13 and will be removed in 0.15. The current behavior is equivalent to passing `weights=None`.
  warnings.warn(msg)
Run Parameters: Namespace(act_fn='relu', batch_size=[1, 2, 4, 8, 16, 32, 64, 128], device='cuda', device_config='pytorch/config/devices/cuda.yaml', device_idx=0, dropout=None, exp_name='pretrained-fp16', input_size=[224], iters=10, model='resnet101', model_config='pytorch/config/models/vision.yaml', num_threads=1, platform='RTX-8000', randomized_text=True, requires_grad=False, results_dir='experiments/pretrained', use_channels_last=False, use_cuda=True, use_dquant=False, use_fp16=True, use_ipex=False, use_jit=False, use_tensorrt=False)
INFO:RTX-8000:Run Parameters: Namespace(act_fn='relu', batch_size=[1, 2, 4, 8, 16, 32, 64, 128], device='cuda', device_config='pytorch/config/devices/cuda.yaml', device_idx=0, dropout=None, exp_name='pretrained-fp16', input_size=[224], iters=10, model='resnet101', model_config='pytorch/config/models/vision.yaml', num_threads=1, platform='RTX-8000', randomized_text=True, requires_grad=False, results_dir='experiments/pretrained', use_channels_last=False, use_cuda=True, use_dquant=False, use_fp16=True, use_ipex=False, use_jit=False, use_tensorrt=False)
Benchmarking resnet101 -- Batch: 2; Input: 224
INFO:RTX-8000:Benchmarking resnet101 -- Batch: 2; Input: 224
Run Parameters: Namespace(act_fn='relu', batch_size=[1, 2, 4, 8, 16, 32, 64, 128], device='cuda', device_config='pytorch/config/devices/cuda.yaml', device_idx=0, dropout=None, exp_name='pretrained-fp16', input_size=[224], iters=10, model='resnet101', model_config='pytorch/config/models/vision.yaml', num_threads=1, platform='RTX-8000', randomized_text=True, requires_grad=False, results_dir='experiments/pretrained', use_channels_last=False, use_cuda=True, use_dquant=False, use_fp16=True, use_ipex=False, use_jit=False, use_tensorrt=False)
INFO:RTX-8000:Run Parameters: Namespace(act_fn='relu', batch_size=[1, 2, 4, 8, 16, 32, 64, 128], device='cuda', device_config='pytorch/config/devices/cuda.yaml', device_idx=0, dropout=None, exp_name='pretrained-fp16', input_size=[224], iters=10, model='resnet101', model_config='pytorch/config/models/vision.yaml', num_threads=1, platform='RTX-8000', randomized_text=True, requires_grad=False, results_dir='experiments/pretrained', use_channels_last=False, use_cuda=True, use_dquant=False, use_fp16=True, use_ipex=False, use_jit=False, use_tensorrt=False)
Benchmarking resnet101 -- Batch: 4; Input: 224
INFO:RTX-8000:Benchmarking resnet101 -- Batch: 4; Input: 224
Run Parameters: Namespace(act_fn='relu', batch_size=[1, 2, 4, 8, 16, 32, 64, 128], device='cuda', device_config='pytorch/config/devices/cuda.yaml', device_idx=0, dropout=None, exp_name='pretrained-fp16', input_size=[224], iters=10, model='resnet101', model_config='pytorch/config/models/vision.yaml', num_threads=1, platform='RTX-8000', randomized_text=True, requires_grad=False, results_dir='experiments/pretrained', use_channels_last=False, use_cuda=True, use_dquant=False, use_fp16=True, use_ipex=False, use_jit=False, use_tensorrt=False)
INFO:RTX-8000:Run Parameters: Namespace(act_fn='relu', batch_size=[1, 2, 4, 8, 16, 32, 64, 128], device='cuda', device_config='pytorch/config/devices/cuda.yaml', device_idx=0, dropout=None, exp_name='pretrained-fp16', input_size=[224], iters=10, model='resnet101', model_config='pytorch/config/models/vision.yaml', num_threads=1, platform='RTX-8000', randomized_text=True, requires_grad=False, results_dir='experiments/pretrained', use_channels_last=False, use_cuda=True, use_dquant=False, use_fp16=True, use_ipex=False, use_jit=False, use_tensorrt=False)
Benchmarking resnet101 -- Batch: 8; Input: 224
INFO:RTX-8000:Benchmarking resnet101 -- Batch: 8; Input: 224
Run Parameters: Namespace(act_fn='relu', batch_size=[1, 2, 4, 8, 16, 32, 64, 128], device='cuda', device_config='pytorch/config/devices/cuda.yaml', device_idx=0, dropout=None, exp_name='pretrained-fp16', input_size=[224], iters=10, model='resnet101', model_config='pytorch/config/models/vision.yaml', num_threads=1, platform='RTX-8000', randomized_text=True, requires_grad=False, results_dir='experiments/pretrained', use_channels_last=False, use_cuda=True, use_dquant=False, use_fp16=True, use_ipex=False, use_jit=False, use_tensorrt=False)
INFO:RTX-8000:Run Parameters: Namespace(act_fn='relu', batch_size=[1, 2, 4, 8, 16, 32, 64, 128], device='cuda', device_config='pytorch/config/devices/cuda.yaml', device_idx=0, dropout=None, exp_name='pretrained-fp16', input_size=[224], iters=10, model='resnet101', model_config='pytorch/config/models/vision.yaml', num_threads=1, platform='RTX-8000', randomized_text=True, requires_grad=False, results_dir='experiments/pretrained', use_channels_last=False, use_cuda=True, use_dquant=False, use_fp16=True, use_ipex=False, use_jit=False, use_tensorrt=False)
Benchmarking resnet101 -- Batch: 16; Input: 224
INFO:RTX-8000:Benchmarking resnet101 -- Batch: 16; Input: 224
Run Parameters: Namespace(act_fn='relu', batch_size=[1, 2, 4, 8, 16, 32, 64, 128], device='cuda', device_config='pytorch/config/devices/cuda.yaml', device_idx=0, dropout=None, exp_name='pretrained-fp16', input_size=[224], iters=10, model='resnet101', model_config='pytorch/config/models/vision.yaml', num_threads=1, platform='RTX-8000', randomized_text=True, requires_grad=False, results_dir='experiments/pretrained', use_channels_last=False, use_cuda=True, use_dquant=False, use_fp16=True, use_ipex=False, use_jit=False, use_tensorrt=False)
INFO:RTX-8000:Run Parameters: Namespace(act_fn='relu', batch_size=[1, 2, 4, 8, 16, 32, 64, 128], device='cuda', device_config='pytorch/config/devices/cuda.yaml', device_idx=0, dropout=None, exp_name='pretrained-fp16', input_size=[224], iters=10, model='resnet101', model_config='pytorch/config/models/vision.yaml', num_threads=1, platform='RTX-8000', randomized_text=True, requires_grad=False, results_dir='experiments/pretrained', use_channels_last=False, use_cuda=True, use_dquant=False, use_fp16=True, use_ipex=False, use_jit=False, use_tensorrt=False)
Benchmarking resnet101 -- Batch: 32; Input: 224
INFO:RTX-8000:Benchmarking resnet101 -- Batch: 32; Input: 224
Run Parameters: Namespace(act_fn='relu', batch_size=[1, 2, 4, 8, 16, 32, 64, 128], device='cuda', device_config='pytorch/config/devices/cuda.yaml', device_idx=0, dropout=None, exp_name='pretrained-fp16', input_size=[224], iters=10, model='resnet101', model_config='pytorch/config/models/vision.yaml', num_threads=1, platform='RTX-8000', randomized_text=True, requires_grad=False, results_dir='experiments/pretrained', use_channels_last=False, use_cuda=True, use_dquant=False, use_fp16=True, use_ipex=False, use_jit=False, use_tensorrt=False)
INFO:RTX-8000:Run Parameters: Namespace(act_fn='relu', batch_size=[1, 2, 4, 8, 16, 32, 64, 128], device='cuda', device_config='pytorch/config/devices/cuda.yaml', device_idx=0, dropout=None, exp_name='pretrained-fp16', input_size=[224], iters=10, model='resnet101', model_config='pytorch/config/models/vision.yaml', num_threads=1, platform='RTX-8000', randomized_text=True, requires_grad=False, results_dir='experiments/pretrained', use_channels_last=False, use_cuda=True, use_dquant=False, use_fp16=True, use_ipex=False, use_jit=False, use_tensorrt=False)
Benchmarking resnet101 -- Batch: 64; Input: 224
INFO:RTX-8000:Benchmarking resnet101 -- Batch: 64; Input: 224
Run Parameters: Namespace(act_fn='relu', batch_size=[1, 2, 4, 8, 16, 32, 64, 128], device='cuda', device_config='pytorch/config/devices/cuda.yaml', device_idx=0, dropout=None, exp_name='pretrained-fp16', input_size=[224], iters=10, model='resnet101', model_config='pytorch/config/models/vision.yaml', num_threads=1, platform='RTX-8000', randomized_text=True, requires_grad=False, results_dir='experiments/pretrained', use_channels_last=False, use_cuda=True, use_dquant=False, use_fp16=True, use_ipex=False, use_jit=False, use_tensorrt=False)
INFO:RTX-8000:Run Parameters: Namespace(act_fn='relu', batch_size=[1, 2, 4, 8, 16, 32, 64, 128], device='cuda', device_config='pytorch/config/devices/cuda.yaml', device_idx=0, dropout=None, exp_name='pretrained-fp16', input_size=[224], iters=10, model='resnet101', model_config='pytorch/config/models/vision.yaml', num_threads=1, platform='RTX-8000', randomized_text=True, requires_grad=False, results_dir='experiments/pretrained', use_channels_last=False, use_cuda=True, use_dquant=False, use_fp16=True, use_ipex=False, use_jit=False, use_tensorrt=False)
Benchmarking resnet101 -- Batch: 128; Input: 224
INFO:RTX-8000:Benchmarking resnet101 -- Batch: 128; Input: 224
Loading resnet152 model
INFO:RTX-8000:Loading resnet152 model
Run Parameters: Namespace(act_fn='relu', batch_size=[1, 2, 4, 8, 16, 32, 64, 128], device='cuda', device_config='pytorch/config/devices/cuda.yaml', device_idx=0, dropout=None, exp_name='pretrained-fp16', input_size=[224], iters=10, model='resnet152', model_config='pytorch/config/models/vision.yaml', num_threads=1, platform='RTX-8000', randomized_text=True, requires_grad=False, results_dir='experiments/pretrained', use_channels_last=False, use_cuda=True, use_dquant=False, use_fp16=True, use_ipex=False, use_jit=False, use_tensorrt=False)
INFO:RTX-8000:Run Parameters: Namespace(act_fn='relu', batch_size=[1, 2, 4, 8, 16, 32, 64, 128], device='cuda', device_config='pytorch/config/devices/cuda.yaml', device_idx=0, dropout=None, exp_name='pretrained-fp16', input_size=[224], iters=10, model='resnet152', model_config='pytorch/config/models/vision.yaml', num_threads=1, platform='RTX-8000', randomized_text=True, requires_grad=False, results_dir='experiments/pretrained', use_channels_last=False, use_cuda=True, use_dquant=False, use_fp16=True, use_ipex=False, use_jit=False, use_tensorrt=False)
Benchmarking resnet152 -- Batch: 1; Input: 224
INFO:RTX-8000:Benchmarking resnet152 -- Batch: 1; Input: 224
/home/jaredfer/anaconda3/envs/device_benchmarking/lib/python3.8/site-packages/torchvision/models/_utils.py:208: UserWarning: The parameter 'pretrained' is deprecated since 0.13 and will be removed in 0.15, please use 'weights' instead.
  warnings.warn(
/home/jaredfer/anaconda3/envs/device_benchmarking/lib/python3.8/site-packages/torchvision/models/_utils.py:223: UserWarning: Arguments other than a weight enum or `None` for 'weights' are deprecated since 0.13 and will be removed in 0.15. The current behavior is equivalent to passing `weights=None`.
  warnings.warn(msg)
Run Parameters: Namespace(act_fn='relu', batch_size=[1, 2, 4, 8, 16, 32, 64, 128], device='cuda', device_config='pytorch/config/devices/cuda.yaml', device_idx=0, dropout=None, exp_name='pretrained-fp16', input_size=[224], iters=10, model='resnet152', model_config='pytorch/config/models/vision.yaml', num_threads=1, platform='RTX-8000', randomized_text=True, requires_grad=False, results_dir='experiments/pretrained', use_channels_last=False, use_cuda=True, use_dquant=False, use_fp16=True, use_ipex=False, use_jit=False, use_tensorrt=False)
INFO:RTX-8000:Run Parameters: Namespace(act_fn='relu', batch_size=[1, 2, 4, 8, 16, 32, 64, 128], device='cuda', device_config='pytorch/config/devices/cuda.yaml', device_idx=0, dropout=None, exp_name='pretrained-fp16', input_size=[224], iters=10, model='resnet152', model_config='pytorch/config/models/vision.yaml', num_threads=1, platform='RTX-8000', randomized_text=True, requires_grad=False, results_dir='experiments/pretrained', use_channels_last=False, use_cuda=True, use_dquant=False, use_fp16=True, use_ipex=False, use_jit=False, use_tensorrt=False)
Benchmarking resnet152 -- Batch: 2; Input: 224
INFO:RTX-8000:Benchmarking resnet152 -- Batch: 2; Input: 224
Run Parameters: Namespace(act_fn='relu', batch_size=[1, 2, 4, 8, 16, 32, 64, 128], device='cuda', device_config='pytorch/config/devices/cuda.yaml', device_idx=0, dropout=None, exp_name='pretrained-fp16', input_size=[224], iters=10, model='resnet152', model_config='pytorch/config/models/vision.yaml', num_threads=1, platform='RTX-8000', randomized_text=True, requires_grad=False, results_dir='experiments/pretrained', use_channels_last=False, use_cuda=True, use_dquant=False, use_fp16=True, use_ipex=False, use_jit=False, use_tensorrt=False)
INFO:RTX-8000:Run Parameters: Namespace(act_fn='relu', batch_size=[1, 2, 4, 8, 16, 32, 64, 128], device='cuda', device_config='pytorch/config/devices/cuda.yaml', device_idx=0, dropout=None, exp_name='pretrained-fp16', input_size=[224], iters=10, model='resnet152', model_config='pytorch/config/models/vision.yaml', num_threads=1, platform='RTX-8000', randomized_text=True, requires_grad=False, results_dir='experiments/pretrained', use_channels_last=False, use_cuda=True, use_dquant=False, use_fp16=True, use_ipex=False, use_jit=False, use_tensorrt=False)
Benchmarking resnet152 -- Batch: 4; Input: 224
INFO:RTX-8000:Benchmarking resnet152 -- Batch: 4; Input: 224
Run Parameters: Namespace(act_fn='relu', batch_size=[1, 2, 4, 8, 16, 32, 64, 128], device='cuda', device_config='pytorch/config/devices/cuda.yaml', device_idx=0, dropout=None, exp_name='pretrained-fp16', input_size=[224], iters=10, model='resnet152', model_config='pytorch/config/models/vision.yaml', num_threads=1, platform='RTX-8000', randomized_text=True, requires_grad=False, results_dir='experiments/pretrained', use_channels_last=False, use_cuda=True, use_dquant=False, use_fp16=True, use_ipex=False, use_jit=False, use_tensorrt=False)
INFO:RTX-8000:Run Parameters: Namespace(act_fn='relu', batch_size=[1, 2, 4, 8, 16, 32, 64, 128], device='cuda', device_config='pytorch/config/devices/cuda.yaml', device_idx=0, dropout=None, exp_name='pretrained-fp16', input_size=[224], iters=10, model='resnet152', model_config='pytorch/config/models/vision.yaml', num_threads=1, platform='RTX-8000', randomized_text=True, requires_grad=False, results_dir='experiments/pretrained', use_channels_last=False, use_cuda=True, use_dquant=False, use_fp16=True, use_ipex=False, use_jit=False, use_tensorrt=False)
Benchmarking resnet152 -- Batch: 8; Input: 224
INFO:RTX-8000:Benchmarking resnet152 -- Batch: 8; Input: 224
Run Parameters: Namespace(act_fn='relu', batch_size=[1, 2, 4, 8, 16, 32, 64, 128], device='cuda', device_config='pytorch/config/devices/cuda.yaml', device_idx=0, dropout=None, exp_name='pretrained-fp16', input_size=[224], iters=10, model='resnet152', model_config='pytorch/config/models/vision.yaml', num_threads=1, platform='RTX-8000', randomized_text=True, requires_grad=False, results_dir='experiments/pretrained', use_channels_last=False, use_cuda=True, use_dquant=False, use_fp16=True, use_ipex=False, use_jit=False, use_tensorrt=False)
INFO:RTX-8000:Run Parameters: Namespace(act_fn='relu', batch_size=[1, 2, 4, 8, 16, 32, 64, 128], device='cuda', device_config='pytorch/config/devices/cuda.yaml', device_idx=0, dropout=None, exp_name='pretrained-fp16', input_size=[224], iters=10, model='resnet152', model_config='pytorch/config/models/vision.yaml', num_threads=1, platform='RTX-8000', randomized_text=True, requires_grad=False, results_dir='experiments/pretrained', use_channels_last=False, use_cuda=True, use_dquant=False, use_fp16=True, use_ipex=False, use_jit=False, use_tensorrt=False)
Benchmarking resnet152 -- Batch: 16; Input: 224
INFO:RTX-8000:Benchmarking resnet152 -- Batch: 16; Input: 224
Run Parameters: Namespace(act_fn='relu', batch_size=[1, 2, 4, 8, 16, 32, 64, 128], device='cuda', device_config='pytorch/config/devices/cuda.yaml', device_idx=0, dropout=None, exp_name='pretrained-fp16', input_size=[224], iters=10, model='resnet152', model_config='pytorch/config/models/vision.yaml', num_threads=1, platform='RTX-8000', randomized_text=True, requires_grad=False, results_dir='experiments/pretrained', use_channels_last=False, use_cuda=True, use_dquant=False, use_fp16=True, use_ipex=False, use_jit=False, use_tensorrt=False)
INFO:RTX-8000:Run Parameters: Namespace(act_fn='relu', batch_size=[1, 2, 4, 8, 16, 32, 64, 128], device='cuda', device_config='pytorch/config/devices/cuda.yaml', device_idx=0, dropout=None, exp_name='pretrained-fp16', input_size=[224], iters=10, model='resnet152', model_config='pytorch/config/models/vision.yaml', num_threads=1, platform='RTX-8000', randomized_text=True, requires_grad=False, results_dir='experiments/pretrained', use_channels_last=False, use_cuda=True, use_dquant=False, use_fp16=True, use_ipex=False, use_jit=False, use_tensorrt=False)
Benchmarking resnet152 -- Batch: 32; Input: 224
INFO:RTX-8000:Benchmarking resnet152 -- Batch: 32; Input: 224
Run Parameters: Namespace(act_fn='relu', batch_size=[1, 2, 4, 8, 16, 32, 64, 128], device='cuda', device_config='pytorch/config/devices/cuda.yaml', device_idx=0, dropout=None, exp_name='pretrained-fp16', input_size=[224], iters=10, model='resnet152', model_config='pytorch/config/models/vision.yaml', num_threads=1, platform='RTX-8000', randomized_text=True, requires_grad=False, results_dir='experiments/pretrained', use_channels_last=False, use_cuda=True, use_dquant=False, use_fp16=True, use_ipex=False, use_jit=False, use_tensorrt=False)
INFO:RTX-8000:Run Parameters: Namespace(act_fn='relu', batch_size=[1, 2, 4, 8, 16, 32, 64, 128], device='cuda', device_config='pytorch/config/devices/cuda.yaml', device_idx=0, dropout=None, exp_name='pretrained-fp16', input_size=[224], iters=10, model='resnet152', model_config='pytorch/config/models/vision.yaml', num_threads=1, platform='RTX-8000', randomized_text=True, requires_grad=False, results_dir='experiments/pretrained', use_channels_last=False, use_cuda=True, use_dquant=False, use_fp16=True, use_ipex=False, use_jit=False, use_tensorrt=False)
Benchmarking resnet152 -- Batch: 64; Input: 224
INFO:RTX-8000:Benchmarking resnet152 -- Batch: 64; Input: 224
Run Parameters: Namespace(act_fn='relu', batch_size=[1, 2, 4, 8, 16, 32, 64, 128], device='cuda', device_config='pytorch/config/devices/cuda.yaml', device_idx=0, dropout=None, exp_name='pretrained-fp16', input_size=[224], iters=10, model='resnet152', model_config='pytorch/config/models/vision.yaml', num_threads=1, platform='RTX-8000', randomized_text=True, requires_grad=False, results_dir='experiments/pretrained', use_channels_last=False, use_cuda=True, use_dquant=False, use_fp16=True, use_ipex=False, use_jit=False, use_tensorrt=False)
INFO:RTX-8000:Run Parameters: Namespace(act_fn='relu', batch_size=[1, 2, 4, 8, 16, 32, 64, 128], device='cuda', device_config='pytorch/config/devices/cuda.yaml', device_idx=0, dropout=None, exp_name='pretrained-fp16', input_size=[224], iters=10, model='resnet152', model_config='pytorch/config/models/vision.yaml', num_threads=1, platform='RTX-8000', randomized_text=True, requires_grad=False, results_dir='experiments/pretrained', use_channels_last=False, use_cuda=True, use_dquant=False, use_fp16=True, use_ipex=False, use_jit=False, use_tensorrt=False)
Benchmarking resnet152 -- Batch: 128; Input: 224
INFO:RTX-8000:Benchmarking resnet152 -- Batch: 128; Input: 224
