Loading bert model.
Input Shape: torch.Size([1, 1]) - Time: 0.05395710469997539
Total Runtime: 4.765046834945679
Input Shape: torch.Size([1, 2]) - Time: 0.06105783910002174
Total Runtime: 1.878577470779419
Input Shape: torch.Size([1, 4]) - Time: 0.06008581295000113
Total Runtime: 1.8084995746612549
Input Shape: torch.Size([1, 8]) - Time: 0.053947634900032425
Total Runtime: 1.6707093715667725
Input Shape: torch.Size([1, 16]) - Time: 0.06153040614999554
Total Runtime: 1.8210976123809814
Input Shape: torch.Size([1, 32]) - Time: 0.06309412799996608
Total Runtime: 1.881169319152832
Input Shape: torch.Size([1, 64]) - Time: 0.08640618425001775
Total Runtime: 2.3724169731140137
Input Shape: torch.Size([1, 128]) - Time: 0.14032484409999596
Total Runtime: 3.54154109954834
Input Shape: torch.Size([1, 256]) - Time: 0.2961320044000331
Total Runtime: 7.197450160980225
Input Shape: torch.Size([1, 512]) - Time: 0.6620603396499973
Total Runtime: 15.990104675292969
Loading roberta model.
Input Shape: torch.Size([1, 1]) - Time: 0.04964027089999945
Total Runtime: 4.306231498718262
Input Shape: torch.Size([1, 2]) - Time: 0.062440615550031
Total Runtime: 1.8900597095489502
Input Shape: torch.Size([1, 4]) - Time: 0.05412818589998096
Total Runtime: 1.7251741886138916
Input Shape: torch.Size([1, 8]) - Time: 0.06064250855001774
Total Runtime: 1.8509786128997803
Input Shape: torch.Size([1, 16]) - Time: 0.054559891500002775
Total Runtime: 1.7378623485565186
Input Shape: torch.Size([1, 32]) - Time: 0.0632853615500153
Total Runtime: 1.935105800628662
Input Shape: torch.Size([1, 64]) - Time: 0.08646445669996865
Total Runtime: 2.435523748397827
Input Shape: torch.Size([1, 128]) - Time: 0.14054566449999584
Total Runtime: 3.7718629837036133
Input Shape: torch.Size([1, 256]) - Time: 0.29656951814999954
Total Runtime: 7.211358308792114
Input Shape: torch.Size([1, 512]) - Time: 0.6629092702500202
Total Runtime: 16.010249376296997
Loading deberta model.
Input Shape: torch.Size([1, 1]) - Time: 0.10787716939998973
Total Runtime: 32.22917079925537
Loading distilbert model.
Input Shape: torch.Size([1, 1]) - Time: 0.0288900243000171
Total Runtime: 3.602181911468506
Input Shape: torch.Size([1, 2]) - Time: 0.03219889279998824
Total Runtime: 1.0645496845245361
Input Shape: torch.Size([1, 4]) - Time: 0.031961447450021295
Total Runtime: 1.069889783859253
Input Shape: torch.Size([1, 8]) - Time: 0.03220485589999953
Total Runtime: 1.079209566116333
Input Shape: torch.Size([1, 16]) - Time: 0.028630010100005165
Total Runtime: 1.0079407691955566
Input Shape: torch.Size([1, 32]) - Time: 0.03379987050002455
Total Runtime: 1.0971746444702148
Input Shape: torch.Size([1, 64]) - Time: 0.04339712280002459
Total Runtime: 1.320202112197876
Input Shape: torch.Size([1, 128]) - Time: 0.06954419170001529
Total Runtime: 1.8855037689208984
Input Shape: torch.Size([1, 256]) - Time: 0.1448252917500213
Total Runtime: 3.606684684753418
Input Shape: torch.Size([1, 512]) - Time: 0.3159444881000127
Total Runtime: 7.668121814727783
Loading funnel_transformer model.
Input Shape: torch.Size([1, 8]) - Time: 0.13830763760001902
Total Runtime: 23.645479202270508
Loading albert model.
Input Shape: torch.Size([1, 1]) - Time: 0.05656134949999796
Total Runtime: 4.001620769500732
Input Shape: torch.Size([1, 2]) - Time: 0.061801845449963366
Total Runtime: 1.7866933345794678
Input Shape: torch.Size([1, 4]) - Time: 0.06165158655003324
Total Runtime: 1.7861173152923584
Input Shape: torch.Size([1, 8]) - Time: 0.07109439629998633
Total Runtime: 1.985191822052002
Input Shape: torch.Size([1, 16]) - Time: 0.07308282619997045
Total Runtime: 2.0503897666931152
Input Shape: torch.Size([1, 32]) - Time: 0.06369506569999431
Total Runtime: 1.8501996994018555
Input Shape: torch.Size([1, 64]) - Time: 0.09324713179998981
Total Runtime: 2.4861528873443604
Input Shape: torch.Size([1, 128]) - Time: 0.15387300429997594
Total Runtime: 3.825873851776123
Input Shape: torch.Size([1, 256]) - Time: 0.3228666087500187
Total Runtime: 7.847102642059326
Input Shape: torch.Size([1, 512]) - Time: 0.7154640908000147
Total Runtime: 17.27872896194458
Loading longformer model.
Loading mobile_bert model.
Input Shape: torch.Size([1, 1]) - Time: 0.20930361869995978
Total Runtime: 8.163572788238525
Input Shape: torch.Size([1, 2]) - Time: 0.22353790540000773
Total Runtime: 5.738067388534546
Input Shape: torch.Size([1, 4]) - Time: 0.23770185119997223
Total Runtime: 6.088098764419556
Input Shape: torch.Size([1, 8]) - Time: 0.2643549232499936
Total Runtime: 6.596889495849609
Input Shape: torch.Size([1, 16]) - Time: 0.22609335080001075
Total Runtime: 5.889347791671753
Input Shape: torch.Size([1, 32]) - Time: 0.22367618919997767
Total Runtime: 5.746087074279785
Input Shape: torch.Size([1, 64]) - Time: 0.22469945095003824
Total Runtime: 5.762976884841919
Input Shape: torch.Size([1, 128]) - Time: 0.22531239224999808
Total Runtime: 5.791755676269531
Input Shape: torch.Size([1, 256]) - Time: 0.267344986650005
Total Runtime: 6.730629920959473
Input Shape: torch.Size([1, 512]) - Time: 0.31535708844999133
Total Runtime: 7.8145081996917725
Loading squeeze_bert model.
Input Shape: torch.Size([1, 1]) - Time: 0.08930041215003257
Total Runtime: 18.277031898498535
Loading funnel_transformer model.
Input Shape: torch.Size([1, 8]) - Time: 0.14070722885001033
Total Runtime: 9.437686920166016
Input Shape: torch.Size([1, 16]) - Time: 0.12430024884999966
Total Runtime: 3.522571325302124
Input Shape: torch.Size([1, 32]) - Time: 0.13380740294999213
Total Runtime: 3.6700897216796875
Input Shape: torch.Size([1, 64]) - Time: 0.13440205705001063
Total Runtime: 3.659926414489746
Input Shape: torch.Size([1, 128]) - Time: 0.1726587536499892
Total Runtime: 4.473558187484741
Input Shape: torch.Size([1, 256]) - Time: 0.3518838676499854
Total Runtime: 8.285658121109009
Input Shape: torch.Size([1, 512]) - Time: 0.7945165259499845
Total Runtime: 18.699552536010742
