Loading vit32 model
Run Parameters: Namespace(act_fn='relu', batch_size=[1, 2, 4, 8, 16, 32, 64, 128], device='cuda', device_config='pytorch/config/devices/cuda.yaml', device_idx=0, dropout=None, exp_name='pretrained-torchscript', input_size=[224], iters=10, model='vit32', model_config='pytorch/config/models/vision.yaml', num_threads=1, platform='v100', randomized_text=True, requires_grad=False, results_dir='pytorch/experiments/pretrained', use_channels_last=False, use_cuda=True, use_dquant=False, use_fp16=False, use_ipex=False, use_jit=True, use_tensorrt=False)
Benchmarking vit32 -- Batch: 1; Input: 224
Run Parameters: Namespace(act_fn='relu', batch_size=[1, 2, 4, 8, 16, 32, 64, 128], device='cuda', device_config='pytorch/config/devices/cuda.yaml', device_idx=0, dropout=None, exp_name='pretrained-torchscript', input_size=[224], iters=10, model='vit32', model_config='pytorch/config/models/vision.yaml', num_threads=1, platform='v100', randomized_text=True, requires_grad=False, results_dir='pytorch/experiments/pretrained', use_channels_last=False, use_cuda=True, use_dquant=False, use_fp16=False, use_ipex=False, use_jit=True, use_tensorrt=False)
Benchmarking vit32 -- Batch: 2; Input: 224
Run Parameters: Namespace(act_fn='relu', batch_size=[1, 2, 4, 8, 16, 32, 64, 128], device='cuda', device_config='pytorch/config/devices/cuda.yaml', device_idx=0, dropout=None, exp_name='pretrained-torchscript', input_size=[224], iters=10, model='vit32', model_config='pytorch/config/models/vision.yaml', num_threads=1, platform='v100', randomized_text=True, requires_grad=False, results_dir='pytorch/experiments/pretrained', use_channels_last=False, use_cuda=True, use_dquant=False, use_fp16=False, use_ipex=False, use_jit=True, use_tensorrt=False)
Benchmarking vit32 -- Batch: 4; Input: 224
Run Parameters: Namespace(act_fn='relu', batch_size=[1, 2, 4, 8, 16, 32, 64, 128], device='cuda', device_config='pytorch/config/devices/cuda.yaml', device_idx=0, dropout=None, exp_name='pretrained-torchscript', input_size=[224], iters=10, model='vit32', model_config='pytorch/config/models/vision.yaml', num_threads=1, platform='v100', randomized_text=True, requires_grad=False, results_dir='pytorch/experiments/pretrained', use_channels_last=False, use_cuda=True, use_dquant=False, use_fp16=False, use_ipex=False, use_jit=True, use_tensorrt=False)
Benchmarking vit32 -- Batch: 8; Input: 224
Run Parameters: Namespace(act_fn='relu', batch_size=[1, 2, 4, 8, 16, 32, 64, 128], device='cuda', device_config='pytorch/config/devices/cuda.yaml', device_idx=0, dropout=None, exp_name='pretrained-torchscript', input_size=[224], iters=10, model='vit32', model_config='pytorch/config/models/vision.yaml', num_threads=1, platform='v100', randomized_text=True, requires_grad=False, results_dir='pytorch/experiments/pretrained', use_channels_last=False, use_cuda=True, use_dquant=False, use_fp16=False, use_ipex=False, use_jit=True, use_tensorrt=False)
Benchmarking vit32 -- Batch: 16; Input: 224
Run Parameters: Namespace(act_fn='relu', batch_size=[1, 2, 4, 8, 16, 32, 64, 128], device='cuda', device_config='pytorch/config/devices/cuda.yaml', device_idx=0, dropout=None, exp_name='pretrained-torchscript', input_size=[224], iters=10, model='vit32', model_config='pytorch/config/models/vision.yaml', num_threads=1, platform='v100', randomized_text=True, requires_grad=False, results_dir='pytorch/experiments/pretrained', use_channels_last=False, use_cuda=True, use_dquant=False, use_fp16=False, use_ipex=False, use_jit=True, use_tensorrt=False)
Benchmarking vit32 -- Batch: 32; Input: 224
Run Parameters: Namespace(act_fn='relu', batch_size=[1, 2, 4, 8, 16, 32, 64, 128], device='cuda', device_config='pytorch/config/devices/cuda.yaml', device_idx=0, dropout=None, exp_name='pretrained-torchscript', input_size=[224], iters=10, model='vit32', model_config='pytorch/config/models/vision.yaml', num_threads=1, platform='v100', randomized_text=True, requires_grad=False, results_dir='pytorch/experiments/pretrained', use_channels_last=False, use_cuda=True, use_dquant=False, use_fp16=False, use_ipex=False, use_jit=True, use_tensorrt=False)
Benchmarking vit32 -- Batch: 64; Input: 224
Run Parameters: Namespace(act_fn='relu', batch_size=[1, 2, 4, 8, 16, 32, 64, 128], device='cuda', device_config='pytorch/config/devices/cuda.yaml', device_idx=0, dropout=None, exp_name='pretrained-torchscript', input_size=[224], iters=10, model='vit32', model_config='pytorch/config/models/vision.yaml', num_threads=1, platform='v100', randomized_text=True, requires_grad=False, results_dir='pytorch/experiments/pretrained', use_channels_last=False, use_cuda=True, use_dquant=False, use_fp16=False, use_ipex=False, use_jit=True, use_tensorrt=False)
Benchmarking vit32 -- Batch: 128; Input: 224
Loading efficientnet model
Run Parameters: Namespace(act_fn='relu', batch_size=[1, 2, 4, 8, 16, 32, 64, 96, 128, 192, 256, 384, 512], device='cuda', device_config='pytorch/config/devices/cuda.yaml', device_idx=0, dropout=None, exp_name='pretrained-torchscript', input_size=[224], iters=10, model='efficientnet', model_config='pytorch/config/models/vision.yaml', num_threads=1, platform='v100', randomized_text=True, requires_grad=False, results_dir='pytorch/experiments/pretrained', use_channels_last=False, use_cuda=True, use_dquant=False, use_fp16=False, use_ipex=False, use_jit=True, use_tensorrt=False)
Benchmarking efficientnet -- Batch: 1; Input: 224
Run Parameters: Namespace(act_fn='relu', batch_size=[1, 2, 4, 8, 16, 32, 64, 96, 128, 192, 256, 384, 512], device='cuda', device_config='pytorch/config/devices/cuda.yaml', device_idx=0, dropout=None, exp_name='pretrained-torchscript', input_size=[224], iters=10, model='efficientnet', model_config='pytorch/config/models/vision.yaml', num_threads=1, platform='v100', randomized_text=True, requires_grad=False, results_dir='pytorch/experiments/pretrained', use_channels_last=False, use_cuda=True, use_dquant=False, use_fp16=False, use_ipex=False, use_jit=True, use_tensorrt=False)
Benchmarking efficientnet -- Batch: 2; Input: 224
Run Parameters: Namespace(act_fn='relu', batch_size=[1, 2, 4, 8, 16, 32, 64, 96, 128, 192, 256, 384, 512], device='cuda', device_config='pytorch/config/devices/cuda.yaml', device_idx=0, dropout=None, exp_name='pretrained-torchscript', input_size=[224], iters=10, model='efficientnet', model_config='pytorch/config/models/vision.yaml', num_threads=1, platform='v100', randomized_text=True, requires_grad=False, results_dir='pytorch/experiments/pretrained', use_channels_last=False, use_cuda=True, use_dquant=False, use_fp16=False, use_ipex=False, use_jit=True, use_tensorrt=False)
Benchmarking efficientnet -- Batch: 4; Input: 224
Run Parameters: Namespace(act_fn='relu', batch_size=[1, 2, 4, 8, 16, 32, 64, 96, 128, 192, 256, 384, 512], device='cuda', device_config='pytorch/config/devices/cuda.yaml', device_idx=0, dropout=None, exp_name='pretrained-torchscript', input_size=[224], iters=10, model='efficientnet', model_config='pytorch/config/models/vision.yaml', num_threads=1, platform='v100', randomized_text=True, requires_grad=False, results_dir='pytorch/experiments/pretrained', use_channels_last=False, use_cuda=True, use_dquant=False, use_fp16=False, use_ipex=False, use_jit=True, use_tensorrt=False)
Benchmarking efficientnet -- Batch: 8; Input: 224
Run Parameters: Namespace(act_fn='relu', batch_size=[1, 2, 4, 8, 16, 32, 64, 96, 128, 192, 256, 384, 512], device='cuda', device_config='pytorch/config/devices/cuda.yaml', device_idx=0, dropout=None, exp_name='pretrained-torchscript', input_size=[224], iters=10, model='efficientnet', model_config='pytorch/config/models/vision.yaml', num_threads=1, platform='v100', randomized_text=True, requires_grad=False, results_dir='pytorch/experiments/pretrained', use_channels_last=False, use_cuda=True, use_dquant=False, use_fp16=False, use_ipex=False, use_jit=True, use_tensorrt=False)
Benchmarking efficientnet -- Batch: 16; Input: 224
Run Parameters: Namespace(act_fn='relu', batch_size=[1, 2, 4, 8, 16, 32, 64, 96, 128, 192, 256, 384, 512], device='cuda', device_config='pytorch/config/devices/cuda.yaml', device_idx=0, dropout=None, exp_name='pretrained-torchscript', input_size=[224], iters=10, model='efficientnet', model_config='pytorch/config/models/vision.yaml', num_threads=1, platform='v100', randomized_text=True, requires_grad=False, results_dir='pytorch/experiments/pretrained', use_channels_last=False, use_cuda=True, use_dquant=False, use_fp16=False, use_ipex=False, use_jit=True, use_tensorrt=False)
Benchmarking efficientnet -- Batch: 32; Input: 224
Run Parameters: Namespace(act_fn='relu', batch_size=[1, 2, 4, 8, 16, 32, 64, 96, 128, 192, 256, 384, 512], device='cuda', device_config='pytorch/config/devices/cuda.yaml', device_idx=0, dropout=None, exp_name='pretrained-torchscript', input_size=[224], iters=10, model='efficientnet', model_config='pytorch/config/models/vision.yaml', num_threads=1, platform='v100', randomized_text=True, requires_grad=False, results_dir='pytorch/experiments/pretrained', use_channels_last=False, use_cuda=True, use_dquant=False, use_fp16=False, use_ipex=False, use_jit=True, use_tensorrt=False)
Benchmarking efficientnet -- Batch: 64; Input: 224
Run Parameters: Namespace(act_fn='relu', batch_size=[1, 2, 4, 8, 16, 32, 64, 96, 128, 192, 256, 384, 512], device='cuda', device_config='pytorch/config/devices/cuda.yaml', device_idx=0, dropout=None, exp_name='pretrained-torchscript', input_size=[224], iters=10, model='efficientnet', model_config='pytorch/config/models/vision.yaml', num_threads=1, platform='v100', randomized_text=True, requires_grad=False, results_dir='pytorch/experiments/pretrained', use_channels_last=False, use_cuda=True, use_dquant=False, use_fp16=False, use_ipex=False, use_jit=True, use_tensorrt=False)
Benchmarking efficientnet -- Batch: 96; Input: 224
Run Parameters: Namespace(act_fn='relu', batch_size=[1, 2, 4, 8, 16, 32, 64, 96, 128, 192, 256, 384, 512], device='cuda', device_config='pytorch/config/devices/cuda.yaml', device_idx=0, dropout=None, exp_name='pretrained-torchscript', input_size=[224], iters=10, model='efficientnet', model_config='pytorch/config/models/vision.yaml', num_threads=1, platform='v100', randomized_text=True, requires_grad=False, results_dir='pytorch/experiments/pretrained', use_channels_last=False, use_cuda=True, use_dquant=False, use_fp16=False, use_ipex=False, use_jit=True, use_tensorrt=False)
Benchmarking efficientnet -- Batch: 128; Input: 224
Run Parameters: Namespace(act_fn='relu', batch_size=[1, 2, 4, 8, 16, 32, 64, 96, 128, 192, 256, 384, 512], device='cuda', device_config='pytorch/config/devices/cuda.yaml', device_idx=0, dropout=None, exp_name='pretrained-torchscript', input_size=[224], iters=10, model='efficientnet', model_config='pytorch/config/models/vision.yaml', num_threads=1, platform='v100', randomized_text=True, requires_grad=False, results_dir='pytorch/experiments/pretrained', use_channels_last=False, use_cuda=True, use_dquant=False, use_fp16=False, use_ipex=False, use_jit=True, use_tensorrt=False)
Benchmarking efficientnet -- Batch: 192; Input: 224
Run Parameters: Namespace(act_fn='relu', batch_size=[1, 2, 4, 8, 16, 32, 64, 96, 128, 192, 256, 384, 512], device='cuda', device_config='pytorch/config/devices/cuda.yaml', device_idx=0, dropout=None, exp_name='pretrained-torchscript', input_size=[224], iters=10, model='efficientnet', model_config='pytorch/config/models/vision.yaml', num_threads=1, platform='v100', randomized_text=True, requires_grad=False, results_dir='pytorch/experiments/pretrained', use_channels_last=False, use_cuda=True, use_dquant=False, use_fp16=False, use_ipex=False, use_jit=True, use_tensorrt=False)
Benchmarking efficientnet -- Batch: 256; Input: 224
Run Parameters: Namespace(act_fn='relu', batch_size=[1, 2, 4, 8, 16, 32, 64, 96, 128, 192, 256, 384, 512], device='cuda', device_config='pytorch/config/devices/cuda.yaml', device_idx=0, dropout=None, exp_name='pretrained-torchscript', input_size=[224], iters=10, model='efficientnet', model_config='pytorch/config/models/vision.yaml', num_threads=1, platform='v100', randomized_text=True, requires_grad=False, results_dir='pytorch/experiments/pretrained', use_channels_last=False, use_cuda=True, use_dquant=False, use_fp16=False, use_ipex=False, use_jit=True, use_tensorrt=False)
Benchmarking efficientnet -- Batch: 384; Input: 224
