Loading bert model from bert-base-uncased
Loading bert model from bert-base-uncased
Sequence Length: 1, Time per example: 0.24954768419265747
Sequence Length: 2, Time per example: 0.4602793288230896
Sequence Length: 4, Time per example: 0.8738052153587341
Sequence Length: 8, Time per example: 1.6750283336639404
Sequence Length: 16, Time per example: 3.283414011001587
Sequence Length: 32, Time per example: 6.522911758422851
Sequence Length: 64, Time per example: 13.184674661159516
Sequence Length: 128, Time per example: 26.86755884885788
Sequence Length: 256, Time per example: 56.17354978084564
Sequence Length: 512, Time per example: 121.34877407312393
Total Runtime: 23301.454875707626
Loading roberta model from roberta-base
Loading roberta model from roberta-base
Sequence Length: 1, Time per example: 0.24886694431304932
Sequence Length: 1, Time per example: 0.24886694431304932
Sequence Length: 2, Time per example: 0.4656393265724182
Sequence Length: 2, Time per example: 0.4656393265724182
Sequence Length: 4, Time per example: 0.874846339225769
Sequence Length: 4, Time per example: 0.874846339225769
Sequence Length: 8, Time per example: 1.7053220057487488
Sequence Length: 8, Time per example: 1.7053220057487488
Sequence Length: 16, Time per example: 3.288855204582214
Sequence Length: 16, Time per example: 3.288855204582214
Sequence Length: 32, Time per example: 6.527002749443054
Sequence Length: 32, Time per example: 6.527002749443054
Sequence Length: 64, Time per example: 13.18041647195816
Sequence Length: 64, Time per example: 13.18041647195816
Sequence Length: 128, Time per example: 26.880628249645234
Sequence Length: 128, Time per example: 26.880628249645234
Sequence Length: 256, Time per example: 56.087808005809784
Sequence Length: 256, Time per example: 56.087808005809784
Loading bert model from bert-base-uncased
Loading distilbert model from distilbert-base-uncased
Sequence Length: 1, Time per example: 0.12450285196304321
Sequence Length: 2, Time per example: 0.23072449445724488
Sequence Length: 4, Time per example: 0.4334127497673035
Sequence Length: 8, Time per example: 0.8382425308227539
Sequence Length: 16, Time per example: 1.6409669876098634
Sequence Length: 32, Time per example: 3.2601518845558166
Sequence Length: 64, Time per example: 6.589130527973175
Sequence Length: 128, Time per example: 13.431605186462402
Sequence Length: 256, Time per example: 28.065310604572296
Sequence Length: 512, Time per example: 60.365434508323666
Total Runtime: 11623.408837795258
Loading squeeze_bert model from squeezebert/squeezebert-uncased
Loading squeeze_bert model from squeezebert/squeezebert-uncased
Sequence Length: 1, Time per example: 0.11542217493057251
Sequence Length: 1, Time per example: 0.11542217493057251
Sequence Length: 2, Time per example: 0.7203353142738342
Sequence Length: 2, Time per example: 0.7203353142738342
Sequence Length: 4, Time per example: 0.6218686890602112
Sequence Length: 4, Time per example: 0.6218686890602112
Sequence Length: 8, Time per example: 0.7752937412261963
Sequence Length: 8, Time per example: 0.7752937412261963
Sequence Length: 16, Time per example: 1.1234428143501283
Sequence Length: 16, Time per example: 1.1234428143501283
Sequence Length: 32, Time per example: 2.5508343148231507
Sequence Length: 32, Time per example: 2.5508343148231507
Sequence Length: 64, Time per example: 4.5603790974617
Sequence Length: 64, Time per example: 4.5603790974617
Sequence Length: 128, Time per example: 8.82195122718811
Sequence Length: 128, Time per example: 8.82195122718811
Sequence Length: 256, Time per example: 18.340619497299194
Sequence Length: 256, Time per example: 18.340619497299194
Sequence Length: 512, Time per example: 54.54447652578354
Sequence Length: 512, Time per example: 54.54447652578354
Total Runtime: 9333.87693452835
Total Runtime: 9333.87693452835
Loading mobile_bert model from google/mobilebert-uncased
Loading mobile_bert model from google/mobilebert-uncased
Loading mobile_bert model from google/mobilebert-uncased
Sequence Length: 1, Time per example: 0.12983768701553344
Sequence Length: 1, Time per example: 0.12983768701553344
Sequence Length: 1, Time per example: 0.12983768701553344
Sequence Length: 2, Time per example: 0.1801602578163147
Sequence Length: 2, Time per example: 0.1801602578163147
Sequence Length: 2, Time per example: 0.1801602578163147
Sequence Length: 4, Time per example: 0.2791245722770691
Sequence Length: 4, Time per example: 0.2791245722770691
Sequence Length: 4, Time per example: 0.2791245722770691
Sequence Length: 8, Time per example: 0.48257619857788087
Sequence Length: 8, Time per example: 0.48257619857788087
Sequence Length: 8, Time per example: 0.48257619857788087
Sequence Length: 16, Time per example: 0.882029185295105
Sequence Length: 16, Time per example: 0.882029185295105
Sequence Length: 16, Time per example: 0.882029185295105
Sequence Length: 32, Time per example: 1.6763700246810913
Sequence Length: 32, Time per example: 1.6763700246810913
Sequence Length: 32, Time per example: 1.6763700246810913
Sequence Length: 64, Time per example: 3.2886450123786926
Sequence Length: 64, Time per example: 3.2886450123786926
Sequence Length: 64, Time per example: 3.2886450123786926
Sequence Length: 128, Time per example: 6.616205048561096
Sequence Length: 128, Time per example: 6.616205048561096
Sequence Length: 128, Time per example: 6.616205048561096
Sequence Length: 256, Time per example: 13.724254686832428
Sequence Length: 256, Time per example: 13.724254686832428
Sequence Length: 256, Time per example: 13.724254686832428
Sequence Length: 512, Time per example: 30.383655273914336
Sequence Length: 512, Time per example: 30.383655273914336
Sequence Length: 512, Time per example: 30.383655273914336
Total Runtime: 5856.7117800712585
Total Runtime: 5856.7117800712585
Total Runtime: 5856.7117800712585
Loading albert model from albert-base-v2
Loading albert model from albert-base-v2
Loading albert model from albert-base-v2
Loading albert model from albert-base-v2
Loading albert model from albert-base-v2
Sequence Length: 1, Time per example: 0.25304958581924436
Sequence Length: 2, Time per example: 0.4602089095115662
Sequence Length: 4, Time per example: 0.8668028593063355
Sequence Length: 8, Time per example: 1.6913515901565552
Sequence Length: 16, Time per example: 3.3002660393714907
Sequence Length: 32, Time per example: 6.560294468402862
Sequence Length: 64, Time per example: 13.227654535770416
Sequence Length: 128, Time per example: 27.125606236457823
Sequence Length: 256, Time per example: 56.381642365455626
Sequence Length: 512, Time per example: 121.9119570684433
Total Runtime: 23423.80383515358
