Loading bert model.
Input Shape: torch.Size([1, 1]) - Time: 0.26731497420000777
Total Runtime: 17.128121614456177
Input Shape: torch.Size([1, 2]) - Time: 0.28116116255000634
Total Runtime: 6.753445386886597
Input Shape: torch.Size([1, 4]) - Time: 0.2844721538499925
Total Runtime: 6.810555458068848
Input Shape: torch.Size([1, 8]) - Time: 0.3724950313000136
Total Runtime: 8.99437403678894
Input Shape: torch.Size([1, 16]) - Time: 0.4046422950500073
Total Runtime: 9.859867572784424
Input Shape: torch.Size([1, 32]) - Time: 0.4898389057500026
Total Runtime: 11.793216705322266
Input Shape: torch.Size([1, 64]) - Time: 0.8138238212500255
Total Runtime: 19.67146062850952
Input Shape: torch.Size([1, 128]) - Time: 1.7339716034000048
Total Runtime: 40.61599826812744
Input Shape: torch.Size([1, 256]) - Time: 3.0812265424499854
Total Runtime: 71.35711979866028
Input Shape: torch.Size([1, 512]) - Time: 6.815383245099975
Total Runtime: 156.61921167373657
Loading roberta model.
Input Shape: torch.Size([1, 1]) - Time: 0.2695456925000144
Total Runtime: 15.463141918182373
Input Shape: torch.Size([1, 2]) - Time: 0.2818502908499795
Total Runtime: 6.791679859161377
Input Shape: torch.Size([1, 4]) - Time: 0.28382816504999936
Total Runtime: 6.832455158233643
Input Shape: torch.Size([1, 8]) - Time: 0.3620464600499872
Total Runtime: 8.729787349700928
Input Shape: torch.Size([1, 16]) - Time: 0.409001631450019
Total Runtime: 9.9364595413208
Input Shape: torch.Size([1, 32]) - Time: 0.4979949696500171
Total Runtime: 12.034945011138916
Input Shape: torch.Size([1, 64]) - Time: 0.7937271795499783
Total Runtime: 19.213133335113525
Input Shape: torch.Size([1, 128]) - Time: 1.665426741200008
Total Runtime: 39.48522162437439
Input Shape: torch.Size([1, 256]) - Time: 3.0899640634000205
Total Runtime: 71.36311388015747
Input Shape: torch.Size([1, 512]) - Time: 6.811510318299997
Total Runtime: 156.13251066207886
Loading deberta model.
Input Shape: torch.Size([1, 1]) - Time: 0.33337010154996277
Total Runtime: 16.04572629928589
Input Shape: torch.Size([1, 2]) - Time: 0.34833120704997783
Total Runtime: 8.31434941291809
Input Shape: torch.Size([1, 4]) - Time: 0.36842246154997155
Total Runtime: 8.818034887313843
Input Shape: torch.Size([1, 8]) - Time: 0.44290033385000244
Total Runtime: 10.511497735977173
Input Shape: torch.Size([1, 16]) - Time: 0.5028013448500133
Total Runtime: 12.037734270095825
Input Shape: torch.Size([1, 32]) - Time: 0.626295213100002
Total Runtime: 15.11435842514038
Input Shape: torch.Size([1, 64]) - Time: 1.3323553404999984
Total Runtime: 32.49939489364624
Input Shape: torch.Size([1, 128]) - Time: 2.4890731575000244
Total Runtime: 59.44983649253845
Input Shape: torch.Size([1, 256]) - Time: 4.68098921880005
Total Runtime: 110.0810387134552
Input Shape: torch.Size([1, 512]) - Time: 10.595524700949955
Total Runtime: 243.95142149925232
Loading distilbert model.
Input Shape: torch.Size([1, 1]) - Time: 0.13427719404999153
Total Runtime: 12.024150609970093
Input Shape: torch.Size([1, 2]) - Time: 0.14035712759996385
Total Runtime: 3.676454782485962
Input Shape: torch.Size([1, 4]) - Time: 0.14300918440003443
Total Runtime: 3.7239603996276855
Input Shape: torch.Size([1, 8]) - Time: 0.18073352395003894
Total Runtime: 4.384539842605591
Input Shape: torch.Size([1, 16]) - Time: 0.20428172065003308
Total Runtime: 4.972325086593628
Input Shape: torch.Size([1, 32]) - Time: 0.25239139635004904
Total Runtime: 6.140448093414307
Input Shape: torch.Size([1, 64]) - Time: 0.4082074287999603
Total Runtime: 9.900305271148682
Input Shape: torch.Size([1, 128]) - Time: 0.8156181407999611
Total Runtime: 19.218955039978027
Input Shape: torch.Size([1, 256]) - Time: 1.5276298356499864
Total Runtime: 35.497154235839844
Input Shape: torch.Size([1, 512]) - Time: 3.162078168900007
Total Runtime: 72.20681738853455
Loading funnel_transformer model.
Input Shape: torch.Size([1, 8]) - Time: 0.4564438221499586
Total Runtime: 19.00578474998474
Input Shape: torch.Size([1, 16]) - Time: 0.527391219799938
Total Runtime: 13.212053537368774
Input Shape: torch.Size([1, 32]) - Time: 0.6588098515999263
Total Runtime: 15.824279069900513
Input Shape: torch.Size([1, 64]) - Time: 0.9858209837000687
Total Runtime: 24.05297541618347
Input Shape: torch.Size([1, 128]) - Time: 1.751970091250041
Total Runtime: 42.181782722473145
Input Shape: torch.Size([1, 256]) - Time: 3.3902889449999747
Total Runtime: 79.79504680633545
Input Shape: torch.Size([1, 512]) - Time: 7.344733171750067
Total Runtime: 169.53095889091492
Loading albert model.
Input Shape: torch.Size([1, 1]) - Time: 0.28324666170001367
Total Runtime: 14.873973608016968
Input Shape: torch.Size([1, 2]) - Time: 0.2946173018500303
Total Runtime: 6.944461345672607
Input Shape: torch.Size([1, 4]) - Time: 0.2973766115000217
Total Runtime: 6.997411012649536
Input Shape: torch.Size([1, 8]) - Time: 0.40135547204999966
Total Runtime: 9.569456577301025
Input Shape: torch.Size([1, 16]) - Time: 0.44598277479999526
Total Runtime: 10.95853877067566
Input Shape: torch.Size([1, 32]) - Time: 0.5623949105999599
Total Runtime: 13.488648176193237
Input Shape: torch.Size([1, 64]) - Time: 0.9216718884500551
Total Runtime: 22.603827476501465
Input Shape: torch.Size([1, 128]) - Time: 1.9003720083000188
Total Runtime: 44.54560399055481
Input Shape: torch.Size([1, 256]) - Time: 3.536569102950034
Total Runtime: 81.98560667037964
Input Shape: torch.Size([1, 512]) - Time: 7.494261420900057
Total Runtime: 171.64234042167664
Loading longformer model.
Input Shape: torch.Size([1, 1]) - Time: 7.45458795454997
Total Runtime: 180.292218208313
Input Shape: torch.Size([1, 2]) - Time: 7.146083964149966
Total Runtime: 166.35110783576965
Input Shape: torch.Size([1, 4]) - Time: 7.1369892129499934
Total Runtime: 165.66760897636414
Input Shape: torch.Size([1, 8]) - Time: 7.195534675450017
Total Runtime: 166.43788504600525
Input Shape: torch.Size([1, 16]) - Time: 7.212589905599998
Total Runtime: 167.19797205924988
Input Shape: torch.Size([1, 32]) - Time: 7.216012125749967
Total Runtime: 167.4108726978302
Input Shape: torch.Size([1, 64]) - Time: 7.448450177549967
Total Runtime: 171.99853372573853
Input Shape: torch.Size([1, 128]) - Time: 7.7366662356999765
Total Runtime: 179.20970106124878
Input Shape: torch.Size([1, 256]) - Time: 7.5214065279000355
Total Runtime: 173.9476010799408
Input Shape: torch.Size([1, 512]) - Time: 7.632507244700082
Total Runtime: 176.89796328544617
Loading mobile_bert model.
Input Shape: torch.Size([1, 1]) - Time: 0.20451807114995973
Total Runtime: 13.418649435043335
Input Shape: torch.Size([1, 2]) - Time: 0.21519922289999158
Total Runtime: 5.550006151199341
Input Shape: torch.Size([1, 4]) - Time: 0.21698382069998842
Total Runtime: 5.557064056396484
Input Shape: torch.Size([1, 8]) - Time: 0.4075341047999245
Total Runtime: 10.030842065811157
Input Shape: torch.Size([1, 16]) - Time: 0.46895852389998255
Total Runtime: 11.358587980270386
Input Shape: torch.Size([1, 32]) - Time: 0.4882431628499944
Total Runtime: 11.83318305015564
Input Shape: torch.Size([1, 64]) - Time: 0.5826114055500511
Total Runtime: 14.013384580612183
Input Shape: torch.Size([1, 128]) - Time: 0.9963893584999823
Total Runtime: 24.131752967834473
Input Shape: torch.Size([1, 256]) - Time: 1.7192763377499432
Total Runtime: 41.01733422279358
Input Shape: torch.Size([1, 512]) - Time: 3.049592470950029
Total Runtime: 75.2860460281372
Loading squeeze_bert model.
Input Shape: torch.Size([1, 1]) - Time: 0.15038946214999668
Total Runtime: 11.237466096878052
Input Shape: torch.Size([1, 2]) - Time: 0.16791728444995896
Total Runtime: 4.412065505981445
Input Shape: torch.Size([1, 4]) - Time: 0.18387519915004305
Total Runtime: 4.784756422042847
Input Shape: torch.Size([1, 8]) - Time: 0.37137623544995224
Total Runtime: 9.673338413238525
Input Shape: torch.Size([1, 16]) - Time: 0.37340652049997514
Total Runtime: 10.205157041549683
Input Shape: torch.Size([1, 32]) - Time: 0.47558464915000515
Total Runtime: 12.28461480140686
Input Shape: torch.Size([1, 64]) - Time: 0.6102813415499441
Total Runtime: 16.620797872543335
Input Shape: torch.Size([1, 128]) - Time: 1.1648443398999917
Total Runtime: 29.337093591690063
Input Shape: torch.Size([1, 256]) - Time: 2.2568236458499995
Total Runtime: 54.474175453186035
Input Shape: torch.Size([1, 512]) - Time: 4.970746128099927
Total Runtime: 116.06385374069214
