Loading bert model.
Input Shape: torch.Size([1, 1]) - Time: 0.026762096649999022
Total Runtime: 0.7682735919952393
Input Shape: torch.Size([1, 2]) - Time: 0.04380704274999943
Total Runtime: 1.0673410892486572
Input Shape: torch.Size([1, 4]) - Time: 0.04413122320000014
Total Runtime: 1.077697992324829
Input Shape: torch.Size([1, 8]) - Time: 0.05296877840000036
Total Runtime: 1.2634661197662354
Input Shape: torch.Size([1, 16]) - Time: 0.0666194139500007
Total Runtime: 1.5510497093200684
Input Shape: torch.Size([1, 32]) - Time: 0.09549615319999986
Total Runtime: 2.194514513015747
Input Shape: torch.Size([1, 64]) - Time: 0.16004429515
Total Runtime: 3.615934133529663
Input Shape: torch.Size([1, 128]) - Time: 0.2938996309499998
Total Runtime: 6.7592010498046875
Input Shape: torch.Size([1, 256]) - Time: 0.5922599794000007
Total Runtime: 13.115966320037842
Input Shape: torch.Size([1, 512]) - Time: 1.3834884715499995
Total Runtime: 30.033950805664062
Loading roberta model.
Input Shape: torch.Size([1, 1]) - Time: 0.026390131450000354
Total Runtime: 0.7585036754608154
Input Shape: torch.Size([1, 2]) - Time: 0.04326607459999963
Total Runtime: 1.0868754386901855
Input Shape: torch.Size([1, 4]) - Time: 0.04417468265000082
Total Runtime: 1.0993030071258545
Input Shape: torch.Size([1, 8]) - Time: 0.05370190910000048
Total Runtime: 1.2962734699249268
Input Shape: torch.Size([1, 16]) - Time: 0.06678508005000054
Total Runtime: 1.5763707160949707
Input Shape: torch.Size([1, 32]) - Time: 0.09979450375000028
Total Runtime: 2.2840332984924316
Input Shape: torch.Size([1, 64]) - Time: 0.17560956224999985
Total Runtime: 3.9681882858276367
Input Shape: torch.Size([1, 128]) - Time: 0.32303849249999955
Total Runtime: 7.218188285827637
Input Shape: torch.Size([1, 256]) - Time: 0.6156241780500011
Total Runtime: 13.487737655639648
Input Shape: torch.Size([1, 512]) - Time: 1.4148258211499993
Total Runtime: 30.688493967056274
Loading deberta model.
Input Shape: torch.Size([1, 1]) - Time: 0.03718008689999976
Total Runtime: 1.0290164947509766
Input Shape: torch.Size([1, 2]) - Time: 0.053023072650000815
Total Runtime: 1.3148646354675293
Input Shape: torch.Size([1, 4]) - Time: 0.055714583200000334
Total Runtime: 1.3921284675598145
Input Shape: torch.Size([1, 8]) - Time: 0.06756296844999951
Total Runtime: 1.6317784786224365
Input Shape: torch.Size([1, 16]) - Time: 0.08637805040000046
Total Runtime: 2.039778232574463
Input Shape: torch.Size([1, 32]) - Time: 0.1332947421
Total Runtime: 3.044780969619751
Input Shape: torch.Size([1, 64]) - Time: 0.24255903085000058
Total Runtime: 5.559182405471802
Input Shape: torch.Size([1, 128]) - Time: 0.4716653836500001
Total Runtime: 10.507080554962158
Input Shape: torch.Size([1, 256]) - Time: 0.9650057476
Total Runtime: 21.137920379638672
Input Shape: torch.Size([1, 512]) - Time: 2.352860693850002
Total Runtime: 51.35215997695923
Loading distilbert model.
Input Shape: torch.Size([1, 1]) - Time: 0.011790353650002316
Total Runtime: 0.432269811630249
Input Shape: torch.Size([1, 2]) - Time: 0.020661352249999255
Total Runtime: 0.5653591156005859
Input Shape: torch.Size([1, 4]) - Time: 0.021483509099999763
Total Runtime: 0.5937952995300293
Input Shape: torch.Size([1, 8]) - Time: 0.0260392803000002
Total Runtime: 0.6808140277862549
Input Shape: torch.Size([1, 16]) - Time: 0.033465432500000246
Total Runtime: 0.816054105758667
Input Shape: torch.Size([1, 32]) - Time: 0.05118863280000028
Total Runtime: 1.1806364059448242
Input Shape: torch.Size([1, 64]) - Time: 0.09135549375000096
Total Runtime: 2.081195116043091
Input Shape: torch.Size([1, 128]) - Time: 0.16479492885000013
Total Runtime: 3.7344532012939453
Input Shape: torch.Size([1, 256]) - Time: 0.32442076325000074
Total Runtime: 7.233582019805908
Input Shape: torch.Size([1, 512]) - Time: 0.7106701463500003
Total Runtime: 15.507258176803589
Loading funnel_transformer model.
Input Shape: torch.Size([1, 8]) - Time: 0.06583413619999874
Total Runtime: 1.6288933753967285
Input Shape: torch.Size([1, 16]) - Time: 0.07851384829999972
Total Runtime: 1.8701672554016113
Input Shape: torch.Size([1, 32]) - Time: 0.10774770675000127
Total Runtime: 2.5746304988861084
Input Shape: torch.Size([1, 64]) - Time: 0.177834283750002
Total Runtime: 4.160732984542847
Input Shape: torch.Size([1, 128]) - Time: 0.328649964600001
Total Runtime: 7.417644739151001
Input Shape: torch.Size([1, 256]) - Time: 0.6307421475500007
Total Runtime: 13.89259123802185
Input Shape: torch.Size([1, 512]) - Time: 1.3562934904000001
Total Runtime: 29.67542600631714
Loading albert model.
Input Shape: torch.Size([1, 1]) - Time: 0.02438340925000091
Total Runtime: 0.6719362735748291
Input Shape: torch.Size([1, 2]) - Time: 0.04373361390000241
Total Runtime: 1.0797412395477295
Input Shape: torch.Size([1, 4]) - Time: 0.045498716000000175
Total Runtime: 1.091639757156372
Input Shape: torch.Size([1, 8]) - Time: 0.05509690429999807
Total Runtime: 1.2913517951965332
Input Shape: torch.Size([1, 16]) - Time: 0.06884710610000014
Total Runtime: 1.5881502628326416
Input Shape: torch.Size([1, 32]) - Time: 0.10621205749999944
Total Runtime: 2.4330637454986572
Input Shape: torch.Size([1, 64]) - Time: 0.18652555099999973
Total Runtime: 4.191147089004517
Input Shape: torch.Size([1, 128]) - Time: 0.3364223680000009
Total Runtime: 7.503188133239746
Input Shape: torch.Size([1, 256]) - Time: 0.6738363691000018
Total Runtime: 14.783455610275269
Input Shape: torch.Size([1, 512]) - Time: 1.5053209775000027
Total Runtime: 32.839181900024414
Loading longformer model.
Input Shape: torch.Size([1, 1]) - Time: 1.4993507608000016
Total Runtime: 32.89442849159241
Input Shape: torch.Size([1, 2]) - Time: 1.510545320700004
Total Runtime: 33.123923540115356
Input Shape: torch.Size([1, 4]) - Time: 1.5095300051499976
Total Runtime: 33.092447996139526
Input Shape: torch.Size([1, 8]) - Time: 1.5126012285499997
Total Runtime: 33.159281969070435
Input Shape: torch.Size([1, 16]) - Time: 1.4774691504500026
Total Runtime: 32.40491771697998
Input Shape: torch.Size([1, 32]) - Time: 1.4825398754499985
Total Runtime: 32.52204918861389
Input Shape: torch.Size([1, 64]) - Time: 1.5102502532499955
Total Runtime: 33.11127042770386
Input Shape: torch.Size([1, 128]) - Time: 1.5125427092500048
Total Runtime: 33.15488934516907
Input Shape: torch.Size([1, 256]) - Time: 1.5214899103499988
Total Runtime: 33.34202194213867
Input Shape: torch.Size([1, 512]) - Time: 1.5451920851500005
Total Runtime: 33.878740310668945
Loading mobile_bert model.
Input Shape: torch.Size([1, 1]) - Time: 0.017995747200001234
Total Runtime: 0.5526735782623291
Input Shape: torch.Size([1, 2]) - Time: 0.02289445734999731
Total Runtime: 0.6494443416595459
Input Shape: torch.Size([1, 4]) - Time: 0.02341168130000142
Total Runtime: 0.6478090286254883
Input Shape: torch.Size([1, 8]) - Time: 0.026002318900003728
Total Runtime: 0.7398960590362549
Input Shape: torch.Size([1, 16]) - Time: 0.029585191249998387
Total Runtime: 0.823885440826416
Input Shape: torch.Size([1, 32]) - Time: 0.03946409449999919
Total Runtime: 1.0199875831604004
Input Shape: torch.Size([1, 64]) - Time: 0.05862340960000552
Total Runtime: 1.443704605102539
Input Shape: torch.Size([1, 128]) - Time: 0.09931509825000262
Total Runtime: 2.3407158851623535
Input Shape: torch.Size([1, 256]) - Time: 0.1936046979000025
Total Runtime: 4.444065570831299
Input Shape: torch.Size([1, 512]) - Time: 0.4633932566999988
Total Runtime: 10.342056512832642
Loading squeeze_bert model.
Input Shape: torch.Size([1, 1]) - Time: 0.01419546994999905
Total Runtime: 0.5018799304962158
Input Shape: torch.Size([1, 2]) - Time: 0.020594693800001097
Total Runtime: 0.5827453136444092
Input Shape: torch.Size([1, 4]) - Time: 0.02133866130000115
Total Runtime: 0.5767965316772461
Input Shape: torch.Size([1, 8]) - Time: 0.022176409999997305
Total Runtime: 0.5908806324005127
Input Shape: torch.Size([1, 16]) - Time: 0.025525814449997596
Total Runtime: 0.6654834747314453
Input Shape: torch.Size([1, 32]) - Time: 0.03772952209999971
Total Runtime: 0.9665544033050537
Input Shape: torch.Size([1, 64]) - Time: 0.06758633290000375
Total Runtime: 1.630599021911621
Input Shape: torch.Size([1, 128]) - Time: 0.1419597971499968
Total Runtime: 3.254645824432373
Input Shape: torch.Size([1, 256]) - Time: 0.35063546695000125
Total Runtime: 7.910940647125244
Input Shape: torch.Size([1, 512]) - Time: 0.8236237646000006
Total Runtime: 18.06918978691101
Loading bert model.
Input Shape: torch.Size([1, 1]) - Time: 0.033728170149993277
Total Runtime: 0.9856963157653809
Input Shape: torch.Size([1, 2]) - Time: 0.09693037619999814
Total Runtime: 2.3497443199157715
Input Shape: torch.Size([1, 4]) - Time: 0.09098267024999132
Total Runtime: 2.60128116607666
Input Shape: torch.Size([1, 8]) - Time: 0.05476622395001414
Total Runtime: 1.518873929977417
Input Shape: torch.Size([1, 16]) - Time: 0.06605509905000417
Total Runtime: 1.5546088218688965
Input Shape: torch.Size([1, 32]) - Time: 0.09628553750001174
Total Runtime: 2.250922203063965
