Loading bert model.
Input Shape: torch.Size([1, 1]) - Time: 0.005558169749565423
Total Runtime: 0.9062421321868896
Input Shape: torch.Size([1, 2]) - Time: 0.005842265504179522
Total Runtime: 0.14974737167358398
Input Shape: torch.Size([1, 4]) - Time: 0.005985282198525965
Total Runtime: 0.15323758125305176
Input Shape: torch.Size([1, 8]) - Time: 0.006124144850764424
Total Runtime: 0.15613651275634766
Input Shape: torch.Size([1, 16]) - Time: 0.006144472601590678
Total Runtime: 0.15694546699523926
Input Shape: torch.Size([1, 32]) - Time: 0.006443897302960977
Total Runtime: 0.1644139289855957
Input Shape: torch.Size([1, 64]) - Time: 0.006399535347009077
Total Runtime: 0.16381239891052246
Input Shape: torch.Size([1, 128]) - Time: 0.0064994494488928465
Total Runtime: 0.16631793975830078
Input Shape: torch.Size([1, 256]) - Time: 0.006589269050164148
Total Runtime: 0.16718602180480957
Input Shape: torch.Size([1, 512]) - Time: 0.012567667849361896
Total Runtime: 0.2920088768005371
Loading roberta model.
Input Shape: torch.Size([1, 1]) - Time: 0.006526266544824466
Total Runtime: 0.5088794231414795
Input Shape: torch.Size([1, 2]) - Time: 0.005952363600954413
Total Runtime: 0.15113306045532227
Input Shape: torch.Size([1, 4]) - Time: 0.0061679169535636905
Total Runtime: 0.15905237197875977
Input Shape: torch.Size([1, 8]) - Time: 0.006051207648124546
Total Runtime: 0.19262456893920898
Input Shape: torch.Size([1, 16]) - Time: 0.006199051800649613
Total Runtime: 0.15757989883422852
Input Shape: torch.Size([1, 32]) - Time: 0.006468198000220582
Total Runtime: 0.16467785835266113
Input Shape: torch.Size([1, 64]) - Time: 0.006588284351164475
Total Runtime: 0.1675419807434082
Input Shape: torch.Size([1, 128]) - Time: 0.006499969150172547
Total Runtime: 0.1658039093017578
Input Shape: torch.Size([1, 256]) - Time: 0.006698699347907677
Total Runtime: 0.1698594093322754
Input Shape: torch.Size([1, 512]) - Time: 0.012507303449092433
Total Runtime: 0.2907066345214844
Loading deberta model.
Input Shape: torch.Size([1, 1]) - Time: 0.010438646998954937
Total Runtime: 0.5881350040435791
Input Shape: torch.Size([1, 2]) - Time: 0.01085346300387755
Total Runtime: 0.2654280662536621
Input Shape: torch.Size([1, 4]) - Time: 0.011178982502315193
Total Runtime: 0.27257394790649414
Input Shape: torch.Size([1, 8]) - Time: 0.01111814270261675
Total Runtime: 0.2711777687072754
Input Shape: torch.Size([1, 16]) - Time: 0.011209876200882717
Total Runtime: 0.27492690086364746
Input Shape: torch.Size([1, 32]) - Time: 0.011640816001454368
Total Runtime: 0.2838871479034424
Input Shape: torch.Size([1, 64]) - Time: 0.011922796501312404
Total Runtime: 0.333690881729126
Input Shape: torch.Size([1, 128]) - Time: 0.011646880552871153
Total Runtime: 0.2842371463775635
Input Shape: torch.Size([1, 256]) - Time: 0.011855742946499959
Total Runtime: 0.28877735137939453
Input Shape: torch.Size([1, 512]) - Time: 0.022429088200442492
Total Runtime: 0.5161902904510498
Loading distilbert model.
Input Shape: torch.Size([1, 1]) - Time: 0.0031907935976050795
Total Runtime: 0.47849106788635254
Input Shape: torch.Size([1, 2]) - Time: 0.0031099518528208137
Total Runtime: 0.07962799072265625
Input Shape: torch.Size([1, 4]) - Time: 0.0031892687489744275
Total Runtime: 0.08149933815002441
Input Shape: torch.Size([1, 8]) - Time: 0.0032271218951791525
Total Runtime: 0.08221697807312012
Input Shape: torch.Size([1, 16]) - Time: 0.0032157988520339132
Total Runtime: 0.08174300193786621
Input Shape: torch.Size([1, 32]) - Time: 0.003452398598892614
Total Runtime: 0.08736038208007812
Input Shape: torch.Size([1, 64]) - Time: 0.0034721729985903948
Total Runtime: 0.08808732032775879
Input Shape: torch.Size([1, 128]) - Time: 0.003449231095146388
Total Runtime: 0.08772969245910645
Input Shape: torch.Size([1, 256]) - Time: 0.003461777704069391
Total Runtime: 0.08855485916137695
Input Shape: torch.Size([1, 512]) - Time: 0.006036362546728924
Total Runtime: 0.14134812355041504
Loading funnel_transformer model.
Input Shape: torch.Size([1, 8]) - Time: 0.013288208149606361
Total Runtime: 0.6787948608398438
Input Shape: torch.Size([1, 16]) - Time: 0.0131448635016568
Total Runtime: 0.3196868896484375
Input Shape: torch.Size([1, 32]) - Time: 0.01380702960304916
Total Runtime: 0.33509063720703125
Input Shape: torch.Size([1, 64]) - Time: 0.013699295948026703
Total Runtime: 0.3337082862854004
Input Shape: torch.Size([1, 128]) - Time: 0.013895783497719093
Total Runtime: 0.338010311126709
Input Shape: torch.Size([1, 256]) - Time: 0.014121883548796177
Total Runtime: 0.3426628112792969
Input Shape: torch.Size([1, 512]) - Time: 0.016628054348984733
Total Runtime: 0.39515137672424316
Loading albert model.
Loading bert model.
Input Shape: torch.Size([1, 1]) - Time: 0.005637780803954229
Total Runtime: 0.4762542247772217
Input Shape: torch.Size([1, 2]) - Time: 0.0059559224988333884
Total Runtime: 0.15098166465759277
Input Shape: torch.Size([1, 4]) - Time: 0.006155616953037679
Total Runtime: 0.15648460388183594
Input Shape: torch.Size([1, 8]) - Time: 0.0062176810461096466
Total Runtime: 0.15826821327209473
Input Shape: torch.Size([1, 16]) - Time: 0.00619660880183801
Total Runtime: 0.15760445594787598
Input Shape: torch.Size([1, 32]) - Time: 0.006520977400941774
Total Runtime: 0.16554594039916992
Input Shape: torch.Size([1, 64]) - Time: 0.006569904048228636
Total Runtime: 0.18107032775878906
Input Shape: torch.Size([1, 128]) - Time: 0.006636927049839869
Total Runtime: 0.16818571090698242
Input Shape: torch.Size([1, 256]) - Time: 0.006755218200851232
Total Runtime: 0.17085933685302734
Input Shape: torch.Size([1, 512]) - Time: 0.01264141615247354
Total Runtime: 0.29409289360046387
Loading roberta model.
Input Shape: torch.Size([1, 1]) - Time: 0.006560280098346994
Total Runtime: 0.49666786193847656
Input Shape: torch.Size([1, 2]) - Time: 0.006121266802074388
Total Runtime: 0.1548631191253662
Input Shape: torch.Size([1, 4]) - Time: 0.006326155649730936
Total Runtime: 0.1626296043395996
Input Shape: torch.Size([1, 8]) - Time: 0.006310947152087465
Total Runtime: 0.19926881790161133
Input Shape: torch.Size([1, 16]) - Time: 0.0062367534032091495
Total Runtime: 0.15848374366760254
Input Shape: torch.Size([1, 32]) - Time: 0.006627959152683616
Total Runtime: 0.16768431663513184
Input Shape: torch.Size([1, 64]) - Time: 0.006700399646069855
Total Runtime: 0.16985368728637695
Input Shape: torch.Size([1, 128]) - Time: 0.006670338701223954
Total Runtime: 0.1691112518310547
Input Shape: torch.Size([1, 256]) - Time: 0.006698900600895286
Total Runtime: 0.16990208625793457
Input Shape: torch.Size([1, 512]) - Time: 0.012614231597399338
Total Runtime: 0.2933008670806885
Loading deberta model.
Input Shape: torch.Size([1, 1]) - Time: 0.01027654409990646
Total Runtime: 0.5918035507202148
Input Shape: torch.Size([1, 2]) - Time: 0.010927926248405129
Total Runtime: 0.26566457748413086
Input Shape: torch.Size([1, 4]) - Time: 0.010968662600498646
Total Runtime: 0.2668323516845703
Input Shape: torch.Size([1, 8]) - Time: 0.01107211600174196
Total Runtime: 0.2696397304534912
Input Shape: torch.Size([1, 16]) - Time: 0.011245914397295564
Total Runtime: 0.27585434913635254
Input Shape: torch.Size([1, 32]) - Time: 0.01149523610365577
Total Runtime: 0.28008556365966797
Input Shape: torch.Size([1, 64]) - Time: 0.011421115498524158
Total Runtime: 0.3176138401031494
Input Shape: torch.Size([1, 128]) - Time: 0.011947739002062007
Total Runtime: 0.2901597023010254
Input Shape: torch.Size([1, 256]) - Time: 0.01165795950219035
Total Runtime: 0.28461456298828125
Input Shape: torch.Size([1, 512]) - Time: 0.022566537949023767
Total Runtime: 0.5192832946777344
Loading distilbert model.
Input Shape: torch.Size([1, 1]) - Time: 0.002897394198225811
Total Runtime: 0.46642160415649414
Input Shape: torch.Size([1, 2]) - Time: 0.003162392950616777
Total Runtime: 0.08022570610046387
Input Shape: torch.Size([1, 4]) - Time: 0.003228596900589764
Total Runtime: 0.08234095573425293
Input Shape: torch.Size([1, 8]) - Time: 0.0032686021004337817
Total Runtime: 0.08296632766723633
Input Shape: torch.Size([1, 16]) - Time: 0.0032484502531588077
Total Runtime: 0.08282589912414551
Input Shape: torch.Size([1, 32]) - Time: 0.0034755914530251175
Total Runtime: 0.08797788619995117
Input Shape: torch.Size([1, 64]) - Time: 0.003501435200450942
Total Runtime: 0.08877992630004883
Input Shape: torch.Size([1, 128]) - Time: 0.003499003348406404
Total Runtime: 0.0886237621307373
Input Shape: torch.Size([1, 256]) - Time: 0.0034155325032770635
Total Runtime: 0.08793950080871582
Input Shape: torch.Size([1, 512]) - Time: 0.006071606749901548
Total Runtime: 0.1422867774963379
Loading funnel_transformer model.
Input Shape: torch.Size([1, 8]) - Time: 0.013299274997552856
Total Runtime: 0.6926794052124023
Input Shape: torch.Size([1, 16]) - Time: 0.01327329704654403
Total Runtime: 0.3228621482849121
Input Shape: torch.Size([1, 32]) - Time: 0.0138112552522216
Total Runtime: 0.3346090316772461
Input Shape: torch.Size([1, 64]) - Time: 0.013672993250656873
Total Runtime: 0.3332498073577881
Input Shape: torch.Size([1, 128]) - Time: 0.013918114500120283
Total Runtime: 0.33823227882385254
Input Shape: torch.Size([1, 256]) - Time: 0.014173388702329249
Total Runtime: 0.34450411796569824
Input Shape: torch.Size([1, 512]) - Time: 0.01670184555114247
Total Runtime: 0.3966338634490967
Loading albert model.
Input Shape: torch.Size([1, 1]) - Time: 0.0064920294971670955
Total Runtime: 0.4940361976623535
Input Shape: torch.Size([1, 2]) - Time: 0.0069036116998177025
Total Runtime: 0.16927742958068848
Input Shape: torch.Size([1, 4]) - Time: 0.00695257029728964
Total Runtime: 0.17171478271484375
Input Shape: torch.Size([1, 8]) - Time: 0.0070632395043503495
Total Runtime: 0.17393231391906738
Input Shape: torch.Size([1, 16]) - Time: 0.006998070352710784
Total Runtime: 0.17257332801818848
Input Shape: torch.Size([1, 32]) - Time: 0.00739955214667134
Total Runtime: 0.18243193626403809
Input Shape: torch.Size([1, 64]) - Time: 0.00745604615076445
Total Runtime: 0.18400788307189941
Input Shape: torch.Size([1, 128]) - Time: 0.007540070702088997
Total Runtime: 0.1856694221496582
Input Shape: torch.Size([1, 256]) - Time: 0.007401085447054356
Total Runtime: 0.18362021446228027
Input Shape: torch.Size([1, 512]) - Time: 0.01473436490050517
Total Runtime: 0.3401668071746826
Loading longformer model.
Input Shape: torch.Size([1, 1]) - Time: 0.02198055440094322
Total Runtime: 0.8215599060058594
Input Shape: torch.Size([1, 2]) - Time: 0.021409945300547406
Total Runtime: 0.5438942909240723
Input Shape: torch.Size([1, 4]) - Time: 0.021514975046738983
Total Runtime: 0.5034306049346924
Input Shape: torch.Size([1, 8]) - Time: 0.021473114751279353
Total Runtime: 0.5026912689208984
Input Shape: torch.Size([1, 16]) - Time: 0.021540423098485917
Total Runtime: 0.5037565231323242
Input Shape: torch.Size([1, 32]) - Time: 0.021506353945005684
Total Runtime: 0.503373384475708
Input Shape: torch.Size([1, 64]) - Time: 0.021564804000081494
Total Runtime: 0.5047833919525146
Input Shape: torch.Size([1, 128]) - Time: 0.021555885800626128
Total Runtime: 0.504669189453125
Input Shape: torch.Size([1, 256]) - Time: 0.021647206699708477
Total Runtime: 0.5063951015472412
Input Shape: torch.Size([1, 512]) - Time: 0.021788099803961812
Total Runtime: 0.5098633766174316
Loading mobile_bert model.
Input Shape: torch.Size([1, 1]) - Time: 0.015617979498347267
Total Runtime: 0.7530183792114258
Input Shape: torch.Size([1, 2]) - Time: 0.015970645099878313
Total Runtime: 0.4062035083770752
Input Shape: torch.Size([1, 4]) - Time: 0.016363033547531814
Total Runtime: 0.4148523807525635
Input Shape: torch.Size([1, 8]) - Time: 0.01607400059583597
Total Runtime: 0.4097578525543213
Input Shape: torch.Size([1, 16]) - Time: 0.016165105398977177
Total Runtime: 0.40981221199035645
Input Shape: torch.Size([1, 32]) - Time: 0.021653273300034925
Total Runtime: 0.5468788146972656
Input Shape: torch.Size([1, 64]) - Time: 0.02156340340152383
Total Runtime: 0.5421206951141357
Input Shape: torch.Size([1, 128]) - Time: 0.02173094850149937
Total Runtime: 0.5513379573822021
Input Shape: torch.Size([1, 256]) - Time: 0.021812023699749262
Total Runtime: 0.5476043224334717
Input Shape: torch.Size([1, 512]) - Time: 0.021784881601342933
Total Runtime: 0.551264762878418
Loading squeeze_bert model.
Input Shape: torch.Size([1, 1]) - Time: 0.0072292056982405485
Total Runtime: 0.6027214527130127
Input Shape: torch.Size([1, 2]) - Time: 0.013480654801242054
Total Runtime: 0.32913780212402344
Input Shape: torch.Size([1, 4]) - Time: 0.013714218599488959
Total Runtime: 0.3306248188018799
Input Shape: torch.Size([1, 8]) - Time: 0.008074969053268433
Total Runtime: 0.20027589797973633
Input Shape: torch.Size([1, 16]) - Time: 0.008040341699961573
Total Runtime: 0.19935941696166992
Input Shape: torch.Size([1, 32]) - Time: 0.009266262402525172
Total Runtime: 0.23031282424926758
Input Shape: torch.Size([1, 64]) - Time: 0.013689279998652637
Total Runtime: 0.3312649726867676
Input Shape: torch.Size([1, 128]) - Time: 0.013611072348430753
Total Runtime: 0.3305058479309082
Input Shape: torch.Size([1, 256]) - Time: 0.013683566049439832
Total Runtime: 0.3311116695404053
Input Shape: torch.Size([1, 512]) - Time: 0.016121152049163357
Total Runtime: 0.38762354850769043
