Loading vit32 model
Input Shape: torch.Size([1, 3, 224, 224]) - Time: 0.24777087990000837
Total Runtime: 5.674459457397461
Input Shape: torch.Size([1, 3, 384, 384]) - Time: 0.6032769101000213
Total Runtime: 13.20116662979126
Input Shape: torch.Size([1, 3, 448, 448]) - Time: 0.8346902797999973
Total Runtime: 18.221721172332764
Input Shape: torch.Size([1, 3, 512, 512]) - Time: 1.1388166166000246
Total Runtime: 24.930208206176758
Loading convit model
Input Shape: torch.Size([1, 3, 224, 224]) - Time: 0.9077194833500016
Total Runtime: 20.028422355651855
Loading efficientnet model
Input Shape: torch.Size([1, 3, 224, 224]) - Time: 0.2479401093999968
Total Runtime: 5.972817659378052
Input Shape: torch.Size([1, 3, 384, 384]) - Time: 0.6464095828500376
Total Runtime: 14.41061019897461
Input Shape: torch.Size([1, 3, 448, 448]) - Time: 0.9376504779999777
Total Runtime: 20.99030303955078
Input Shape: torch.Size([1, 3, 512, 512]) - Time: 1.116387387199984
Total Runtime: 25.359068870544434
Loading efficientnet_lite model
Input Shape: torch.Size([1, 3, 224, 224]) - Time: 0.03551034069996604
Total Runtime: 1.1048715114593506
Input Shape: torch.Size([1, 3, 384, 384]) - Time: 0.11528537049998704
Total Runtime: 2.959033966064453
Input Shape: torch.Size([1, 3, 448, 448]) - Time: 0.1719811259999915
Total Runtime: 4.260209321975708
Input Shape: torch.Size([1, 3, 512, 512]) - Time: 0.18810285620002104
Total Runtime: 4.460336685180664
Loading gernet model
Input Shape: torch.Size([1, 3, 224, 224]) - Time: 0.10762737349996314
Total Runtime: 2.738046884536743
Input Shape: torch.Size([1, 3, 384, 384]) - Time: 0.27266915294999305
Total Runtime: 6.500359296798706
Input Shape: torch.Size([1, 3, 448, 448]) - Time: 0.3865081621000172
Total Runtime: 8.706546783447266
Input Shape: torch.Size([1, 3, 512, 512]) - Time: 0.4779188667000199
Total Runtime: 10.912187814712524
Loading resnet18 model
Input Shape: torch.Size([1, 3, 224, 224]) - Time: 0.07228351840003597
Total Runtime: 1.861558198928833
Input Shape: torch.Size([1, 3, 384, 384]) - Time: 0.17959574275000706
Total Runtime: 4.3306005001068115
Input Shape: torch.Size([1, 3, 448, 448]) - Time: 0.253894841950023
Total Runtime: 5.858251094818115
Input Shape: torch.Size([1, 3, 512, 512]) - Time: 0.32946486225000626
Total Runtime: 7.456316232681274
Loading alexnet model
Input Shape: torch.Size([1, 3, 224, 224]) - Time: 0.0441784255499897
Total Runtime: 1.221867561340332
Input Shape: torch.Size([1, 3, 384, 384]) - Time: 0.0842232852500274
Total Runtime: 2.0717196464538574
Input Shape: torch.Size([1, 3, 448, 448]) - Time: 0.10723705684999914
Total Runtime: 2.5727379322052
Input Shape: torch.Size([1, 3, 512, 512]) - Time: 0.13590558235000572
Total Runtime: 3.2235448360443115
Loading squeezenet model
Input Shape: torch.Size([1, 3, 224, 224]) - Time: 0.04760358929997892
Total Runtime: 1.3055424690246582
Input Shape: torch.Size([1, 3, 384, 384]) - Time: 0.14843770940001377
Total Runtime: 3.5493900775909424
Input Shape: torch.Size([1, 3, 448, 448]) - Time: 0.18807077040000877
Total Runtime: 4.737590551376343
Input Shape: torch.Size([1, 3, 512, 512]) - Time: 0.28902901114997803
Total Runtime: 6.593482732772827
Loading vgg16 model
Input Shape: torch.Size([1, 3, 224, 224]) - Time: 0.5028939872499905
Total Runtime: 11.170176267623901
Input Shape: torch.Size([1, 3, 384, 384]) - Time: 1.4106558149500414
Total Runtime: 31.130873203277588
Input Shape: torch.Size([1, 3, 448, 448]) - Time: 1.929418125400025
Total Runtime: 42.78727388381958
Input Shape: torch.Size([1, 3, 512, 512]) - Time: 2.61657500565002
Total Runtime: 57.76449179649353
Loading densenet model
Input Shape: torch.Size([1, 3, 224, 224]) - Time: 0.3377183914999932
Total Runtime: 7.971292734146118
Input Shape: torch.Size([1, 3, 384, 384]) - Time: 0.8856280887000139
Total Runtime: 19.84501886367798
Input Shape: torch.Size([1, 3, 448, 448]) - Time: 1.2135837339999853
Total Runtime: 27.03630495071411
Input Shape: torch.Size([1, 3, 512, 512]) - Time: 1.5705103995999707
Total Runtime: 35.591442584991455
Loading inception model
Input Shape: torch.Size([1, 3, 224, 224]) - Time: 0.12858863574997487
Total Runtime: 3.3204896450042725
Input Shape: torch.Size([1, 3, 384, 384]) - Time: 0.4013613695999993
Total Runtime: 8.99699068069458
Input Shape: torch.Size([1, 3, 448, 448]) - Time: 0.5420857348500249
Total Runtime: 12.064370393753052
Input Shape: torch.Size([1, 3, 512, 512]) - Time: 0.6916221532500003
Total Runtime: 15.489643096923828
Loading googlenet model
Input Shape: torch.Size([1, 3, 224, 224]) - Time: 0.0991968659000122
Total Runtime: 2.5648481845855713
Input Shape: torch.Size([1, 3, 384, 384]) - Time: 0.2676721644000281
Total Runtime: 6.107248544692993
Input Shape: torch.Size([1, 3, 448, 448]) - Time: 0.37417652275003094
Total Runtime: 8.563122510910034
Input Shape: torch.Size([1, 3, 512, 512]) - Time: 0.48257548490000773
Total Runtime: 10.737433195114136
Loading shufflenet model
Input Shape: torch.Size([1, 3, 224, 224]) - Time: 0.019321938700022655
Total Runtime: 0.7445008754730225
Input Shape: torch.Size([1, 3, 384, 384]) - Time: 0.040585659499993196
Total Runtime: 1.2124786376953125
Input Shape: torch.Size([1, 3, 448, 448]) - Time: 0.055439020650010204
Total Runtime: 1.5018103122711182
Input Shape: torch.Size([1, 3, 512, 512]) - Time: 0.07068881430000147
Total Runtime: 1.8786094188690186
Loading mobilenet_v2 model
Input Shape: torch.Size([1, 3, 224, 224]) - Time: 0.026477690199999415
Total Runtime: 0.936481237411499
Input Shape: torch.Size([1, 3, 384, 384]) - Time: 0.07545564139995804
Total Runtime: 2.1314632892608643
Input Shape: torch.Size([1, 3, 448, 448]) - Time: 0.11596553730000778
Total Runtime: 3.022951126098633
Input Shape: torch.Size([1, 3, 512, 512]) - Time: 0.15204266705000008
Total Runtime: 3.9043147563934326
Loading resnext50_32x4d model
Input Shape: torch.Size([1, 3, 224, 224]) - Time: 0.17905765704999793
Total Runtime: 4.5164899826049805
Input Shape: torch.Size([1, 3, 384, 384]) - Time: 0.4993694420000338
Total Runtime: 11.190563440322876
Input Shape: torch.Size([1, 3, 448, 448]) - Time: 0.6732781144500223
Total Runtime: 15.09304165840149
Input Shape: torch.Size([1, 3, 512, 512]) - Time: 0.8820561320500019
Total Runtime: 19.978004217147827
Loading wide_resnet50_2 model
Input Shape: torch.Size([1, 3, 224, 224]) - Time: 0.4202979998000046
Total Runtime: 9.872303485870361
Input Shape: torch.Size([1, 3, 384, 384]) - Time: 1.0537145035499633
Total Runtime: 23.58059072494507
Input Shape: torch.Size([1, 3, 448, 448]) - Time: 1.433939843600001
Total Runtime: 31.691109895706177
Input Shape: torch.Size([1, 3, 512, 512]) - Time: 1.8309266103000028
Total Runtime: 40.2907829284668
Loading mnasnet model
Input Shape: torch.Size([1, 3, 224, 224]) - Time: 0.019819201600012094
Total Runtime: 0.777961254119873
Input Shape: torch.Size([1, 3, 384, 384]) - Time: 0.060840199400036
Total Runtime: 1.7098643779754639
Input Shape: torch.Size([1, 3, 448, 448]) - Time: 0.08703202460001194
Total Runtime: 2.3016750812530518
Input Shape: torch.Size([1, 3, 512, 512]) - Time: 0.12742536275000022
Total Runtime: 3.283993721008301
Loading convit model
Input Shape: torch.Size([1, 3, 224, 224]) - Time: 0.8063816530499934
Total Runtime: 17.614078044891357
Loading convit model
Input Shape: torch.Size([1, 3, 224, 224]) - Time: 0.7867166851000092
Total Runtime: 17.43478035926819
