Loading vit32 model
Run Parameters: Namespace(act_fn='relu', batch_size=[1, 2, 4, 8, 16, 32, 64, 128], device='cuda', device_config='pytorch/config/devices/cuda.yaml', device_idx=0, dropout=None, exp_name='pretrained-trt', input_size=[224], iters=10, model='vit32', model_config='pytorch/config/models/vision.yaml', num_threads=1, platform='TitanX', randomized_text=True, requires_grad=False, results_dir='pytorch/experiments/pretrained', use_channels_last=False, use_cuda=True, use_dquant=False, use_fp16=False, use_ipex=False, use_jit=False, use_tensorrt=True)
Benchmarking vit32 -- Batch: 1; Input: 224
Loading efficientnet model
Run Parameters: Namespace(act_fn='relu', batch_size=[1, 2, 4, 8, 16, 32, 64, 128], device='cuda', device_config='pytorch/config/devices/cuda.yaml', device_idx=0, dropout=None, exp_name='pretrained-trt', input_size=[224], iters=10, model='efficientnet', model_config='pytorch/config/models/vision.yaml', num_threads=1, platform='TitanX', randomized_text=True, requires_grad=False, results_dir='pytorch/experiments/pretrained', use_channels_last=False, use_cuda=True, use_dquant=False, use_fp16=False, use_ipex=False, use_jit=False, use_tensorrt=True)
Benchmarking efficientnet -- Batch: 1; Input: 224
Loading efficientnet_lite model
Run Parameters: Namespace(act_fn='relu', batch_size=[1, 2, 4, 8, 16, 32, 64, 128], device='cuda', device_config='pytorch/config/devices/cuda.yaml', device_idx=0, dropout=None, exp_name='pretrained-trt', input_size=[224], iters=10, model='efficientnet_lite', model_config='pytorch/config/models/vision.yaml', num_threads=1, platform='TitanX', randomized_text=True, requires_grad=False, results_dir='pytorch/experiments/pretrained', use_channels_last=False, use_cuda=True, use_dquant=False, use_fp16=False, use_ipex=False, use_jit=False, use_tensorrt=True)
Benchmarking efficientnet_lite -- Batch: 1; Input: 224
Loading gernet model
Run Parameters: Namespace(act_fn='relu', batch_size=[1, 2, 4, 8, 16, 32, 64, 128], device='cuda', device_config='pytorch/config/devices/cuda.yaml', device_idx=0, dropout=None, exp_name='pretrained-trt', input_size=[224], iters=10, model='gernet', model_config='pytorch/config/models/vision.yaml', num_threads=1, platform='TitanX', randomized_text=True, requires_grad=False, results_dir='pytorch/experiments/pretrained', use_channels_last=False, use_cuda=True, use_dquant=False, use_fp16=False, use_ipex=False, use_jit=False, use_tensorrt=True)
Benchmarking gernet -- Batch: 1; Input: 224
Loading resnet18 model
Run Parameters: Namespace(act_fn='relu', batch_size=[1, 2, 4, 8, 16, 32, 64, 128], device='cuda', device_config='pytorch/config/devices/cuda.yaml', device_idx=0, dropout=None, exp_name='pretrained-trt', input_size=[224], iters=10, model='resnet18', model_config='pytorch/config/models/vision.yaml', num_threads=1, platform='TitanX', randomized_text=True, requires_grad=False, results_dir='pytorch/experiments/pretrained', use_channels_last=False, use_cuda=True, use_dquant=False, use_fp16=False, use_ipex=False, use_jit=False, use_tensorrt=True)
Benchmarking resnet18 -- Batch: 1; Input: 224
Loading alexnet model
Run Parameters: Namespace(act_fn='relu', batch_size=[1, 2, 4, 8, 16, 32, 64, 128], device='cuda', device_config='pytorch/config/devices/cuda.yaml', device_idx=0, dropout=None, exp_name='pretrained-trt', input_size=[224], iters=10, model='alexnet', model_config='pytorch/config/models/vision.yaml', num_threads=1, platform='TitanX', randomized_text=True, requires_grad=False, results_dir='pytorch/experiments/pretrained', use_channels_last=False, use_cuda=True, use_dquant=False, use_fp16=False, use_ipex=False, use_jit=False, use_tensorrt=True)
Benchmarking alexnet -- Batch: 1; Input: 224
Loading squeezenet model
Run Parameters: Namespace(act_fn='relu', batch_size=[1, 2, 4, 8, 16, 32, 64, 128], device='cuda', device_config='pytorch/config/devices/cuda.yaml', device_idx=0, dropout=None, exp_name='pretrained-trt', input_size=[224], iters=10, model='squeezenet', model_config='pytorch/config/models/vision.yaml', num_threads=1, platform='TitanX', randomized_text=True, requires_grad=False, results_dir='pytorch/experiments/pretrained', use_channels_last=False, use_cuda=True, use_dquant=False, use_fp16=False, use_ipex=False, use_jit=False, use_tensorrt=True)
Benchmarking squeezenet -- Batch: 1; Input: 224
Loading vgg16 model
Run Parameters: Namespace(act_fn='relu', batch_size=[1, 2, 4, 8, 16, 32, 64, 128], device='cuda', device_config='pytorch/config/devices/cuda.yaml', device_idx=0, dropout=None, exp_name='pretrained-trt', input_size=[224], iters=10, model='vgg16', model_config='pytorch/config/models/vision.yaml', num_threads=1, platform='TitanX', randomized_text=True, requires_grad=False, results_dir='pytorch/experiments/pretrained', use_channels_last=False, use_cuda=True, use_dquant=False, use_fp16=False, use_ipex=False, use_jit=False, use_tensorrt=True)
Benchmarking vgg16 -- Batch: 1; Input: 224
Loading densenet model
Run Parameters: Namespace(act_fn='relu', batch_size=[1, 2, 4, 8, 16, 32, 64, 128], device='cuda', device_config='pytorch/config/devices/cuda.yaml', device_idx=0, dropout=None, exp_name='pretrained-trt', input_size=[224], iters=10, model='densenet', model_config='pytorch/config/models/vision.yaml', num_threads=1, platform='TitanX', randomized_text=True, requires_grad=False, results_dir='pytorch/experiments/pretrained', use_channels_last=False, use_cuda=True, use_dquant=False, use_fp16=False, use_ipex=False, use_jit=False, use_tensorrt=True)
Benchmarking densenet -- Batch: 1; Input: 224
Loading inception model
Run Parameters: Namespace(act_fn='relu', batch_size=[1, 2, 4, 8, 16, 32, 64, 128], device='cuda', device_config='pytorch/config/devices/cuda.yaml', device_idx=0, dropout=None, exp_name='pretrained-trt', input_size=[224], iters=10, model='inception', model_config='pytorch/config/models/vision.yaml', num_threads=1, platform='TitanX', randomized_text=True, requires_grad=False, results_dir='pytorch/experiments/pretrained', use_channels_last=False, use_cuda=True, use_dquant=False, use_fp16=False, use_ipex=False, use_jit=False, use_tensorrt=True)
Benchmarking inception -- Batch: 1; Input: 224
Loading googlenet model
Run Parameters: Namespace(act_fn='relu', batch_size=[1, 2, 4, 8, 16, 32, 64, 128], device='cuda', device_config='pytorch/config/devices/cuda.yaml', device_idx=0, dropout=None, exp_name='pretrained-trt', input_size=[224], iters=10, model='googlenet', model_config='pytorch/config/models/vision.yaml', num_threads=1, platform='TitanX', randomized_text=True, requires_grad=False, results_dir='pytorch/experiments/pretrained', use_channels_last=False, use_cuda=True, use_dquant=False, use_fp16=False, use_ipex=False, use_jit=False, use_tensorrt=True)
Benchmarking googlenet -- Batch: 1; Input: 224
Loading shufflenet model
Run Parameters: Namespace(act_fn='relu', batch_size=[1, 2, 4, 8, 16, 32, 64, 128], device='cuda', device_config='pytorch/config/devices/cuda.yaml', device_idx=0, dropout=None, exp_name='pretrained-trt', input_size=[224], iters=10, model='shufflenet', model_config='pytorch/config/models/vision.yaml', num_threads=1, platform='TitanX', randomized_text=True, requires_grad=False, results_dir='pytorch/experiments/pretrained', use_channels_last=False, use_cuda=True, use_dquant=False, use_fp16=False, use_ipex=False, use_jit=False, use_tensorrt=True)
Benchmarking shufflenet -- Batch: 1; Input: 224
Loading mobilenet_v2 model
Run Parameters: Namespace(act_fn='relu', batch_size=[1, 2, 4, 8, 16, 32, 64, 128], device='cuda', device_config='pytorch/config/devices/cuda.yaml', device_idx=0, dropout=None, exp_name='pretrained-trt', input_size=[224], iters=10, model='mobilenet_v2', model_config='pytorch/config/models/vision.yaml', num_threads=1, platform='TitanX', randomized_text=True, requires_grad=False, results_dir='pytorch/experiments/pretrained', use_channels_last=False, use_cuda=True, use_dquant=False, use_fp16=False, use_ipex=False, use_jit=False, use_tensorrt=True)
Benchmarking mobilenet_v2 -- Batch: 1; Input: 224
Loading resnext50_32x4d model
Run Parameters: Namespace(act_fn='relu', batch_size=[1, 2, 4, 8, 16, 32, 64, 128], device='cuda', device_config='pytorch/config/devices/cuda.yaml', device_idx=0, dropout=None, exp_name='pretrained-trt', input_size=[224], iters=10, model='resnext50_32x4d', model_config='pytorch/config/models/vision.yaml', num_threads=1, platform='TitanX', randomized_text=True, requires_grad=False, results_dir='pytorch/experiments/pretrained', use_channels_last=False, use_cuda=True, use_dquant=False, use_fp16=False, use_ipex=False, use_jit=False, use_tensorrt=True)
Benchmarking resnext50_32x4d -- Batch: 1; Input: 224
Loading wide_resnet50_2 model
Run Parameters: Namespace(act_fn='relu', batch_size=[1, 2, 4, 8, 16, 32, 64, 128], device='cuda', device_config='pytorch/config/devices/cuda.yaml', device_idx=0, dropout=None, exp_name='pretrained-trt', input_size=[224], iters=10, model='wide_resnet50_2', model_config='pytorch/config/models/vision.yaml', num_threads=1, platform='TitanX', randomized_text=True, requires_grad=False, results_dir='pytorch/experiments/pretrained', use_channels_last=False, use_cuda=True, use_dquant=False, use_fp16=False, use_ipex=False, use_jit=False, use_tensorrt=True)
Benchmarking wide_resnet50_2 -- Batch: 1; Input: 224
Loading mnasnet model
Run Parameters: Namespace(act_fn='relu', batch_size=[1, 2, 4, 8, 16, 32, 64, 128], device='cuda', device_config='pytorch/config/devices/cuda.yaml', device_idx=0, dropout=None, exp_name='pretrained-trt', input_size=[224], iters=10, model='mnasnet', model_config='pytorch/config/models/vision.yaml', num_threads=1, platform='TitanX', randomized_text=True, requires_grad=False, results_dir='pytorch/experiments/pretrained', use_channels_last=False, use_cuda=True, use_dquant=False, use_fp16=False, use_ipex=False, use_jit=False, use_tensorrt=True)
Benchmarking mnasnet -- Batch: 1; Input: 224
Loading bert model
Run Parameters: Namespace(act_fn='relu', batch_size=[1, 2, 4, 8, 16, 32], device='cuda', device_config='pytorch/config/devices/cuda.yaml', device_idx=0, dropout=None, exp_name='pretrained-trt', input_size=[128], iters=10, model='bert', model_config='pytorch/config/models/transformers.yaml', num_threads=1, platform='TitanX', randomized_text=True, requires_grad=False, results_dir='pytorch/experiments/pretrained', use_channels_last=False, use_cuda=True, use_dquant=False, use_fp16=False, use_ipex=False, use_jit=False, use_tensorrt=True)
Benchmarking bert -- Batch: 1; Input: 128
Loading distilbert model
Run Parameters: Namespace(act_fn='relu', batch_size=[1, 2, 4, 8, 16, 32], device='cuda', device_config='pytorch/config/devices/cuda.yaml', device_idx=0, dropout=None, exp_name='pretrained-trt', input_size=[128], iters=10, model='distilbert', model_config='pytorch/config/models/transformers.yaml', num_threads=1, platform='TitanX', randomized_text=True, requires_grad=False, results_dir='pytorch/experiments/pretrained', use_channels_last=False, use_cuda=True, use_dquant=False, use_fp16=False, use_ipex=False, use_jit=False, use_tensorrt=True)
Benchmarking distilbert -- Batch: 1; Input: 128
Loading funnel_transformer model
Run Parameters: Namespace(act_fn='relu', batch_size=[1, 2, 4, 8, 16, 32], device='cuda', device_config='pytorch/config/devices/cuda.yaml', device_idx=0, dropout=None, exp_name='pretrained-trt', input_size=[128], iters=10, model='funnel_transformer', model_config='pytorch/config/models/transformers.yaml', num_threads=1, platform='TitanX', randomized_text=True, requires_grad=False, results_dir='pytorch/experiments/pretrained', use_channels_last=False, use_cuda=True, use_dquant=False, use_fp16=False, use_ipex=False, use_jit=False, use_tensorrt=True)
Benchmarking funnel_transformer -- Batch: 1; Input: 128
Loading albert model
Run Parameters: Namespace(act_fn='relu', batch_size=[1, 2, 4, 8, 16, 32], device='cuda', device_config='pytorch/config/devices/cuda.yaml', device_idx=0, dropout=None, exp_name='pretrained-trt', input_size=[128], iters=10, model='albert', model_config='pytorch/config/models/transformers.yaml', num_threads=1, platform='TitanX', randomized_text=True, requires_grad=False, results_dir='pytorch/experiments/pretrained', use_channels_last=False, use_cuda=True, use_dquant=False, use_fp16=False, use_ipex=False, use_jit=False, use_tensorrt=True)
Benchmarking albert -- Batch: 1; Input: 128
Loading longformer model
Run Parameters: Namespace(act_fn='relu', batch_size=[1, 2, 4, 8, 16, 32], device='cuda', device_config='pytorch/config/devices/cuda.yaml', device_idx=0, dropout=None, exp_name='pretrained-trt', input_size=[128], iters=10, model='longformer', model_config='pytorch/config/models/transformers.yaml', num_threads=1, platform='TitanX', randomized_text=True, requires_grad=False, results_dir='pytorch/experiments/pretrained', use_channels_last=False, use_cuda=True, use_dquant=False, use_fp16=False, use_ipex=False, use_jit=False, use_tensorrt=True)
Benchmarking longformer -- Batch: 1; Input: 128
Loading mobile_bert model
Run Parameters: Namespace(act_fn='relu', batch_size=[1, 2, 4, 8, 16, 32], device='cuda', device_config='pytorch/config/devices/cuda.yaml', device_idx=0, dropout=None, exp_name='pretrained-trt', input_size=[128], iters=10, model='mobile_bert', model_config='pytorch/config/models/transformers.yaml', num_threads=1, platform='TitanX', randomized_text=True, requires_grad=False, results_dir='pytorch/experiments/pretrained', use_channels_last=False, use_cuda=True, use_dquant=False, use_fp16=False, use_ipex=False, use_jit=False, use_tensorrt=True)
Benchmarking mobile_bert -- Batch: 1; Input: 128
Loading squeeze_bert model
Run Parameters: Namespace(act_fn='relu', batch_size=[1, 2, 4, 8, 16, 32], device='cuda', device_config='pytorch/config/devices/cuda.yaml', device_idx=0, dropout=None, exp_name='pretrained-trt', input_size=[128], iters=10, model='squeeze_bert', model_config='pytorch/config/models/transformers.yaml', num_threads=1, platform='TitanX', randomized_text=True, requires_grad=False, results_dir='pytorch/experiments/pretrained', use_channels_last=False, use_cuda=True, use_dquant=False, use_fp16=False, use_ipex=False, use_jit=False, use_tensorrt=True)
Benchmarking squeeze_bert -- Batch: 1; Input: 128
